[2022-06-29 17:39:16] - create model...
[2022-06-29 17:39:20] - Epoch: 0
[2022-06-29 17:39:20] - training...
[2022-06-29 17:39:20] - [0.3619186 0.3619186 0.       ] 0.38379642367362976
[2022-06-29 17:39:20] - evaluating...
[2022-06-29 17:39:20] - valid 0.204842, test 0.345721
[2022-06-29 17:39:20] - Epoch: 1
[2022-06-29 17:39:20] - training...
[2022-06-29 17:39:20] - [0.26791587 0.26791587 0.        ] 0.3263758961111307
[2022-06-29 17:39:20] - evaluating...
[2022-06-29 17:39:20] - valid 0.174675, test 0.313084
[2022-06-29 17:39:20] - Epoch: 2
[2022-06-29 17:39:20] - training...
[2022-06-29 17:39:20] - [0.25961066 0.25961066 0.        ] 0.32754896953701973
[2022-06-29 17:39:20] - evaluating...
[2022-06-29 17:39:20] - valid 0.152724, test 0.287348
[2022-06-29 17:39:20] - Epoch: 3
[2022-06-29 17:39:20] - training...
[2022-06-29 17:39:21] - [0.21097144 0.21097144 0.        ] 0.280838655307889
[2022-06-29 17:39:21] - evaluating...
[2022-06-29 17:39:21] - valid 0.123746, test 0.263502
[2022-06-29 17:39:21] - Epoch: 4
[2022-06-29 17:39:21] - training...
[2022-06-29 17:39:21] - [0.22206646 0.22206646 0.        ] 0.3068060539662838
[2022-06-29 17:39:21] - evaluating...
[2022-06-29 17:39:21] - valid 0.109937, test 0.256750
[2022-06-29 17:39:21] - Epoch: 5
[2022-06-29 17:39:21] - training...
[2022-06-29 17:39:21] - [0.1947953 0.1947953 0.       ] 0.2874141428619623
[2022-06-29 17:39:21] - evaluating...
[2022-06-29 17:39:21] - valid 0.098280, test 0.248633
[2022-06-29 17:39:21] - Epoch: 6
[2022-06-29 17:39:21] - training...
[2022-06-29 17:39:21] - [0.18666224 0.18666224 0.        ] 0.25807175040245056
[2022-06-29 17:39:21] - evaluating...
[2022-06-29 17:39:21] - valid 0.179883, test 0.315022
[2022-06-29 17:39:21] - Epoch: 7
[2022-06-29 17:39:21] - training...
[2022-06-29 17:39:21] - [0.23630283 0.23630283 0.        ] 0.30294479615986347
[2022-06-29 17:39:21] - evaluating...
[2022-06-29 17:39:21] - valid 0.148215, test 0.298026
[2022-06-29 17:39:21] - Epoch: 8
[2022-06-29 17:39:21] - training...
[2022-06-29 17:39:21] - [0.19432058 0.19432058 0.        ] 0.2819260638207197
[2022-06-29 17:39:21] - evaluating...
[2022-06-29 17:39:22] - valid 0.092277, test 0.231096
[2022-06-29 17:39:22] - Epoch: 9
[2022-06-29 17:39:22] - training...
[2022-06-29 17:39:22] - [0.21447959 0.21447959 0.        ] 0.29229796305298805
[2022-06-29 17:39:22] - evaluating...
[2022-06-29 17:39:22] - valid 0.155060, test 0.281889
[2022-06-29 17:39:22] - Epoch: 10
[2022-06-29 17:39:22] - training...
[2022-06-29 17:39:22] - [0.18437825 0.18437825 0.        ] 0.27964816987514496
[2022-06-29 17:39:22] - evaluating...
[2022-06-29 17:39:22] - valid 0.194893, test 0.326041
[2022-06-29 17:39:22] - Epoch: 11
[2022-06-29 17:39:22] - training...
[2022-06-29 17:39:22] - [0.19807197 0.19807197 0.        ] 0.29535222612321377
[2022-06-29 17:39:22] - evaluating...
[2022-06-29 17:39:22] - valid 0.116622, test 0.256137
[2022-06-29 17:39:22] - Epoch: 12
[2022-06-29 17:39:22] - training...
[2022-06-29 17:39:22] - [0.14775964 0.14775964 0.        ] 0.2589296028017998
[2022-06-29 17:39:22] - evaluating...
[2022-06-29 17:39:22] - valid 0.107368, test 0.227774
[2022-06-29 17:39:22] - Epoch: 13
[2022-06-29 17:39:22] - training...
[2022-06-29 17:39:22] - [0.1655983 0.1655983 0.       ] 0.2574592176824808
[2022-06-29 17:39:22] - evaluating...
[2022-06-29 17:39:22] - valid 0.355368, test 0.484567
[2022-06-29 17:39:22] - Epoch: 14
[2022-06-29 17:39:22] - training...
[2022-06-29 17:39:23] - [0.17671511 0.17671511 0.        ] 0.2899995241314173
[2022-06-29 17:39:23] - evaluating...
[2022-06-29 17:39:23] - valid 0.121962, test 0.255410
[2022-06-29 17:39:23] - Epoch: 15
[2022-06-29 17:39:23] - training...
[2022-06-29 17:39:23] - [0.1688068 0.1688068 0.       ] 0.2771924640983343
[2022-06-29 17:39:23] - evaluating...
[2022-06-29 17:39:23] - valid 0.131316, test 0.258289
[2022-06-29 17:39:23] - Epoch: 16
[2022-06-29 17:39:23] - training...
[2022-06-29 17:39:23] - [0.15336776 0.15336776 0.        ] 0.272425027564168
[2022-06-29 17:39:23] - evaluating...
[2022-06-29 17:39:23] - valid 0.111491, test 0.242498
[2022-06-29 17:39:23] - Epoch: 17
[2022-06-29 17:39:23] - training...
[2022-06-29 17:39:23] - [0.1536578 0.1536578 0.       ] 0.26716883666813374
[2022-06-29 17:39:23] - evaluating...
[2022-06-29 17:39:23] - valid 0.587204, test 0.578398
[2022-06-29 17:39:23] - Epoch: 18
[2022-06-29 17:39:23] - training...
[2022-06-29 17:39:23] - [0.1618109 0.1618109 0.       ] 0.27264232002198696
[2022-06-29 17:39:23] - evaluating...
[2022-06-29 17:39:23] - valid 0.234692, test 0.286558
[2022-06-29 17:39:23] - Epoch: 19
[2022-06-29 17:39:23] - training...
[2022-06-29 17:39:23] - [0.14889828 0.14889828 0.        ] 0.2693879846483469
[2022-06-29 17:39:23] - evaluating...
[2022-06-29 17:39:24] - valid 0.260175, test 0.304583
[2022-06-29 17:39:24] - Epoch: 20
[2022-06-29 17:39:24] - training...
[2022-06-29 17:39:24] - [0.1070476 0.1070476 0.       ] 0.2023929227143526
[2022-06-29 17:39:24] - evaluating...
[2022-06-29 17:39:24] - valid 0.299214, test 0.312198
[2022-06-29 17:39:24] - Epoch: 21
[2022-06-29 17:39:24] - training...
[2022-06-29 17:39:24] - [0.11294177 0.11294177 0.        ] 0.23101178742945194
[2022-06-29 17:39:24] - evaluating...
[2022-06-29 17:39:24] - valid 0.141342, test 0.250884
[2022-06-29 17:39:24] - Epoch: 22
[2022-06-29 17:39:24] - training...
[2022-06-29 17:39:24] - [0.1012616 0.1012616 0.       ] 0.20258280634880066
[2022-06-29 17:39:24] - evaluating...
[2022-06-29 17:39:24] - valid 0.262143, test 0.271679
[2022-06-29 17:39:24] - Epoch: 23
[2022-06-29 17:39:24] - training...
[2022-06-29 17:39:24] - [0.13620913 0.13620913 0.        ] 0.23604928888380527
[2022-06-29 17:39:24] - evaluating...
[2022-06-29 17:39:24] - valid 0.320181, test 0.311717
[2022-06-29 17:39:24] - Epoch: 24
[2022-06-29 17:39:24] - training...
[2022-06-29 17:39:24] - [0.10591196 0.10591196 0.        ] 0.21125438623130322
[2022-06-29 17:39:24] - evaluating...
[2022-06-29 17:39:24] - valid 0.295546, test 0.277411
[2022-06-29 17:39:24] - Epoch: 25
[2022-06-29 17:39:24] - training...
[2022-06-29 17:39:24] - [0.09647894 0.09647894 0.        ] 0.21090160310268402
[2022-06-29 17:39:24] - evaluating...
[2022-06-29 17:39:25] - valid 0.608260, test 0.526776
[2022-06-29 17:39:25] - Epoch: 26
[2022-06-29 17:39:25] - training...
[2022-06-29 17:39:25] - [0.09739174 0.09739174 0.        ] 0.1922861784696579
[2022-06-29 17:39:25] - evaluating...
[2022-06-29 17:39:25] - valid 0.331125, test 0.300081
[2022-06-29 17:39:25] - Epoch: 27
[2022-06-29 17:39:25] - training...
[2022-06-29 17:39:25] - [0.09487905 0.09487905 0.        ] 0.1863655485212803
[2022-06-29 17:39:25] - evaluating...
[2022-06-29 17:39:25] - valid 0.089344, test 0.185123
[2022-06-29 17:39:25] - Epoch: 28
[2022-06-29 17:39:25] - training...
[2022-06-29 17:39:25] - [0.09824072 0.09824072 0.        ] 0.19929485954344273
[2022-06-29 17:39:25] - evaluating...
[2022-06-29 17:39:25] - valid 0.261546, test 0.257167
[2022-06-29 17:39:25] - Epoch: 29
[2022-06-29 17:39:25] - training...
[2022-06-29 17:39:25] - [0.10277364 0.10277364 0.        ] 0.20865151286125183
[2022-06-29 17:39:25] - evaluating...
[2022-06-29 17:39:25] - valid 0.182746, test 0.219840
[2022-06-29 17:39:25] - Epoch: 30
[2022-06-29 17:39:25] - training...
[2022-06-29 17:39:25] - [0.10382039 0.10382039 0.        ] 0.2048086766153574
[2022-06-29 17:39:25] - evaluating...
[2022-06-29 17:39:26] - valid 0.092139, test 0.199337
[2022-06-29 17:39:26] - Epoch: 31
[2022-06-29 17:39:26] - training...
[2022-06-29 17:39:26] - [0.09340141 0.09340141 0.        ] 0.19892744906246662
[2022-06-29 17:39:26] - evaluating...
[2022-06-29 17:39:26] - valid 0.155580, test 0.231090
[2022-06-29 17:39:26] - Epoch: 32
[2022-06-29 17:39:26] - training...
[2022-06-29 17:39:26] - [0.09973666 0.09973666 0.        ] 0.20509054139256477
[2022-06-29 17:39:26] - evaluating...
[2022-06-29 17:39:26] - valid 0.445572, test 0.399125
[2022-06-29 17:39:26] - Epoch: 33
[2022-06-29 17:39:26] - training...
[2022-06-29 17:39:26] - [0.09932114 0.09932114 0.        ] 0.1929263062775135
[2022-06-29 17:39:26] - evaluating...
[2022-06-29 17:39:26] - valid 0.169855, test 0.204173
[2022-06-29 17:39:26] - Epoch: 34
[2022-06-29 17:39:26] - training...
[2022-06-29 17:39:26] - [0.10230272 0.10230272 0.        ] 0.20789515413343906
[2022-06-29 17:39:26] - evaluating...
[2022-06-29 17:39:26] - valid 0.178085, test 0.258308
[2022-06-29 17:39:26] - Epoch: 35
[2022-06-29 17:39:26] - training...
[2022-06-29 17:39:26] - [0.10403182 0.10403182 0.        ] 0.21386822313070297
[2022-06-29 17:39:26] - evaluating...
[2022-06-29 17:39:26] - valid 0.337466, test 0.317546
[2022-06-29 17:39:26] - Epoch: 36
[2022-06-29 17:39:26] - training...
[2022-06-29 17:39:27] - [0.08941904 0.08941904 0.        ] 0.18929468467831612
[2022-06-29 17:39:27] - evaluating...
[2022-06-29 17:39:27] - valid 0.137522, test 0.188548
[2022-06-29 17:39:27] - Epoch: 37
[2022-06-29 17:39:27] - training...
[2022-06-29 17:39:27] - [0.09489671 0.09489671 0.        ] 0.19863821752369404
[2022-06-29 17:39:27] - evaluating...
[2022-06-29 17:39:27] - valid 0.261550, test 0.333012
[2022-06-29 17:39:27] - Epoch: 38
[2022-06-29 17:39:27] - training...
[2022-06-29 17:39:27] - [0.09000644 0.09000644 0.        ] 0.20019859820604324
[2022-06-29 17:39:27] - evaluating...
[2022-06-29 17:39:27] - valid 0.336724, test 0.430026
[2022-06-29 17:39:27] - Epoch: 39
[2022-06-29 17:39:27] - training...
[2022-06-29 17:39:27] - [0.09087432 0.09087432 0.        ] 0.1733237449079752
[2022-06-29 17:39:27] - evaluating...
[2022-06-29 17:39:27] - valid 0.095936, test 0.203226
[2022-06-29 17:39:27] - Epoch: 40
[2022-06-29 17:39:27] - training...
[2022-06-29 17:39:27] - [0.11704808 0.11704808 0.        ] 0.22017289139330387
[2022-06-29 17:39:27] - evaluating...
[2022-06-29 17:39:27] - valid 0.109364, test 0.197500
[2022-06-29 17:39:27] - Epoch: 41
[2022-06-29 17:39:27] - training...
[2022-06-29 17:39:27] - [0.09884587 0.09884587 0.        ] 0.20634243451058865
[2022-06-29 17:39:27] - evaluating...
[2022-06-29 17:39:27] - valid 0.112852, test 0.209513
[2022-06-29 17:39:27] - Epoch: 42
[2022-06-29 17:39:27] - training...
[2022-06-29 17:39:28] - [0.09346589 0.09346589 0.        ] 0.19413194060325623
[2022-06-29 17:39:28] - evaluating...
[2022-06-29 17:39:28] - valid 0.471247, test 0.428028
[2022-06-29 17:39:28] - Epoch: 43
[2022-06-29 17:39:28] - training...
[2022-06-29 17:39:28] - [0.09975825 0.09975825 0.        ] 0.2066480964422226
[2022-06-29 17:39:28] - evaluating...
[2022-06-29 17:39:28] - valid 0.293682, test 0.289708
[2022-06-29 17:39:28] - Epoch: 44
[2022-06-29 17:39:28] - training...
[2022-06-29 17:39:28] - [0.10400378 0.10400378 0.        ] 0.1923043243587017
[2022-06-29 17:39:28] - evaluating...
[2022-06-29 17:39:28] - valid 0.165393, test 0.262685
[2022-06-29 17:39:28] - Epoch: 45
[2022-06-29 17:39:28] - training...
[2022-06-29 17:39:28] - [0.08130825 0.08130825 0.        ] 0.19078286737203598
[2022-06-29 17:39:28] - evaluating...
[2022-06-29 17:39:28] - valid 0.297509, test 0.410689
[2022-06-29 17:39:28] - Epoch: 46
[2022-06-29 17:39:28] - training...
[2022-06-29 17:39:28] - [0.09308812 0.09308812 0.        ] 0.1976350024342537
[2022-06-29 17:39:28] - evaluating...
[2022-06-29 17:39:28] - valid 0.196908, test 0.307043
[2022-06-29 17:39:28] - Epoch: 47
[2022-06-29 17:39:28] - training...
[2022-06-29 17:39:28] - [0.08707455 0.08707455 0.        ] 0.17079820670187473
[2022-06-29 17:39:28] - evaluating...
[2022-06-29 17:39:29] - valid 0.164641, test 0.296284
[2022-06-29 17:39:29] - Epoch: 48
[2022-06-29 17:39:29] - training...
[2022-06-29 17:39:29] - [0.08888893 0.08888893 0.        ] 0.17740540206432343
[2022-06-29 17:39:29] - evaluating...
[2022-06-29 17:39:29] - valid 0.116396, test 0.219451
[2022-06-29 17:39:29] - early stop
[2022-06-29 17:39:29] - best val score: 0.010414280463010073 @ 8
[2022-06-29 17:39:29] - inference...
[2022-06-29 17:39:29] - Finished.
[2022-06-29 17:41:07] - create model...
[2022-06-29 17:41:07] - Epoch: 0
[2022-06-29 17:41:07] - training...
[2022-06-29 17:41:07] - [2370.35626221 2370.35626221    0.        ] 14.060810089111328
[2022-06-29 17:41:07] - evaluating...
[2022-06-29 17:41:08] - valid 11.574397, test 25.777291
[2022-06-29 17:41:08] - Epoch: 1
[2022-06-29 17:41:08] - training...
[2022-06-29 17:41:08] - [2007.52453613 2007.52453613    0.        ] 14.484654903411865
[2022-06-29 17:41:08] - evaluating...
[2022-06-29 17:41:08] - valid 14.679237, test 25.742581
[2022-06-29 17:41:08] - Epoch: 2
[2022-06-29 17:41:08] - training...
[2022-06-29 17:41:08] - [2152.11193848 2152.11193848    0.        ] 11.061116218566895
[2022-06-29 17:41:08] - evaluating...
[2022-06-29 17:41:08] - valid 12.756243, test 25.707807
[2022-06-29 17:41:08] - Epoch: 3
[2022-06-29 17:41:08] - training...
[2022-06-29 17:41:08] - [2001.3269043 2001.3269043    0.       ] 14.283138036727905
[2022-06-29 17:41:08] - evaluating...
[2022-06-29 17:41:08] - valid 12.277299, test 25.671766
[2022-06-29 17:41:08] - Epoch: 4
[2022-06-29 17:41:08] - training...
[2022-06-29 17:41:08] - [2598.56420898 2598.56420898    0.        ] 12.698698997497559
[2022-06-29 17:41:08] - evaluating...
[2022-06-29 17:41:08] - valid 12.471838, test 25.647880
[2022-06-29 17:41:08] - Epoch: 5
[2022-06-29 17:41:08] - training...
[2022-06-29 17:41:08] - [2323.21813965 2323.21813965    0.        ] 10.901978492736816
[2022-06-29 17:41:08] - evaluating...
[2022-06-29 17:41:08] - valid 12.264333, test 25.632245
[2022-06-29 17:41:08] - Epoch: 6
[2022-06-29 17:41:08] - training...
[2022-06-29 17:41:08] - [2600.47216797 2600.47216797    0.        ] 12.51756238937378
[2022-06-29 17:41:08] - evaluating...
[2022-06-29 17:41:08] - valid 12.085581, test 25.620761
[2022-06-29 17:41:08] - Epoch: 7
[2022-06-29 17:41:08] - training...
[2022-06-29 17:41:08] - [1829.77178955 1829.77178955    0.        ] 12.730167388916016
[2022-06-29 17:41:08] - evaluating...
[2022-06-29 17:41:08] - valid 11.463709, test 25.608693
[2022-06-29 17:41:08] - Epoch: 8
[2022-06-29 17:41:08] - training...
[2022-06-29 17:41:08] - [1548.2678833 1548.2678833    0.       ] 10.697121620178223
[2022-06-29 17:41:08] - evaluating...
[2022-06-29 17:41:08] - valid 12.265005, test 25.595516
[2022-06-29 17:41:08] - Epoch: 9
[2022-06-29 17:41:08] - training...
[2022-06-29 17:41:08] - [1463.43457031 1463.43457031    0.        ] 12.325413703918457
[2022-06-29 17:41:08] - evaluating...
[2022-06-29 17:41:08] - valid 12.284223, test 25.579830
[2022-06-29 17:41:08] - Epoch: 10
[2022-06-29 17:41:08] - training...
[2022-06-29 17:41:08] - [1568.5557251 1568.5557251    0.       ] 12.240075588226318
[2022-06-29 17:41:08] - evaluating...
[2022-06-29 17:41:08] - valid 12.184741, test 25.563998
[2022-06-29 17:41:08] - Epoch: 11
[2022-06-29 17:41:08] - training...
[2022-06-29 17:41:08] - [2683.93457031 2683.93457031    0.        ] 12.014565467834473
[2022-06-29 17:41:08] - evaluating...
[2022-06-29 17:41:08] - valid 11.894095, test 25.550492
[2022-06-29 17:41:08] - Epoch: 12
[2022-06-29 17:41:08] - training...
[2022-06-29 17:41:08] - [2046.37963867 2046.37963867    0.        ] 12.997383117675781
[2022-06-29 17:41:08] - evaluating...
[2022-06-29 17:41:08] - valid 12.629423, test 25.538789
[2022-06-29 17:41:08] - Epoch: 13
[2022-06-29 17:41:08] - training...
[2022-06-29 17:41:09] - [2181.44976807 2181.44976807    0.        ] 14.902994155883789
[2022-06-29 17:41:09] - evaluating...
[2022-06-29 17:41:09] - valid 12.195336, test 25.535837
[2022-06-29 17:41:09] - Epoch: 14
[2022-06-29 17:41:09] - training...
[2022-06-29 17:41:09] - [2523.16259766 2523.16259766    0.        ] 11.758735656738281
[2022-06-29 17:41:09] - evaluating...
[2022-06-29 17:41:09] - valid 11.321234, test 25.534020
[2022-06-29 17:41:09] - Epoch: 15
[2022-06-29 17:41:09] - training...
[2022-06-29 17:41:09] - [2055.47070312 2055.47070312    0.        ] 11.084009647369385
[2022-06-29 17:41:09] - evaluating...
[2022-06-29 17:41:09] - valid 13.421017, test 25.534411
[2022-06-29 17:41:09] - Epoch: 16
[2022-06-29 17:41:09] - training...
[2022-06-29 17:41:09] - [2145.4876709 2145.4876709    0.       ] 13.28227710723877
[2022-06-29 17:41:09] - evaluating...
[2022-06-29 17:41:09] - valid 12.781499, test 25.537367
[2022-06-29 17:41:09] - Epoch: 17
[2022-06-29 17:41:09] - training...
[2022-06-29 17:41:09] - [1939.56585693 1939.56585693    0.        ] 9.668405055999756
[2022-06-29 17:41:09] - evaluating...
[2022-06-29 17:41:09] - valid 12.392981, test 25.544579
[2022-06-29 17:41:09] - Epoch: 18
[2022-06-29 17:41:09] - training...
[2022-06-29 17:41:09] - [1988.605896 1988.605896    0.      ] 11.273767948150635
[2022-06-29 17:41:09] - evaluating...
[2022-06-29 17:41:09] - valid 12.918722, test 25.549349
[2022-06-29 17:41:09] - Epoch: 19
[2022-06-29 17:41:09] - training...
[2022-06-29 17:41:09] - [1941.66278076 1941.66278076    0.        ] 12.143290042877197
[2022-06-29 17:41:09] - evaluating...
[2022-06-29 17:41:09] - valid 11.764015, test 25.532893
[2022-06-29 17:41:09] - Epoch: 20
[2022-06-29 17:41:09] - training...
[2022-06-29 17:41:09] - [1955.87976074 1955.87976074    0.        ] 13.7966947555542
[2022-06-29 17:41:09] - evaluating...
[2022-06-29 17:41:09] - valid 12.026820, test 25.520844
[2022-06-29 17:41:09] - Epoch: 21
[2022-06-29 17:41:09] - training...
[2022-06-29 17:41:09] - [1429.14251709 1429.14251709    0.        ] 12.376122951507568
[2022-06-29 17:41:09] - evaluating...
[2022-06-29 17:41:09] - valid 12.009007, test 25.498779
[2022-06-29 17:41:09] - Epoch: 22
[2022-06-29 17:41:09] - training...
[2022-06-29 17:41:09] - [1823.87756348 1823.87756348    0.        ] 13.526161193847656
[2022-06-29 17:41:09] - evaluating...
[2022-06-29 17:41:09] - valid 11.271227, test 25.451677
[2022-06-29 17:41:09] - Epoch: 23
[2022-06-29 17:41:09] - training...
[2022-06-29 17:41:09] - [2395.06555176 2395.06555176    0.        ] 13.770267486572266
[2022-06-29 17:41:09] - evaluating...
[2022-06-29 17:41:09] - valid 12.282672, test 25.380483
[2022-06-29 17:41:09] - Epoch: 24
[2022-06-29 17:41:09] - training...
[2022-06-29 17:41:09] - [1322.47052002 1322.47052002    0.        ] 14.433670997619629
[2022-06-29 17:41:09] - evaluating...
[2022-06-29 17:41:09] - valid 11.904474, test 25.275330
[2022-06-29 17:41:09] - Epoch: 25
[2022-06-29 17:41:09] - training...
[2022-06-29 17:41:09] - [2030.06542969 2030.06542969    0.        ] 11.436965942382812
[2022-06-29 17:41:09] - evaluating...
[2022-06-29 17:41:10] - valid 12.069189, test 25.195883
[2022-06-29 17:41:10] - Epoch: 26
[2022-06-29 17:41:10] - training...
[2022-06-29 17:41:10] - [2578.70935059 2578.70935059    0.        ] 12.952280521392822
[2022-06-29 17:41:10] - evaluating...
[2022-06-29 17:41:10] - valid 12.458320, test 25.127050
[2022-06-29 17:41:10] - Epoch: 27
[2022-06-29 17:41:10] - training...
[2022-06-29 17:41:10] - [2310.45166016 2310.45166016    0.        ] 11.233710289001465
[2022-06-29 17:41:10] - evaluating...
[2022-06-29 17:41:10] - valid 12.590530, test 25.077204
[2022-06-29 17:41:10] - Epoch: 28
[2022-06-29 17:41:10] - training...
[2022-06-29 17:41:10] - [2372.53027344 2372.53027344    0.        ] 11.58455753326416
[2022-06-29 17:41:10] - evaluating...
[2022-06-29 17:41:10] - valid 12.818652, test 24.998424
[2022-06-29 17:41:10] - Epoch: 29
[2022-06-29 17:41:10] - training...
[2022-06-29 17:41:10] - [2568.1895752 2568.1895752    0.       ] 15.05751895904541
[2022-06-29 17:41:10] - evaluating...
[2022-06-29 17:41:10] - valid 11.574045, test 24.937380
[2022-06-29 17:41:10] - Epoch: 30
[2022-06-29 17:41:10] - training...
[2022-06-29 17:41:10] - [2585.90966797 2585.90966797    0.        ] 15.000119686126709
[2022-06-29 17:41:10] - evaluating...
[2022-06-29 17:41:10] - valid 11.027058, test 24.889005
[2022-06-29 17:41:10] - Epoch: 31
[2022-06-29 17:41:10] - training...
[2022-06-29 17:41:10] - [2588.03295898 2588.03295898    0.        ] 10.898184299468994
[2022-06-29 17:41:10] - evaluating...
[2022-06-29 17:41:10] - valid 12.891444, test 24.884270
[2022-06-29 17:41:10] - Epoch: 32
[2022-06-29 17:41:10] - training...
[2022-06-29 17:41:10] - [2093.45251465 2093.45251465    0.        ] 12.765521049499512
[2022-06-29 17:41:10] - evaluating...
[2022-06-29 17:41:10] - valid 12.165977, test 24.797643
[2022-06-29 17:41:10] - Epoch: 33
[2022-06-29 17:41:10] - training...
[2022-06-29 17:41:10] - [2624.51501465 2624.51501465    0.        ] 15.454679012298584
[2022-06-29 17:41:10] - evaluating...
[2022-06-29 17:41:10] - valid 10.780736, test 24.729012
[2022-06-29 17:41:10] - Epoch: 34
[2022-06-29 17:41:10] - training...
[2022-06-29 17:41:10] - [2595.62927246 2595.62927246    0.        ] 12.54985761642456
[2022-06-29 17:41:10] - evaluating...
[2022-06-29 17:41:10] - valid 12.961521, test 24.701059
[2022-06-29 17:41:10] - Epoch: 35
[2022-06-29 17:41:10] - training...
[2022-06-29 17:41:10] - [2652.21289062 2652.21289062    0.        ] 10.808009624481201
[2022-06-29 17:41:10] - evaluating...
[2022-06-29 17:41:10] - valid 10.948361, test 24.623610
[2022-06-29 17:41:10] - Epoch: 36
[2022-06-29 17:41:10] - training...
[2022-06-29 17:41:10] - [2348.05114746 2348.05114746    0.        ] 12.767569541931152
[2022-06-29 17:41:10] - evaluating...
[2022-06-29 17:41:10] - valid 12.719291, test 24.557943
[2022-06-29 17:41:10] - Epoch: 37
[2022-06-29 17:41:10] - training...
[2022-06-29 17:41:10] - [2369.48571777 2369.48571777    0.        ] 12.333664894104004
[2022-06-29 17:41:10] - evaluating...
[2022-06-29 17:41:10] - valid 11.748689, test 24.552021
[2022-06-29 17:41:10] - Epoch: 38
[2022-06-29 17:41:10] - training...
[2022-06-29 17:41:11] - [2570.89117432 2570.89117432    0.        ] 11.13258171081543
[2022-06-29 17:41:11] - evaluating...
[2022-06-29 17:41:11] - valid 12.312880, test 24.475854
[2022-06-29 17:41:11] - Epoch: 39
[2022-06-29 17:41:11] - training...
[2022-06-29 17:41:11] - [2217.2479248 2217.2479248    0.       ] 14.341840267181396
[2022-06-29 17:41:11] - evaluating...
[2022-06-29 17:41:11] - valid 10.957469, test 24.310631
[2022-06-29 17:41:11] - Epoch: 40
[2022-06-29 17:41:11] - training...
[2022-06-29 17:41:11] - [1684.69732666 1684.69732666    0.        ] 12.599511861801147
[2022-06-29 17:41:11] - evaluating...
[2022-06-29 17:41:11] - valid 12.273691, test 24.045238
[2022-06-29 17:41:11] - Epoch: 41
[2022-06-29 17:41:11] - training...
[2022-06-29 17:41:11] - [1348.89239502 1348.89239502    0.        ] 8.91386079788208
[2022-06-29 17:41:11] - evaluating...
[2022-06-29 17:41:11] - valid 10.327382, test 23.621056
[2022-06-29 17:41:11] - Epoch: 42
[2022-06-29 17:41:11] - training...
[2022-06-29 17:41:11] - [1732.24267578 1732.24267578    0.        ] 13.03385066986084
[2022-06-29 17:41:11] - evaluating...
[2022-06-29 17:41:11] - valid 11.112649, test 23.156299
[2022-06-29 17:41:11] - Epoch: 43
[2022-06-29 17:41:11] - training...
[2022-06-29 17:41:11] - [1163.31994629 1163.31994629    0.        ] 9.371009826660156
[2022-06-29 17:41:11] - evaluating...
[2022-06-29 17:41:11] - valid 11.086182, test 22.828287
[2022-06-29 17:41:11] - Epoch: 44
[2022-06-29 17:41:11] - training...
[2022-06-29 17:41:11] - [2184.0456543 2184.0456543    0.       ] 10.775575160980225
[2022-06-29 17:41:11] - evaluating...
[2022-06-29 17:41:11] - valid 11.234454, test 22.705846
[2022-06-29 17:41:11] - Epoch: 45
[2022-06-29 17:41:11] - training...
[2022-06-29 17:41:11] - [1308.92834473 1308.92834473    0.        ] 13.62278938293457
[2022-06-29 17:41:11] - evaluating...
[2022-06-29 17:41:11] - valid 11.857696, test 22.625104
[2022-06-29 17:41:11] - Epoch: 46
[2022-06-29 17:41:11] - training...
[2022-06-29 17:41:11] - [3172.54443359 3172.54443359    0.        ] 10.961183547973633
[2022-06-29 17:41:11] - evaluating...
[2022-06-29 17:41:11] - valid 11.517936, test 22.703558
[2022-06-29 17:41:11] - Epoch: 47
[2022-06-29 17:41:11] - training...
[2022-06-29 17:41:11] - [1833.21270752 1833.21270752    0.        ] 9.943912506103516
[2022-06-29 17:41:11] - evaluating...
[2022-06-29 17:41:11] - valid 10.077043, test 22.424976
[2022-06-29 17:41:11] - Epoch: 48
[2022-06-29 17:41:11] - training...
[2022-06-29 17:41:11] - [2230.61975098 2230.61975098    0.        ] 12.192981719970703
[2022-06-29 17:41:11] - evaluating...
[2022-06-29 17:41:11] - valid 9.989004, test 21.943350
[2022-06-29 17:41:11] - Epoch: 49
[2022-06-29 17:41:11] - training...
[2022-06-29 17:41:11] - [2504.97875977 2504.97875977    0.        ] 11.518406867980957
[2022-06-29 17:41:11] - evaluating...
[2022-06-29 17:41:11] - valid 10.842888, test 21.551321
[2022-06-29 17:41:11] - Epoch: 50
[2022-06-29 17:41:11] - training...
[2022-06-29 17:41:11] - [1936.28405762 1936.28405762    0.        ] 11.386749267578125
[2022-06-29 17:41:11] - evaluating...
[2022-06-29 17:41:12] - valid 10.264741, test 21.556936
[2022-06-29 17:41:12] - Epoch: 51
[2022-06-29 17:41:12] - training...
[2022-06-29 17:41:12] - [2388.48095703 2388.48095703    0.        ] 12.532699584960938
[2022-06-29 17:41:12] - evaluating...
[2022-06-29 17:41:12] - valid 11.293147, test 21.696187
[2022-06-29 17:41:12] - Epoch: 52
[2022-06-29 17:41:12] - training...
[2022-06-29 17:41:12] - [2037.56842041 2037.56842041    0.        ] 11.751717567443848
[2022-06-29 17:41:12] - evaluating...
[2022-06-29 17:41:12] - valid 9.695613, test 21.470042
[2022-06-29 17:41:12] - Epoch: 53
[2022-06-29 17:41:12] - training...
[2022-06-29 17:41:12] - [2234.46398926 2234.46398926    0.        ] 15.002081871032715
[2022-06-29 17:41:12] - evaluating...
[2022-06-29 17:41:12] - valid 10.373212, test 21.486028
[2022-06-29 17:41:12] - Epoch: 54
[2022-06-29 17:41:12] - training...
[2022-06-29 17:41:12] - [1030.50384521 1030.50384521    0.        ] 11.677077770233154
[2022-06-29 17:41:12] - evaluating...
[2022-06-29 17:41:12] - valid 10.865561, test 21.607305
[2022-06-29 17:41:12] - Epoch: 55
[2022-06-29 17:41:12] - training...
[2022-06-29 17:41:12] - [2099.16741943 2099.16741943    0.        ] 13.482757091522217
[2022-06-29 17:41:12] - evaluating...
[2022-06-29 17:41:12] - valid 11.033429, test 21.968732
[2022-06-29 17:41:12] - Epoch: 56
[2022-06-29 17:41:12] - training...
[2022-06-29 17:41:12] - [1654.55950928 1654.55950928    0.        ] 10.733506679534912
[2022-06-29 17:41:12] - evaluating...
[2022-06-29 17:41:12] - valid 11.283831, test 22.017089
[2022-06-29 17:41:12] - Epoch: 57
[2022-06-29 17:41:12] - training...
[2022-06-29 17:41:12] - [1339.95471191 1339.95471191    0.        ] 9.825099468231201
[2022-06-29 17:41:12] - evaluating...
[2022-06-29 17:41:12] - valid 10.741185, test 21.979477
[2022-06-29 17:41:12] - Epoch: 58
[2022-06-29 17:41:12] - training...
[2022-06-29 17:41:12] - [1768.15325928 1768.15325928    0.        ] 10.356178283691406
[2022-06-29 17:41:12] - evaluating...
[2022-06-29 17:41:12] - valid 12.015045, test 21.866910
[2022-06-29 17:41:12] - Epoch: 59
[2022-06-29 17:41:12] - training...
[2022-06-29 17:41:12] - [2894.10424805 2894.10424805    0.        ] 12.048936367034912
[2022-06-29 17:41:12] - evaluating...
[2022-06-29 17:41:12] - valid 10.383688, test 22.005020
[2022-06-29 17:41:12] - Epoch: 60
[2022-06-29 17:41:12] - training...
[2022-06-29 17:41:12] - [2396.91589355 2396.91589355    0.        ] 11.653815269470215
[2022-06-29 17:41:12] - evaluating...
[2022-06-29 17:41:12] - valid 11.442530, test 22.068032
[2022-06-29 17:41:12] - Epoch: 61
[2022-06-29 17:41:12] - training...
[2022-06-29 17:41:12] - [1607.38787842 1607.38787842    0.        ] 12.146171569824219
[2022-06-29 17:41:12] - evaluating...
[2022-06-29 17:41:12] - valid 11.327731, test 22.212581
[2022-06-29 17:41:12] - Epoch: 62
[2022-06-29 17:41:12] - training...
[2022-06-29 17:41:12] - [1808.36889648 1808.36889648    0.        ] 13.198987007141113
[2022-06-29 17:41:12] - evaluating...
[2022-06-29 17:41:12] - valid 11.610368, test 22.315254
[2022-06-29 17:41:12] - Epoch: 63
[2022-06-29 17:41:12] - training...
[2022-06-29 17:41:12] - [2257.97033691 2257.97033691    0.        ] 14.018110275268555
[2022-06-29 17:41:12] - evaluating...
[2022-06-29 17:41:13] - valid 11.787268, test 22.563627
[2022-06-29 17:41:13] - Epoch: 64
[2022-06-29 17:41:13] - training...
[2022-06-29 17:41:13] - [1657.33862305 1657.33862305    0.        ] 12.251299381256104
[2022-06-29 17:41:13] - evaluating...
[2022-06-29 17:41:13] - valid 12.991950, test 22.686187
[2022-06-29 17:41:13] - Epoch: 65
[2022-06-29 17:41:13] - training...
[2022-06-29 17:41:13] - [1668.16827393 1668.16827393    0.        ] 10.247113943099976
[2022-06-29 17:41:13] - evaluating...
[2022-06-29 17:41:13] - valid 11.906499, test 22.710638
[2022-06-29 17:41:13] - Epoch: 66
[2022-06-29 17:41:13] - training...
[2022-06-29 17:41:13] - [1564.49487305 1564.49487305    0.        ] 11.416193008422852
[2022-06-29 17:41:13] - evaluating...
[2022-06-29 17:41:13] - valid 11.544617, test 22.979002
[2022-06-29 17:41:13] - Epoch: 67
[2022-06-29 17:41:13] - training...
[2022-06-29 17:41:13] - [2129.7701416 2129.7701416    0.       ] 10.209376811981201
[2022-06-29 17:41:13] - evaluating...
[2022-06-29 17:41:13] - valid 11.943299, test 23.016602
[2022-06-29 17:41:13] - Epoch: 68
[2022-06-29 17:41:13] - training...
[2022-06-29 17:41:13] - [1512.58821106 1512.58821106    0.        ] 12.988183379173279
[2022-06-29 17:41:13] - evaluating...
[2022-06-29 17:41:13] - valid 12.851120, test 22.770365
[2022-06-29 17:41:13] - Epoch: 69
[2022-06-29 17:41:13] - training...
[2022-06-29 17:41:13] - [1673.44067383 1673.44067383    0.        ] 10.26172161102295
[2022-06-29 17:41:13] - evaluating...
[2022-06-29 17:41:13] - valid 11.624452, test 22.639806
[2022-06-29 17:41:13] - Epoch: 70
[2022-06-29 17:41:13] - training...
[2022-06-29 17:41:13] - [1736.84625244 1736.84625244    0.        ] 11.089595794677734
[2022-06-29 17:41:13] - evaluating...
[2022-06-29 17:41:13] - valid 10.627860, test 21.786704
[2022-06-29 17:41:13] - Epoch: 71
[2022-06-29 17:41:13] - training...
[2022-06-29 17:41:13] - [1549.24700928 1549.24700928    0.        ] 11.730556011199951
[2022-06-29 17:41:13] - evaluating...
[2022-06-29 17:41:13] - valid 10.177676, test 20.894513
[2022-06-29 17:41:13] - Epoch: 72
[2022-06-29 17:41:13] - training...
[2022-06-29 17:41:13] - [1129.50143433 1129.50143433    0.        ] 12.809505939483643
[2022-06-29 17:41:13] - evaluating...
[2022-06-29 17:41:13] - valid 10.267393, test 20.540674
[2022-06-29 17:41:13] - Epoch: 73
[2022-06-29 17:41:13] - training...
[2022-06-29 17:41:13] - [1911.61340332 1911.61340332    0.        ] 13.569623947143555
[2022-06-29 17:41:13] - evaluating...
[2022-06-29 17:41:13] - valid 10.637257, test 20.657358
[2022-06-29 17:41:13] - Epoch: 74
[2022-06-29 17:41:13] - training...
[2022-06-29 17:41:13] - [2160.00402832 2160.00402832    0.        ] 12.978322982788086
[2022-06-29 17:41:13] - evaluating...
[2022-06-29 17:41:13] - valid 10.514124, test 20.931818
[2022-06-29 17:41:13] - Epoch: 75
[2022-06-29 17:41:13] - training...
[2022-06-29 17:41:14] - [2006.36846924 2006.36846924    0.        ] 12.922366619110107
[2022-06-29 17:41:14] - evaluating...
[2022-06-29 17:41:14] - valid 11.232403, test 21.423394
[2022-06-29 17:41:14] - Epoch: 76
[2022-06-29 17:41:14] - training...
[2022-06-29 17:41:14] - [1503.35772705 1503.35772705    0.        ] 13.876795768737793
[2022-06-29 17:41:14] - evaluating...
[2022-06-29 17:41:14] - valid 12.036201, test 21.746605
[2022-06-29 17:41:14] - Epoch: 77
[2022-06-29 17:41:14] - training...
[2022-06-29 17:41:14] - [2260.32727051 2260.32727051    0.        ] 14.019749641418457
[2022-06-29 17:41:14] - evaluating...
[2022-06-29 17:41:14] - valid 11.953553, test 22.174532
[2022-06-29 17:41:14] - Epoch: 78
[2022-06-29 17:41:14] - training...
[2022-06-29 17:41:14] - [1483.4442749 1483.4442749    0.       ] 12.304732322692871
[2022-06-29 17:41:14] - evaluating...
[2022-06-29 17:41:14] - valid 11.540731, test 22.139912
[2022-06-29 17:41:14] - Epoch: 79
[2022-06-29 17:41:14] - training...
[2022-06-29 17:41:14] - [2001.86828613 2001.86828613    0.        ] 11.792426586151123
[2022-06-29 17:41:14] - evaluating...
[2022-06-29 17:41:14] - valid 12.228625, test 21.714270
[2022-06-29 17:41:14] - Epoch: 80
[2022-06-29 17:41:14] - training...
[2022-06-29 17:41:14] - [2582.88781738 2582.88781738    0.        ] 11.202798843383789
[2022-06-29 17:41:14] - evaluating...
[2022-06-29 17:41:14] - valid 12.694670, test 21.342949
[2022-06-29 17:41:14] - Epoch: 81
[2022-06-29 17:41:14] - training...
[2022-06-29 17:41:14] - [1580.84222412 1580.84222412    0.        ] 12.97842025756836
[2022-06-29 17:41:14] - evaluating...
[2022-06-29 17:41:14] - valid 10.496254, test 20.862330
[2022-06-29 17:41:14] - Epoch: 82
[2022-06-29 17:41:14] - training...
[2022-06-29 17:41:14] - [1939.60961914 1939.60961914    0.        ] 11.657891988754272
[2022-06-29 17:41:14] - evaluating...
[2022-06-29 17:41:14] - valid 10.947034, test 21.114654
[2022-06-29 17:41:14] - Epoch: 83
[2022-06-29 17:41:14] - training...
[2022-06-29 17:41:14] - [1292.425354 1292.425354    0.      ] 10.974145889282227
[2022-06-29 17:41:14] - evaluating...
[2022-06-29 17:41:14] - valid 11.239552, test 21.283899
[2022-06-29 17:41:14] - Epoch: 84
[2022-06-29 17:41:14] - training...
[2022-06-29 17:41:14] - [2511.99035645 2511.99035645    0.        ] 12.043929100036621
[2022-06-29 17:41:14] - evaluating...
[2022-06-29 17:41:14] - valid 11.718578, test 21.273490
[2022-06-29 17:41:14] - Epoch: 85
[2022-06-29 17:41:14] - training...
[2022-06-29 17:41:14] - [1820.45080566 1820.45080566    0.        ] 11.731810569763184
[2022-06-29 17:41:14] - evaluating...
[2022-06-29 17:41:14] - valid 9.936294, test 20.995184
[2022-06-29 17:41:14] - Epoch: 86
[2022-06-29 17:41:14] - training...
[2022-06-29 17:41:14] - [2079.0871582 2079.0871582    0.       ] 11.31013011932373
[2022-06-29 17:41:14] - evaluating...
[2022-06-29 17:41:14] - valid 10.073145, test 20.653768
[2022-06-29 17:41:14] - Epoch: 87
[2022-06-29 17:41:14] - training...
[2022-06-29 17:41:14] - [2142.07067871 2142.07067871    0.        ] 14.006528854370117
[2022-06-29 17:41:14] - evaluating...
[2022-06-29 17:41:14] - valid 9.879586, test 20.678904
[2022-06-29 17:41:14] - Epoch: 88
[2022-06-29 17:41:14] - training...
[2022-06-29 17:41:15] - [1817.45043945 1817.45043945    0.        ] 12.931501388549805
[2022-06-29 17:41:15] - evaluating...
[2022-06-29 17:41:15] - valid 10.414832, test 20.709795
[2022-06-29 17:41:15] - Epoch: 89
[2022-06-29 17:41:15] - training...
[2022-06-29 17:41:15] - [2231.49963379 2231.49963379    0.        ] 12.260827541351318
[2022-06-29 17:41:15] - evaluating...
[2022-06-29 17:41:15] - valid 11.285233, test 21.181556
[2022-06-29 17:41:15] - Epoch: 90
[2022-06-29 17:41:15] - training...
[2022-06-29 17:41:15] - [1876.05102539 1876.05102539    0.        ] 12.559566020965576
[2022-06-29 17:41:15] - evaluating...
[2022-06-29 17:41:15] - valid 11.985055, test 21.438408
[2022-06-29 17:41:15] - Epoch: 91
[2022-06-29 17:41:15] - training...
[2022-06-29 17:41:15] - [1981.79144287 1981.79144287    0.        ] 12.860726356506348
[2022-06-29 17:41:15] - evaluating...
[2022-06-29 17:41:15] - valid 10.540091, test 21.744716
[2022-06-29 17:41:15] - Epoch: 92
[2022-06-29 17:41:15] - training...
[2022-06-29 17:41:15] - [1442.91601562 1442.91601562    0.        ] 10.867474555969238
[2022-06-29 17:41:15] - evaluating...
[2022-06-29 17:41:15] - valid 11.282571, test 21.589049
[2022-06-29 17:41:15] - Epoch: 93
[2022-06-29 17:41:15] - training...
[2022-06-29 17:41:15] - [1443.00964355 1443.00964355    0.        ] 10.35698127746582
[2022-06-29 17:41:15] - evaluating...
[2022-06-29 17:41:15] - valid 10.769843, test 21.641483
[2022-06-29 17:41:15] - Epoch: 94
[2022-06-29 17:41:15] - training...
[2022-06-29 17:41:15] - [1486.07958984 1486.07958984    0.        ] 12.133090019226074
[2022-06-29 17:41:15] - evaluating...
[2022-06-29 17:41:15] - valid 11.396619, test 21.864281
[2022-06-29 17:41:15] - Epoch: 95
[2022-06-29 17:41:15] - training...
[2022-06-29 17:41:15] - [1651.73376465 1651.73376465    0.        ] 10.64974069595337
[2022-06-29 17:41:15] - evaluating...
[2022-06-29 17:41:15] - valid 11.548072, test 21.500722
[2022-06-29 17:41:15] - Epoch: 96
[2022-06-29 17:41:15] - training...
[2022-06-29 17:41:15] - [1468.54400635 1468.54400635    0.        ] 11.526580333709717
[2022-06-29 17:41:15] - evaluating...
[2022-06-29 17:41:15] - valid 11.662058, test 21.233428
[2022-06-29 17:41:15] - Epoch: 97
[2022-06-29 17:41:15] - training...
[2022-06-29 17:41:15] - [1926.82348633 1926.82348633    0.        ] 11.606594562530518
[2022-06-29 17:41:15] - evaluating...
[2022-06-29 17:41:15] - valid 10.015597, test 21.254202
[2022-06-29 17:41:15] - Epoch: 98
[2022-06-29 17:41:15] - training...
[2022-06-29 17:41:15] - [3089.88549805 3089.88549805    0.        ] 12.152262210845947
[2022-06-29 17:41:15] - evaluating...
[2022-06-29 17:41:15] - valid 11.105265, test 21.199426
[2022-06-29 17:41:15] - Epoch: 99
[2022-06-29 17:41:15] - training...
[2022-06-29 17:41:15] - [1455.92822266 1455.92822266    0.        ] 6.588438272476196
[2022-06-29 17:41:15] - evaluating...
[2022-06-29 17:41:16] - valid 10.975374, test 21.274948
[2022-06-29 17:41:16] - Epoch: 100
[2022-06-29 17:41:16] - training...
[2022-06-29 17:41:16] - [1408.24829102 1408.24829102    0.        ] 11.826206684112549
[2022-06-29 17:41:16] - evaluating...
[2022-06-29 17:41:16] - valid 11.349414, test 21.313896
[2022-06-29 17:41:16] - Epoch: 101
[2022-06-29 17:41:16] - training...
[2022-06-29 17:41:16] - [1798.48083496 1798.48083496    0.        ] 10.32166051864624
[2022-06-29 17:41:16] - evaluating...
[2022-06-29 17:41:16] - valid 11.106036, test 20.676412
[2022-06-29 17:41:16] - Epoch: 102
[2022-06-29 17:41:16] - training...
[2022-06-29 17:41:16] - [1164.21618652 1164.21618652    0.        ] 11.114400863647461
[2022-06-29 17:41:16] - evaluating...
[2022-06-29 17:41:16] - valid 10.790590, test 19.856390
[2022-06-29 17:41:16] - Epoch: 103
[2022-06-29 17:41:16] - training...
[2022-06-29 17:41:16] - [1615.31622314 1615.31622314    0.        ] 11.361446857452393
[2022-06-29 17:41:16] - evaluating...
[2022-06-29 17:41:16] - valid 9.140376, test 19.422763
[2022-06-29 17:41:16] - Epoch: 104
[2022-06-29 17:41:16] - training...
[2022-06-29 17:41:16] - [1914.48876953 1914.48876953    0.        ] 11.780819416046143
[2022-06-29 17:41:16] - evaluating...
[2022-06-29 17:41:16] - valid 9.379410, test 19.069886
[2022-06-29 17:41:16] - Epoch: 105
[2022-06-29 17:41:16] - training...
[2022-06-29 17:41:16] - [2307.55566406 2307.55566406    0.        ] 11.87508773803711
[2022-06-29 17:41:16] - evaluating...
[2022-06-29 17:41:16] - valid 10.538996, test 19.609882
[2022-06-29 17:41:16] - Epoch: 106
[2022-06-29 17:41:16] - training...
[2022-06-29 17:41:16] - [1789.06097412 1789.06097412    0.        ] 10.02735710144043
[2022-06-29 17:41:16] - evaluating...
[2022-06-29 17:41:16] - valid 11.492997, test 20.255660
[2022-06-29 17:41:16] - Epoch: 107
[2022-06-29 17:41:16] - training...
[2022-06-29 17:41:16] - [1760.39349365 1760.39349365    0.        ] 11.504612922668457
[2022-06-29 17:41:16] - evaluating...
[2022-06-29 17:41:16] - valid 11.881734, test 20.890628
[2022-06-29 17:41:16] - Epoch: 108
[2022-06-29 17:41:16] - training...
[2022-06-29 17:41:16] - [1931.09399414 1931.09399414    0.        ] 10.09077262878418
[2022-06-29 17:41:16] - evaluating...
[2022-06-29 17:41:16] - valid 12.371757, test 21.347008
[2022-06-29 17:41:16] - Epoch: 109
[2022-06-29 17:41:16] - training...
[2022-06-29 17:41:16] - [1789.24304199 1789.24304199    0.        ] 11.325040817260742
[2022-06-29 17:41:16] - evaluating...
[2022-06-29 17:41:17] - valid 12.056025, test 21.595516
[2022-06-29 17:41:17] - Epoch: 110
[2022-06-29 17:41:17] - training...
[2022-06-29 17:41:17] - [1898.52349854 1898.52349854    0.        ] 12.692099571228027
[2022-06-29 17:41:17] - evaluating...
[2022-06-29 17:41:17] - valid 11.563311, test 21.446185
[2022-06-29 17:41:17] - Epoch: 111
[2022-06-29 17:41:17] - training...
[2022-06-29 17:41:17] - [1353.33169556 1353.33169556    0.        ] 12.44010305404663
[2022-06-29 17:41:17] - evaluating...
[2022-06-29 17:41:17] - valid 10.999420, test 21.092411
[2022-06-29 17:41:17] - Epoch: 112
[2022-06-29 17:41:17] - training...
[2022-06-29 17:41:17] - [1462.29321289 1462.29321289    0.        ] 10.595090389251709
[2022-06-29 17:41:17] - evaluating...
[2022-06-29 17:41:17] - valid 10.000920, test 20.630716
[2022-06-29 17:41:17] - Epoch: 113
[2022-06-29 17:41:17] - training...
[2022-06-29 17:41:17] - [2125.5380249 2125.5380249    0.       ] 12.022291660308838
[2022-06-29 17:41:17] - evaluating...
[2022-06-29 17:41:17] - valid 11.495090, test 20.579716
[2022-06-29 17:41:17] - Epoch: 114
[2022-06-29 17:41:17] - training...
[2022-06-29 17:41:17] - [1850.17407227 1850.17407227    0.        ] 11.036092758178711
[2022-06-29 17:41:17] - evaluating...
[2022-06-29 17:41:17] - valid 10.571597, test 20.573805
[2022-06-29 17:41:17] - Epoch: 115
[2022-06-29 17:41:17] - training...
[2022-06-29 17:41:17] - [1762.97717285 1762.97717285    0.        ] 11.174452781677246
[2022-06-29 17:41:17] - evaluating...
[2022-06-29 17:41:17] - valid 11.541928, test 20.229550
[2022-06-29 17:41:17] - Epoch: 116
[2022-06-29 17:41:17] - training...
[2022-06-29 17:41:17] - [1802.09729004 1802.09729004    0.        ] 12.205143928527832
[2022-06-29 17:41:17] - evaluating...
[2022-06-29 17:41:17] - valid 10.358174, test 20.035391
[2022-06-29 17:41:17] - Epoch: 117
[2022-06-29 17:41:17] - training...
[2022-06-29 17:41:17] - [1734.3392334 1734.3392334    0.       ] 12.632555961608887
[2022-06-29 17:41:17] - evaluating...
[2022-06-29 17:41:17] - valid 9.796791, test 20.035842
[2022-06-29 17:41:17] - Epoch: 118
[2022-06-29 17:41:17] - training...
[2022-06-29 17:41:17] - [1015.28823853 1015.28823853    0.        ] 9.709306240081787
[2022-06-29 17:41:17] - evaluating...
[2022-06-29 17:41:17] - valid 10.447785, test 19.598763
[2022-06-29 17:41:17] - Epoch: 119
[2022-06-29 17:41:17] - training...
[2022-06-29 17:41:17] - [1617.68115234 1617.68115234    0.        ] 9.159491539001465
[2022-06-29 17:41:17] - evaluating...
[2022-06-29 17:41:17] - valid 9.929994, test 19.454274
[2022-06-29 17:41:17] - Epoch: 120
[2022-06-29 17:41:17] - training...
[2022-06-29 17:41:17] - [1529.15759277 1529.15759277    0.        ] 12.472863674163818
[2022-06-29 17:41:17] - evaluating...
[2022-06-29 17:41:18] - valid 9.776239, test 18.940855
[2022-06-29 17:41:18] - Epoch: 121
[2022-06-29 17:41:18] - training...
[2022-06-29 17:41:18] - [1991.45355225 1991.45355225    0.        ] 11.669518947601318
[2022-06-29 17:41:18] - evaluating...
[2022-06-29 17:41:18] - valid 9.590605, test 18.871636
[2022-06-29 17:41:18] - Epoch: 122
[2022-06-29 17:41:18] - training...
[2022-06-29 17:41:18] - [1611.41009521 1611.41009521    0.        ] 13.021480560302734
[2022-06-29 17:41:18] - evaluating...
[2022-06-29 17:41:18] - valid 10.412418, test 19.201499
[2022-06-29 17:41:18] - Epoch: 123
[2022-06-29 17:41:18] - training...
[2022-06-29 17:41:18] - [1465.12524414 1465.12524414    0.        ] 10.224725723266602
[2022-06-29 17:41:18] - evaluating...
[2022-06-29 17:41:18] - valid 10.595988, test 19.444256
[2022-06-29 17:41:18] - Epoch: 124
[2022-06-29 17:41:18] - training...
[2022-06-29 17:41:18] - [1942.33746338 1942.33746338    0.        ] 9.760422229766846
[2022-06-29 17:41:18] - evaluating...
[2022-06-29 17:41:18] - valid 9.857486, test 19.027985
[2022-06-29 17:41:18] - Epoch: 125
[2022-06-29 17:41:18] - training...
[2022-06-29 17:41:18] - [1305.53405762 1305.53405762    0.        ] 11.57947063446045
[2022-06-29 17:41:18] - evaluating...
[2022-06-29 17:41:18] - valid 8.580499, test 18.379181
[2022-06-29 17:41:18] - Epoch: 126
[2022-06-29 17:41:18] - training...
[2022-06-29 17:41:18] - [1993.67199707 1993.67199707    0.        ] 11.895646095275879
[2022-06-29 17:41:18] - evaluating...
[2022-06-29 17:41:18] - valid 10.412989, test 18.243310
[2022-06-29 17:41:18] - Epoch: 127
[2022-06-29 17:41:18] - training...
[2022-06-29 17:41:18] - [1316.9732666 1316.9732666    0.       ] 9.580902338027954
[2022-06-29 17:41:18] - evaluating...
[2022-06-29 17:41:18] - valid 11.720560, test 18.611377
[2022-06-29 17:41:18] - Epoch: 128
[2022-06-29 17:41:18] - training...
[2022-06-29 17:41:18] - [1833.62979126 1833.62979126    0.        ] 13.288288593292236
[2022-06-29 17:41:18] - evaluating...
[2022-06-29 17:41:18] - valid 10.162760, test 19.373378
[2022-06-29 17:41:18] - Epoch: 129
[2022-06-29 17:41:18] - training...
[2022-06-29 17:41:18] - [1258.7427063 1258.7427063    0.       ] 11.256892681121826
[2022-06-29 17:41:18] - evaluating...
[2022-06-29 17:41:18] - valid 11.726887, test 19.691801
[2022-06-29 17:41:18] - Epoch: 130
[2022-06-29 17:41:18] - training...
[2022-06-29 17:41:18] - [1437.6151123 1437.6151123    0.       ] 9.847737789154053
[2022-06-29 17:41:18] - evaluating...
[2022-06-29 17:41:18] - valid 12.310983, test 20.022645
[2022-06-29 17:41:18] - Epoch: 131
[2022-06-29 17:41:18] - training...
[2022-06-29 17:41:19] - [1752.44134521 1752.44134521    0.        ] 11.145106792449951
[2022-06-29 17:41:19] - evaluating...
[2022-06-29 17:41:19] - valid 11.514160, test 19.971829
[2022-06-29 17:41:19] - Epoch: 132
[2022-06-29 17:41:19] - training...
[2022-06-29 17:41:19] - [2028.0010376 2028.0010376    0.       ] 11.559592247009277
[2022-06-29 17:41:19] - evaluating...
[2022-06-29 17:41:19] - valid 12.272084, test 20.104591
[2022-06-29 17:41:19] - Epoch: 133
[2022-06-29 17:41:19] - training...
[2022-06-29 17:41:19] - [1374.44958496 1374.44958496    0.        ] 12.531303405761719
[2022-06-29 17:41:19] - evaluating...
[2022-06-29 17:41:19] - valid 10.471905, test 20.030816
[2022-06-29 17:41:19] - Epoch: 134
[2022-06-29 17:41:19] - training...
[2022-06-29 17:41:19] - [1323.81665039 1323.81665039    0.        ] 10.025354862213135
[2022-06-29 17:41:19] - evaluating...
[2022-06-29 17:41:19] - valid 10.218954, test 19.512247
[2022-06-29 17:41:19] - Epoch: 135
[2022-06-29 17:41:19] - training...
[2022-06-29 17:41:19] - [1378.11053467 1378.11053467    0.        ] 10.98943281173706
[2022-06-29 17:41:19] - evaluating...
[2022-06-29 17:41:19] - valid 9.981138, test 19.076333
[2022-06-29 17:41:19] - Epoch: 136
[2022-06-29 17:41:19] - training...
[2022-06-29 17:41:19] - [1981.77160645 1981.77160645    0.        ] 10.42622423171997
[2022-06-29 17:41:19] - evaluating...
[2022-06-29 17:41:19] - valid 9.237527, test 18.835250
[2022-06-29 17:41:19] - Epoch: 137
[2022-06-29 17:41:19] - training...
[2022-06-29 17:41:19] - [996.0847168 996.0847168   0.       ] 8.993365287780762
[2022-06-29 17:41:19] - evaluating...
[2022-06-29 17:41:19] - valid 10.462048, test 18.364932
[2022-06-29 17:41:19] - Epoch: 138
[2022-06-29 17:41:19] - training...
[2022-06-29 17:41:19] - [2151.57580566 2151.57580566    0.        ] 11.654150009155273
[2022-06-29 17:41:19] - evaluating...
[2022-06-29 17:41:19] - valid 9.708815, test 18.650026
[2022-06-29 17:41:19] - Epoch: 139
[2022-06-29 17:41:19] - training...
[2022-06-29 17:41:19] - [1504.85717773 1504.85717773    0.        ] 9.372422218322754
[2022-06-29 17:41:19] - evaluating...
[2022-06-29 17:41:19] - valid 10.734763, test 18.882603
[2022-06-29 17:41:19] - Epoch: 140
[2022-06-29 17:41:19] - training...
[2022-06-29 17:41:19] - [1683.77496338 1683.77496338    0.        ] 10.585324764251709
[2022-06-29 17:41:19] - evaluating...
[2022-06-29 17:41:19] - valid 10.025897, test 18.982375
[2022-06-29 17:41:19] - Epoch: 141
[2022-06-29 17:41:19] - training...
[2022-06-29 17:41:19] - [1307.57202148 1307.57202148    0.        ] 10.558498859405518
[2022-06-29 17:41:19] - evaluating...
[2022-06-29 17:41:20] - valid 9.921928, test 18.908101
[2022-06-29 17:41:20] - Epoch: 142
[2022-06-29 17:41:20] - training...
[2022-06-29 17:41:20] - [1098.61468506 1098.61468506    0.        ] 11.525208711624146
[2022-06-29 17:41:20] - evaluating...
[2022-06-29 17:41:20] - valid 9.784620, test 18.432023
[2022-06-29 17:41:20] - Epoch: 143
[2022-06-29 17:41:20] - training...
[2022-06-29 17:41:20] - [1125.00476074 1125.00476074    0.        ] 10.405524253845215
[2022-06-29 17:41:20] - evaluating...
[2022-06-29 17:41:20] - valid 9.465418, test 17.872129
[2022-06-29 17:41:20] - Epoch: 144
[2022-06-29 17:41:20] - training...
[2022-06-29 17:41:20] - [1347.78570557 1347.78570557    0.        ] 11.725472927093506
[2022-06-29 17:41:20] - evaluating...
[2022-06-29 17:41:20] - valid 9.180935, test 17.399462
[2022-06-29 17:41:20] - Epoch: 145
[2022-06-29 17:41:20] - training...
[2022-06-29 17:41:20] - [1724.77197266 1724.77197266    0.        ] 10.111141204833984
[2022-06-29 17:41:20] - evaluating...
[2022-06-29 17:41:20] - valid 8.810830, test 17.439660
[2022-06-29 17:41:20] - Epoch: 146
[2022-06-29 17:41:20] - training...
[2022-06-29 17:41:20] - [1128.35116577 1128.35116577    0.        ] 10.97603988647461
[2022-06-29 17:41:20] - evaluating...
[2022-06-29 17:41:20] - valid 8.561680, test 17.733080
[2022-06-29 17:41:20] - Epoch: 147
[2022-06-29 17:41:20] - training...
[2022-06-29 17:41:20] - [1554.31994629 1554.31994629    0.        ] 13.062511444091797
[2022-06-29 17:41:20] - evaluating...
[2022-06-29 17:41:20] - valid 9.415184, test 18.195450
[2022-06-29 17:41:20] - Epoch: 148
[2022-06-29 17:41:20] - training...
[2022-06-29 17:41:20] - [955.66482544 955.66482544   0.        ] 7.953909873962402
[2022-06-29 17:41:20] - evaluating...
[2022-06-29 17:41:20] - valid 10.170371, test 18.587978
[2022-06-29 17:41:20] - Epoch: 149
[2022-06-29 17:41:20] - training...
[2022-06-29 17:41:20] - [1339.5526123 1339.5526123    0.       ] 8.547735929489136
[2022-06-29 17:41:20] - evaluating...
[2022-06-29 17:41:20] - valid 10.175914, test 19.478240
[2022-06-29 17:41:20] - Epoch: 150
[2022-06-29 17:41:20] - training...
[2022-06-29 17:41:20] - [1733.96063232 1733.96063232    0.        ] 11.572397708892822
[2022-06-29 17:41:20] - evaluating...
[2022-06-29 17:41:20] - valid 10.070241, test 19.844982
[2022-06-29 17:41:20] - Epoch: 151
[2022-06-29 17:41:20] - training...
[2022-06-29 17:41:20] - [1103.98510742 1103.98510742    0.        ] 10.473453044891357
[2022-06-29 17:41:20] - evaluating...
[2022-06-29 17:41:20] - valid 10.797769, test 18.787222
[2022-06-29 17:41:20] - Epoch: 152
[2022-06-29 17:41:20] - training...
[2022-06-29 17:41:20] - [1587.52990723 1587.52990723    0.        ] 11.700079679489136
[2022-06-29 17:41:20] - evaluating...
[2022-06-29 17:41:21] - valid 10.187877, test 17.726609
[2022-06-29 17:41:21] - Epoch: 153
[2022-06-29 17:41:21] - training...
[2022-06-29 17:41:21] - [2244.68426514 2244.68426514    0.        ] 10.634608268737793
[2022-06-29 17:41:21] - evaluating...
[2022-06-29 17:41:21] - valid 9.783776, test 17.201885
[2022-06-29 17:41:21] - Epoch: 154
[2022-06-29 17:41:21] - training...
[2022-06-29 17:41:21] - [1315.20141602 1315.20141602    0.        ] 8.496273517608643
[2022-06-29 17:41:21] - evaluating...
[2022-06-29 17:41:21] - valid 8.866197, test 16.813412
[2022-06-29 17:41:21] - Epoch: 155
[2022-06-29 17:41:21] - training...
[2022-06-29 17:41:21] - [1555.42462158 1555.42462158    0.        ] 9.803760051727295
[2022-06-29 17:41:21] - evaluating...
[2022-06-29 17:41:21] - valid 9.999699, test 17.045912
[2022-06-29 17:41:21] - Epoch: 156
[2022-06-29 17:41:21] - training...
[2022-06-29 17:41:21] - [1292.90274048 1292.90274048    0.        ] 10.504412174224854
[2022-06-29 17:41:21] - evaluating...
[2022-06-29 17:41:21] - valid 9.633217, test 17.583305
[2022-06-29 17:41:21] - Epoch: 157
[2022-06-29 17:41:21] - training...
[2022-06-29 17:41:21] - [1290.22241211 1290.22241211    0.        ] 12.400971412658691
[2022-06-29 17:41:21] - evaluating...
[2022-06-29 17:41:21] - valid 11.385583, test 18.198758
[2022-06-29 17:41:21] - Epoch: 158
[2022-06-29 17:41:21] - training...
[2022-06-29 17:41:21] - [1226.27612305 1226.27612305    0.        ] 8.865692138671875
[2022-06-29 17:41:21] - evaluating...
[2022-06-29 17:41:21] - valid 10.970009, test 18.849002
[2022-06-29 17:41:21] - Epoch: 159
[2022-06-29 17:41:21] - training...
[2022-06-29 17:41:21] - [1032.69790649 1032.69790649    0.        ] 10.275984048843384
[2022-06-29 17:41:21] - evaluating...
[2022-06-29 17:41:21] - valid 11.908059, test 19.247707
[2022-06-29 17:41:21] - Epoch: 160
[2022-06-29 17:41:21] - training...
[2022-06-29 17:41:21] - [1707.23858643 1707.23858643    0.        ] 11.986452102661133
[2022-06-29 17:41:21] - evaluating...
[2022-06-29 17:41:21] - valid 11.100103, test 19.459500
[2022-06-29 17:41:21] - Epoch: 161
[2022-06-29 17:41:21] - training...
[2022-06-29 17:41:21] - [1315.58953857 1315.58953857    0.        ] 9.95342206954956
[2022-06-29 17:41:21] - evaluating...
[2022-06-29 17:41:21] - valid 11.696887, test 19.297510
[2022-06-29 17:41:21] - Epoch: 162
[2022-06-29 17:41:21] - training...
[2022-06-29 17:41:21] - [1637.88146973 1637.88146973    0.        ] 9.363386631011963
[2022-06-29 17:41:21] - evaluating...
[2022-06-29 17:41:21] - valid 10.265127, test 18.903953
[2022-06-29 17:41:21] - Epoch: 163
[2022-06-29 17:41:21] - training...
[2022-06-29 17:41:21] - [1169.8296814 1169.8296814    0.       ] 9.392391681671143
[2022-06-29 17:41:21] - evaluating...
[2022-06-29 17:41:21] - valid 11.531185, test 18.380699
[2022-06-29 17:41:21] - Epoch: 164
[2022-06-29 17:41:21] - training...
[2022-06-29 17:41:21] - [1834.75317383 1834.75317383    0.        ] 11.059857368469238
[2022-06-29 17:41:21] - evaluating...
[2022-06-29 17:41:22] - valid 11.357904, test 18.557621
[2022-06-29 17:41:22] - Epoch: 165
[2022-06-29 17:41:22] - training...
[2022-06-29 17:41:22] - [874.18719482 874.18719482   0.        ] 9.3615140914917
[2022-06-29 17:41:22] - evaluating...
[2022-06-29 17:41:22] - valid 11.262472, test 18.266895
[2022-06-29 17:41:22] - Epoch: 166
[2022-06-29 17:41:22] - training...
[2022-06-29 17:41:22] - [1112.02365112 1112.02365112    0.        ] 11.404634952545166
[2022-06-29 17:41:22] - evaluating...
[2022-06-29 17:41:22] - valid 10.932568, test 18.218839
[2022-06-29 17:41:22] - Epoch: 167
[2022-06-29 17:41:22] - training...
[2022-06-29 17:41:22] - [1377.51660156 1377.51660156    0.        ] 12.994355201721191
[2022-06-29 17:41:22] - evaluating...
[2022-06-29 17:41:22] - valid 10.840212, test 18.242678
[2022-06-29 17:41:22] - Epoch: 168
[2022-06-29 17:41:22] - training...
[2022-06-29 17:41:22] - [1232.22076416 1232.22076416    0.        ] 10.29347038269043
[2022-06-29 17:41:22] - evaluating...
[2022-06-29 17:41:22] - valid 9.186072, test 17.817832
[2022-06-29 17:41:22] - Epoch: 169
[2022-06-29 17:41:22] - training...
[2022-06-29 17:41:22] - [1637.15881348 1637.15881348    0.        ] 10.911874771118164
[2022-06-29 17:41:22] - evaluating...
[2022-06-29 17:41:22] - valid 9.645414, test 17.395238
[2022-06-29 17:41:22] - Epoch: 170
[2022-06-29 17:41:22] - training...
[2022-06-29 17:41:22] - [1222.70233154 1222.70233154    0.        ] 11.777037620544434
[2022-06-29 17:41:22] - evaluating...
[2022-06-29 17:41:22] - valid 10.024274, test 16.910814
[2022-06-29 17:41:22] - Epoch: 171
[2022-06-29 17:41:22] - training...
[2022-06-29 17:41:22] - [1530.91119385 1530.91119385    0.        ] 8.468086242675781
[2022-06-29 17:41:22] - evaluating...
[2022-06-29 17:41:22] - valid 10.025491, test 17.011521
[2022-06-29 17:41:22] - Epoch: 172
[2022-06-29 17:41:22] - training...
[2022-06-29 17:41:22] - [1407.52734375 1407.52734375    0.        ] 10.715112209320068
[2022-06-29 17:41:22] - evaluating...
[2022-06-29 17:41:22] - valid 9.374411, test 16.980415
[2022-06-29 17:41:22] - Epoch: 173
[2022-06-29 17:41:22] - training...
[2022-06-29 17:41:22] - [2183.98242188 2183.98242188    0.        ] 10.870530366897583
[2022-06-29 17:41:22] - evaluating...
[2022-06-29 17:41:22] - valid 9.517723, test 17.057548
[2022-06-29 17:41:22] - Epoch: 174
[2022-06-29 17:41:22] - training...
[2022-06-29 17:41:22] - [1159.53448486 1159.53448486    0.        ] 10.74355411529541
[2022-06-29 17:41:22] - evaluating...
[2022-06-29 17:41:22] - valid 9.829844, test 17.350524
[2022-06-29 17:41:22] - Epoch: 175
[2022-06-29 17:41:22] - training...
[2022-06-29 17:41:22] - [930.56924438 930.56924438   0.        ] 11.454914569854736
[2022-06-29 17:41:22] - evaluating...
[2022-06-29 17:41:22] - valid 9.457692, test 16.876834
[2022-06-29 17:41:22] - Epoch: 176
[2022-06-29 17:41:22] - training...
[2022-06-29 17:41:22] - [671.4818573 671.4818573   0.       ] 8.16698431968689
[2022-06-29 17:41:22] - evaluating...
[2022-06-29 17:41:22] - valid 8.459397, test 16.273805
[2022-06-29 17:41:22] - Epoch: 177
[2022-06-29 17:41:22] - training...
[2022-06-29 17:41:22] - [1643.09912109 1643.09912109    0.        ] 9.237797260284424
[2022-06-29 17:41:22] - evaluating...
[2022-06-29 17:41:23] - valid 8.781482, test 16.726014
[2022-06-29 17:41:23] - Epoch: 178
[2022-06-29 17:41:23] - training...
[2022-06-29 17:41:23] - [1490.68261719 1490.68261719    0.        ] 10.39134669303894
[2022-06-29 17:41:23] - evaluating...
[2022-06-29 17:41:23] - valid 9.942137, test 17.017189
[2022-06-29 17:41:23] - Epoch: 179
[2022-06-29 17:41:23] - training...
[2022-06-29 17:41:23] - [1211.93499756 1211.93499756    0.        ] 7.61124587059021
[2022-06-29 17:41:23] - evaluating...
[2022-06-29 17:41:23] - valid 11.031657, test 17.600410
[2022-06-29 17:41:23] - Epoch: 180
[2022-06-29 17:41:23] - training...
[2022-06-29 17:41:23] - [1079.89868164 1079.89868164    0.        ] 9.42951250076294
[2022-06-29 17:41:23] - evaluating...
[2022-06-29 17:41:23] - valid 12.091958, test 18.092069
[2022-06-29 17:41:23] - Epoch: 181
[2022-06-29 17:41:23] - training...
[2022-06-29 17:41:23] - [1192.2019043 1192.2019043    0.       ] 9.764270782470703
[2022-06-29 17:41:23] - evaluating...
[2022-06-29 17:41:23] - valid 11.820900, test 18.808824
[2022-06-29 17:41:23] - Epoch: 182
[2022-06-29 17:41:23] - training...
[2022-06-29 17:41:23] - [1201.93792725 1201.93792725    0.        ] 11.516568183898926
[2022-06-29 17:41:23] - evaluating...
[2022-06-29 17:41:23] - valid 10.443573, test 19.195484
[2022-06-29 17:41:23] - Epoch: 183
[2022-06-29 17:41:23] - training...
[2022-06-29 17:41:23] - [1126.42941284 1126.42941284    0.        ] 9.78928518295288
[2022-06-29 17:41:23] - evaluating...
[2022-06-29 17:41:23] - valid 10.902087, test 18.828856
[2022-06-29 17:41:23] - Epoch: 184
[2022-06-29 17:41:23] - training...
[2022-06-29 17:41:23] - [1377.23800659 1377.23800659    0.        ] 11.958496570587158
[2022-06-29 17:41:23] - evaluating...
[2022-06-29 17:41:23] - valid 11.850170, test 18.128145
[2022-06-29 17:41:23] - Epoch: 185
[2022-06-29 17:41:23] - training...
[2022-06-29 17:41:23] - [1299.8416748 1299.8416748    0.       ] 12.00463342666626
[2022-06-29 17:41:23] - evaluating...
[2022-06-29 17:41:23] - valid 12.191435, test 18.120038
[2022-06-29 17:41:23] - Epoch: 186
[2022-06-29 17:41:23] - training...
[2022-06-29 17:41:23] - [1077.73553467 1077.73553467    0.        ] 9.755955696105957
[2022-06-29 17:41:23] - evaluating...
[2022-06-29 17:41:23] - valid 11.176971, test 18.154612
[2022-06-29 17:41:23] - early stop
[2022-06-29 17:41:23] - best val score: 122.97960154215495 @ 146
[2022-06-29 17:41:23] - inference...
[2022-06-29 17:42:56] - create model...
[2022-06-29 17:42:56] - Epoch: 0
[2022-06-29 17:42:56] - training...
[2022-06-29 17:42:56] - [2632.65842285 2632.65842285    0.        ] 13.201657009124755
[2022-06-29 17:42:56] - evaluating...
[2022-06-29 17:42:56] - valid 12.561894, test 26.162332
[2022-06-29 17:42:56] - Epoch: 1
[2022-06-29 17:42:56] - training...
[2022-06-29 17:42:56] - [1926.40993652 1926.40993652    0.        ] 12.768625736236572
[2022-06-29 17:42:56] - evaluating...
[2022-06-29 17:42:56] - valid 12.502195, test 26.100648
[2022-06-29 17:42:56] - Epoch: 2
[2022-06-29 17:42:56] - training...
[2022-06-29 17:42:56] - [2121.0619751 2121.0619751    0.       ] 11.438161849975586
[2022-06-29 17:42:56] - evaluating...
[2022-06-29 17:42:57] - valid 12.458035, test 26.058029
[2022-06-29 17:42:57] - Epoch: 3
[2022-06-29 17:42:57] - training...
[2022-06-29 17:42:57] - [1838.77468262 1838.77468262    0.        ] 12.826848793029786
[2022-06-29 17:42:57] - evaluating...
[2022-06-29 17:42:57] - valid 12.442770, test 26.041771
[2022-06-29 17:42:57] - Epoch: 4
[2022-06-29 17:42:57] - training...
[2022-06-29 17:42:57] - [2595.00825195 2595.00825195    0.        ] 11.273779106140136
[2022-06-29 17:42:57] - evaluating...
[2022-06-29 17:42:57] - valid 12.430276, test 26.021915
[2022-06-29 17:42:57] - Epoch: 5
[2022-06-29 17:42:57] - training...
[2022-06-29 17:42:57] - [2170.99172363 2170.99172363    0.        ] 12.635111427307129
[2022-06-29 17:42:57] - evaluating...
[2022-06-29 17:42:57] - valid 12.420538, test 26.007497
[2022-06-29 17:42:57] - Epoch: 6
[2022-06-29 17:42:57] - training...
[2022-06-29 17:42:57] - [2331.70932617 2331.70932617    0.        ] 12.532083320617676
[2022-06-29 17:42:57] - evaluating...
[2022-06-29 17:42:57] - valid 12.393736, test 26.006054
[2022-06-29 17:42:57] - Epoch: 7
[2022-06-29 17:42:57] - training...
[2022-06-29 17:42:57] - [1868.25019531 1868.25019531    0.        ] 12.885161781311036
[2022-06-29 17:42:57] - evaluating...
[2022-06-29 17:42:57] - valid 12.345614, test 26.002711
[2022-06-29 17:42:57] - Epoch: 8
[2022-06-29 17:42:57] - training...
[2022-06-29 17:42:57] - [1762.94179077 1762.94179077    0.        ] 11.84290075302124
[2022-06-29 17:42:57] - evaluating...
[2022-06-29 17:42:57] - valid 12.330811, test 25.977188
[2022-06-29 17:42:57] - Epoch: 9
[2022-06-29 17:42:57] - training...
[2022-06-29 17:42:57] - [1554.88742676 1554.88742676    0.        ] 13.010927295684814
[2022-06-29 17:42:57] - evaluating...
[2022-06-29 17:42:58] - valid 12.338889, test 25.900941
[2022-06-29 17:42:58] - Epoch: 10
[2022-06-29 17:42:58] - training...
[2022-06-29 17:42:58] - [1827.02070312 1827.02070312    0.        ] 12.818161344528198
[2022-06-29 17:42:58] - evaluating...
[2022-06-29 17:42:58] - valid 12.333458, test 25.814800
[2022-06-29 17:42:58] - Epoch: 11
[2022-06-29 17:42:58] - training...
[2022-06-29 17:42:58] - [2357.28151855 2357.28151855    0.        ] 13.157898139953613
[2022-06-29 17:42:58] - evaluating...
[2022-06-29 17:42:58] - valid 12.234203, test 25.714341
[2022-06-29 17:42:58] - Epoch: 12
[2022-06-29 17:42:58] - training...
[2022-06-29 17:42:58] - [1939.63242188 1939.63242188    0.        ] 13.314799880981445
[2022-06-29 17:42:58] - evaluating...
[2022-06-29 17:42:58] - valid 12.048838, test 25.391150
[2022-06-29 17:42:58] - Epoch: 13
[2022-06-29 17:42:58] - training...
[2022-06-29 17:42:58] - [2131.36796875 2131.36796875    0.        ] 12.89484076499939
[2022-06-29 17:42:58] - evaluating...
[2022-06-29 17:42:58] - valid 11.768842, test 24.967124
[2022-06-29 17:42:58] - Epoch: 14
[2022-06-29 17:42:58] - training...
[2022-06-29 17:42:58] - [2411.58974609 2411.58974609    0.        ] 12.985191440582275
[2022-06-29 17:42:58] - evaluating...
[2022-06-29 17:42:58] - valid 11.725846, test 24.583998
[2022-06-29 17:42:58] - Epoch: 15
[2022-06-29 17:42:58] - training...
[2022-06-29 17:42:58] - [1825.69664307 1825.69664307    0.        ] 12.780897331237792
[2022-06-29 17:42:58] - evaluating...
[2022-06-29 17:42:58] - valid 11.614269, test 24.273054
[2022-06-29 17:42:58] - Epoch: 16
[2022-06-29 17:42:58] - training...
[2022-06-29 17:42:59] - [1967.23449707 1967.23449707    0.        ] 12.941917991638183
[2022-06-29 17:42:59] - evaluating...
[2022-06-29 17:42:59] - valid 11.592756, test 23.942852
[2022-06-29 17:42:59] - Epoch: 17
[2022-06-29 17:42:59] - training...
[2022-06-29 17:42:59] - [2033.29838867 2033.29838867    0.        ] 11.423505353927613
[2022-06-29 17:42:59] - evaluating...
[2022-06-29 17:42:59] - valid 11.965835, test 23.893800
[2022-06-29 17:42:59] - Epoch: 18
[2022-06-29 17:42:59] - training...
[2022-06-29 17:42:59] - [1832.0064209 1832.0064209    0.       ] 13.059210395812988
[2022-06-29 17:42:59] - evaluating...
[2022-06-29 17:42:59] - valid 12.174375, test 23.870802
[2022-06-29 17:42:59] - Epoch: 19
[2022-06-29 17:42:59] - training...
[2022-06-29 17:42:59] - [1768.95310059 1768.95310059    0.        ] 11.227032089233399
[2022-06-29 17:42:59] - evaluating...
[2022-06-29 17:42:59] - valid 11.484098, test 23.195070
[2022-06-29 17:42:59] - Epoch: 20
[2022-06-29 17:42:59] - training...
[2022-06-29 17:42:59] - [1676.0157959 1676.0157959    0.       ] 11.675240421295166
[2022-06-29 17:42:59] - evaluating...
[2022-06-29 17:42:59] - valid 10.797531, test 22.855992
[2022-06-29 17:42:59] - Epoch: 21
[2022-06-29 17:42:59] - training...
[2022-06-29 17:42:59] - [1581.13790283 1581.13790283    0.        ] 12.18770227432251
[2022-06-29 17:42:59] - evaluating...
[2022-06-29 17:42:59] - valid 11.215554, test 22.928105
[2022-06-29 17:42:59] - Epoch: 22
[2022-06-29 17:42:59] - training...
[2022-06-29 17:42:59] - [1644.23186035 1644.23186035    0.        ] 12.2550763130188
[2022-06-29 17:42:59] - evaluating...
[2022-06-29 17:42:59] - valid 11.170722, test 22.984911
[2022-06-29 17:42:59] - Epoch: 23
[2022-06-29 17:42:59] - training...
[2022-06-29 17:42:59] - [1786.35046387 1786.35046387    0.        ] 12.136205577850342
[2022-06-29 17:42:59] - evaluating...
[2022-06-29 17:43:00] - valid 9.911313, test 21.629775
[2022-06-29 17:43:00] - Epoch: 24
[2022-06-29 17:43:00] - training...
[2022-06-29 17:43:00] - [1194.52041016 1194.52041016    0.        ] 11.54191722869873
[2022-06-29 17:43:00] - evaluating...
[2022-06-29 17:43:00] - valid 9.777945, test 21.515305
[2022-06-29 17:43:00] - Epoch: 25
[2022-06-29 17:43:00] - training...
[2022-06-29 17:43:00] - [2238.02880859 2238.02880859    0.        ] 12.353393745422363
[2022-06-29 17:43:00] - evaluating...
[2022-06-29 17:43:00] - valid 11.034953, test 22.726118
[2022-06-29 17:43:00] - Epoch: 26
[2022-06-29 17:43:00] - training...
[2022-06-29 17:43:00] - [2444.8598877 2444.8598877    0.       ] 11.846231651306152
[2022-06-29 17:43:00] - evaluating...
[2022-06-29 17:43:00] - valid 11.635112, test 22.750529
[2022-06-29 17:43:00] - Epoch: 27
[2022-06-29 17:43:00] - training...
[2022-06-29 17:43:00] - [1748.84904785 1748.84904785    0.        ] 12.67381763458252
[2022-06-29 17:43:00] - evaluating...
[2022-06-29 17:43:00] - valid 11.509927, test 22.582793
[2022-06-29 17:43:00] - Epoch: 28
[2022-06-29 17:43:00] - training...
[2022-06-29 17:43:00] - [2010.22441406 2010.22441406    0.        ] 11.956495571136475
[2022-06-29 17:43:00] - evaluating...
[2022-06-29 17:43:00] - valid 10.954320, test 21.838472
[2022-06-29 17:43:00] - Epoch: 29
[2022-06-29 17:43:00] - training...
[2022-06-29 17:43:00] - [2020.51740723 2020.51740723    0.        ] 12.607234716415405
[2022-06-29 17:43:00] - evaluating...
[2022-06-29 17:43:00] - valid 11.389128, test 22.033592
[2022-06-29 17:43:00] - Epoch: 30
[2022-06-29 17:43:00] - training...
[2022-06-29 17:43:00] - [2198.57844238 2198.57844238    0.        ] 12.240329241752624
[2022-06-29 17:43:00] - evaluating...
[2022-06-29 17:43:01] - valid 11.717685, test 22.337996
[2022-06-29 17:43:01] - Epoch: 31
[2022-06-29 17:43:01] - training...
[2022-06-29 17:43:01] - [2420.11069336 2420.11069336    0.        ] 12.220442771911621
[2022-06-29 17:43:01] - evaluating...
[2022-06-29 17:43:01] - valid 11.749322, test 22.470412
[2022-06-29 17:43:01] - Epoch: 32
[2022-06-29 17:43:01] - training...
[2022-06-29 17:43:01] - [1543.01760254 1543.01760254    0.        ] 11.252476787567138
[2022-06-29 17:43:01] - evaluating...
[2022-06-29 17:43:01] - valid 11.675019, test 22.692574
[2022-06-29 17:43:01] - Epoch: 33
[2022-06-29 17:43:01] - training...
[2022-06-29 17:43:01] - [2240.74223938 2240.74223938    0.        ] 12.470844149589539
[2022-06-29 17:43:01] - evaluating...
[2022-06-29 17:43:01] - valid 11.016294, test 22.206632
[2022-06-29 17:43:01] - Epoch: 34
[2022-06-29 17:43:01] - training...
[2022-06-29 17:43:01] - [2213.12595215 2213.12595215    0.        ] 12.022903633117675
[2022-06-29 17:43:01] - evaluating...
[2022-06-29 17:43:01] - valid 10.382298, test 21.604892
[2022-06-29 17:43:01] - Epoch: 35
[2022-06-29 17:43:01] - training...
[2022-06-29 17:43:01] - [2059.60947266 2059.60947266    0.        ] 10.992040061950684
[2022-06-29 17:43:01] - evaluating...
[2022-06-29 17:43:01] - valid 10.810936, test 21.249532
[2022-06-29 17:43:01] - Epoch: 36
[2022-06-29 17:43:01] - training...
[2022-06-29 17:43:01] - [1945.25203857 1945.25203857    0.        ] 12.412168312072755
[2022-06-29 17:43:01] - evaluating...
[2022-06-29 17:43:01] - valid 11.519568, test 21.924954
[2022-06-29 17:43:01] - Epoch: 37
[2022-06-29 17:43:01] - training...
[2022-06-29 17:43:01] - [2158.02075195 2158.02075195    0.        ] 11.21666088104248
[2022-06-29 17:43:01] - evaluating...
[2022-06-29 17:43:01] - valid 12.030057, test 22.890679
[2022-06-29 17:43:01] - Epoch: 38
[2022-06-29 17:43:01] - training...
[2022-06-29 17:43:02] - [1965.94256592 1965.94256592    0.        ] 11.27832260131836
[2022-06-29 17:43:02] - evaluating...
[2022-06-29 17:43:02] - valid 12.199421, test 23.430120
[2022-06-29 17:43:02] - Epoch: 39
[2022-06-29 17:43:02] - training...
[2022-06-29 17:43:02] - [1765.5026123 1765.5026123    0.       ] 11.857624816894532
[2022-06-29 17:43:02] - evaluating...
[2022-06-29 17:43:02] - valid 11.930136, test 22.359593
[2022-06-29 17:43:02] - Epoch: 40
[2022-06-29 17:43:02] - training...
[2022-06-29 17:43:02] - [1607.30339355 1607.30339355    0.        ] 12.010350036621094
[2022-06-29 17:43:02] - evaluating...
[2022-06-29 17:43:02] - valid 11.589580, test 21.900616
[2022-06-29 17:43:02] - Epoch: 41
[2022-06-29 17:43:02] - training...
[2022-06-29 17:43:02] - [1698.71768799 1698.71768799    0.        ] 12.215165424346925
[2022-06-29 17:43:02] - evaluating...
[2022-06-29 17:43:02] - valid 11.052610, test 21.532476
[2022-06-29 17:43:02] - Epoch: 42
[2022-06-29 17:43:02] - training...
[2022-06-29 17:43:02] - [1630.03466187 1630.03466187    0.        ] 12.000278949737549
[2022-06-29 17:43:02] - evaluating...
[2022-06-29 17:43:02] - valid 10.644758, test 20.896816
[2022-06-29 17:43:02] - Epoch: 43
[2022-06-29 17:43:02] - training...
[2022-06-29 17:43:02] - [1448.44682617 1448.44682617    0.        ] 11.190686655044555
[2022-06-29 17:43:02] - evaluating...
[2022-06-29 17:43:02] - valid 11.530561, test 22.078996
[2022-06-29 17:43:02] - Epoch: 44
[2022-06-29 17:43:02] - training...
[2022-06-29 17:43:02] - [2247.41308594 2247.41308594    0.        ] 11.473609209060669
[2022-06-29 17:43:02] - evaluating...
[2022-06-29 17:43:02] - valid 11.793844, test 22.402521
[2022-06-29 17:43:02] - Epoch: 45
[2022-06-29 17:43:02] - training...
[2022-06-29 17:43:02] - [1459.26290283 1459.26290283    0.        ] 11.859559154510498
[2022-06-29 17:43:02] - evaluating...
[2022-06-29 17:43:03] - valid 12.005589, test 22.880331
[2022-06-29 17:43:03] - Epoch: 46
[2022-06-29 17:43:03] - training...
[2022-06-29 17:43:03] - [2887.89072266 2887.89072266    0.        ] 11.974215769767762
[2022-06-29 17:43:03] - evaluating...
[2022-06-29 17:43:03] - valid 12.022537, test 22.818611
[2022-06-29 17:43:03] - Epoch: 47
[2022-06-29 17:43:03] - training...
[2022-06-29 17:43:03] - [1571.99741211 1571.99741211    0.        ] 11.965092754364013
[2022-06-29 17:43:03] - evaluating...
[2022-06-29 17:43:03] - valid 11.925901, test 22.812015
[2022-06-29 17:43:03] - Epoch: 48
[2022-06-29 17:43:03] - training...
[2022-06-29 17:43:03] - [2100.24887695 2100.24887695    0.        ] 11.591344928741455
[2022-06-29 17:43:03] - evaluating...
[2022-06-29 17:43:03] - valid 10.954332, test 21.482170
[2022-06-29 17:43:03] - Epoch: 49
[2022-06-29 17:43:03] - training...
[2022-06-29 17:43:03] - [1972.51401367 1972.51401367    0.        ] 10.483905935287476
[2022-06-29 17:43:03] - evaluating...
[2022-06-29 17:43:03] - valid 10.113899, test 19.551394
[2022-06-29 17:43:03] - Epoch: 50
[2022-06-29 17:43:03] - training...
[2022-06-29 17:43:03] - [1885.14871826 1885.14871826    0.        ] 11.043497085571289
[2022-06-29 17:43:03] - evaluating...
[2022-06-29 17:43:03] - valid 10.740411, test 20.253757
[2022-06-29 17:43:03] - Epoch: 51
[2022-06-29 17:43:03] - training...
[2022-06-29 17:43:03] - [1918.85153809 1918.85153809    0.        ] 12.328031921386719
[2022-06-29 17:43:03] - evaluating...
[2022-06-29 17:43:04] - valid 10.862729, test 20.193961
[2022-06-29 17:43:04] - Epoch: 52
[2022-06-29 17:43:04] - training...
[2022-06-29 17:43:04] - [1837.40600586 1837.40600586    0.        ] 11.601154613494874
[2022-06-29 17:43:04] - evaluating...
[2022-06-29 17:43:04] - valid 10.182177, test 19.406047
[2022-06-29 17:43:04] - Epoch: 53
[2022-06-29 17:43:04] - training...
[2022-06-29 17:43:04] - [1649.48387451 1649.48387451    0.        ] 12.073954963684082
[2022-06-29 17:43:04] - evaluating...
[2022-06-29 17:43:04] - valid 11.124400, test 20.100331
[2022-06-29 17:43:04] - Epoch: 54
[2022-06-29 17:43:04] - training...
[2022-06-29 17:43:04] - [958.99849854 958.99849854   0.        ] 11.636314487457275
[2022-06-29 17:43:04] - evaluating...
[2022-06-29 17:43:04] - valid 11.196989, test 20.391318
[2022-06-29 17:43:04] - Epoch: 55
[2022-06-29 17:43:04] - training...
[2022-06-29 17:43:04] - [2138.83638916 2138.83638916    0.        ] 11.635046577453613
[2022-06-29 17:43:04] - evaluating...
[2022-06-29 17:43:04] - valid 11.504894, test 21.432154
[2022-06-29 17:43:04] - Epoch: 56
[2022-06-29 17:43:04] - training...
[2022-06-29 17:43:04] - [1505.0736084 1505.0736084    0.       ] 10.429575061798095
[2022-06-29 17:43:04] - evaluating...
[2022-06-29 17:43:04] - valid 10.412075, test 20.426164
[2022-06-29 17:43:04] - Epoch: 57
[2022-06-29 17:43:04] - training...
[2022-06-29 17:43:04] - [1563.91594315 1563.91594315    0.        ] 11.878387260437012
[2022-06-29 17:43:04] - evaluating...
[2022-06-29 17:43:04] - valid 10.456054, test 20.433169
[2022-06-29 17:43:04] - Epoch: 58
[2022-06-29 17:43:04] - training...
[2022-06-29 17:43:04] - [1649.51722412 1649.51722412    0.        ] 11.478013134002685
[2022-06-29 17:43:04] - evaluating...
[2022-06-29 17:43:05] - valid 11.773953, test 21.665326
[2022-06-29 17:43:05] - Epoch: 59
[2022-06-29 17:43:05] - training...
[2022-06-29 17:43:05] - [2274.01005859 2274.01005859    0.        ] 12.293354606628418
[2022-06-29 17:43:05] - evaluating...
[2022-06-29 17:43:05] - valid 12.019916, test 22.027028
[2022-06-29 17:43:05] - Epoch: 60
[2022-06-29 17:43:05] - training...
[2022-06-29 17:43:05] - [1773.37254639 1773.37254639    0.        ] 11.558454895019532
[2022-06-29 17:43:05] - evaluating...
[2022-06-29 17:43:05] - valid 11.645240, test 20.905816
[2022-06-29 17:43:05] - Epoch: 61
[2022-06-29 17:43:05] - training...
[2022-06-29 17:43:05] - [1334.73615723 1334.73615723    0.        ] 11.372747993469238
[2022-06-29 17:43:05] - evaluating...
[2022-06-29 17:43:05] - valid 11.545269, test 20.586337
[2022-06-29 17:43:05] - Epoch: 62
[2022-06-29 17:43:05] - training...
[2022-06-29 17:43:05] - [1723.94822998 1723.94822998    0.        ] 11.62880072593689
[2022-06-29 17:43:05] - evaluating...
[2022-06-29 17:43:05] - valid 11.489116, test 20.253104
[2022-06-29 17:43:05] - Epoch: 63
[2022-06-29 17:43:05] - training...
[2022-06-29 17:43:05] - [1960.71791992 1960.71791992    0.        ] 11.971529674530029
[2022-06-29 17:43:05] - evaluating...
[2022-06-29 17:43:05] - valid 11.370733, test 20.313154
[2022-06-29 17:43:05] - Epoch: 64
[2022-06-29 17:43:05] - training...
[2022-06-29 17:43:05] - [1143.69697876 1143.69697876    0.        ] 11.351348972320556
[2022-06-29 17:43:05] - evaluating...
[2022-06-29 17:43:05] - valid 10.423273, test 19.123698
[2022-06-29 17:43:05] - early stop
[2022-06-29 17:43:05] - best val score: 136.43651123046874 @ 24
[2022-06-29 17:43:05] - inference...
