[2022-06-29 20:35:21] - create model...
[2022-06-29 20:35:21] - Epoch: 0
[2022-06-29 20:35:21] - training...
[2022-06-29 20:35:21] - [2032.14481608 2030.75065104    2.78823034] 12.951713562011719
[2022-06-29 20:35:21] - evaluating...
[2022-06-29 20:35:21] - valid 12.416367, test 25.747273
[2022-06-29 20:35:21] - Epoch: 1
[2022-06-29 20:35:21] - training...
[2022-06-29 20:35:21] - [2366.47359212 2365.08186849    2.78343662] 13.844258944193522
[2022-06-29 20:35:21] - evaluating...
[2022-06-29 20:35:21] - valid 12.328572, test 25.667242
[2022-06-29 20:35:21] - Epoch: 2
[2022-06-29 20:35:21] - training...
[2022-06-29 20:35:22] - [1500.18933105 1498.79557292    2.78749196] 13.79770310719808
[2022-06-29 20:35:22] - evaluating...
[2022-06-29 20:35:22] - valid 12.271250, test 25.585169
[2022-06-29 20:35:22] - Epoch: 3
[2022-06-29 20:35:22] - training...
[2022-06-29 20:35:22] - [1954.79386393 1953.40409342    2.77956692] 12.992283821105957
[2022-06-29 20:35:22] - evaluating...
[2022-06-29 20:35:22] - valid 11.923567, test 25.291238
[2022-06-29 20:35:22] - Epoch: 4
[2022-06-29 20:35:22] - training...
[2022-06-29 20:35:23] - [1946.10636393 1944.71541341    2.78188237] 13.239892959594727
[2022-06-29 20:35:23] - evaluating...
[2022-06-29 20:35:23] - valid 11.625774, test 25.023523
[2022-06-29 20:35:23] - Epoch: 5
[2022-06-29 20:35:23] - training...
[2022-06-29 20:35:23] - [1962.28828939 1960.89603678    2.78444282] 12.750877062479654
[2022-06-29 20:35:23] - evaluating...
[2022-06-29 20:35:23] - valid 11.497917, test 24.876227
[2022-06-29 20:35:23] - Epoch: 6
[2022-06-29 20:35:23] - training...
[2022-06-29 20:35:23] - [2758.12825521 2756.73470052    2.7872235 ] 13.11476469039917
[2022-06-29 20:35:23] - evaluating...
[2022-06-29 20:35:23] - valid 11.920142, test 25.103128
[2022-06-29 20:35:23] - Epoch: 7
[2022-06-29 20:35:23] - training...
[2022-06-29 20:35:24] - [1837.02709961 1835.6352946     2.78353548] 12.283080101013184
[2022-06-29 20:35:24] - evaluating...
[2022-06-29 20:35:24] - valid 12.088850, test 24.922251
[2022-06-29 20:35:24] - Epoch: 8
[2022-06-29 20:35:24] - training...
[2022-06-29 20:35:24] - [1076.88574219 1075.49391683    2.78366868] 12.249225934346518
[2022-06-29 20:35:24] - evaluating...
[2022-06-29 20:35:24] - valid 11.826600, test 24.390296
[2022-06-29 20:35:24] - Epoch: 9
[2022-06-29 20:35:24] - training...
[2022-06-29 20:35:25] - [1148.64615885 1147.25290934    2.78650951] 12.038467725118002
[2022-06-29 20:35:25] - evaluating...
[2022-06-29 20:35:25] - valid 11.029938, test 24.143835
[2022-06-29 20:35:25] - Epoch: 10
[2022-06-29 20:35:25] - training...
[2022-06-29 20:35:25] - [1793.86071777 1792.4691569     2.78302375] 10.817877610524496
[2022-06-29 20:35:25] - evaluating...
[2022-06-29 20:35:25] - valid 10.751333, test 23.742500
[2022-06-29 20:35:25] - Epoch: 11
[2022-06-29 20:35:25] - training...
[2022-06-29 20:35:25] - [1675.43334961 1674.04014079    2.78648543] 9.926830450693766
[2022-06-29 20:35:25] - evaluating...
[2022-06-29 20:35:26] - valid 11.889248, test 23.455954
[2022-06-29 20:35:26] - Epoch: 12
[2022-06-29 20:35:26] - training...
[2022-06-29 20:35:26] - [1382.06225586 1380.67226156    2.77992773] 11.2789888381958
[2022-06-29 20:35:26] - evaluating...
[2022-06-29 20:35:26] - valid 11.959702, test 22.401204
[2022-06-29 20:35:26] - Epoch: 13
[2022-06-29 20:35:26] - training...
[2022-06-29 20:35:26] - [1334.76053874 1333.36645508    2.78813338] 10.941446304321289
[2022-06-29 20:35:26] - evaluating...
[2022-06-29 20:35:26] - valid 11.689213, test 21.253249
[2022-06-29 20:35:26] - Epoch: 14
[2022-06-29 20:35:26] - training...
[2022-06-29 20:35:27] - [1661.5888265  1660.20072428    2.77622541] 11.122215429941813
[2022-06-29 20:35:27] - evaluating...
[2022-06-29 20:35:27] - valid 11.172330, test 19.210779
[2022-06-29 20:35:27] - Epoch: 15
[2022-06-29 20:35:27] - training...
[2022-06-29 20:35:27] - [1192.76470947 1191.37117513    2.7870361 ] 10.20577096939087
[2022-06-29 20:35:27] - evaluating...
[2022-06-29 20:35:27] - valid 9.211359, test 17.095420
[2022-06-29 20:35:27] - Epoch: 16
[2022-06-29 20:35:27] - training...
[2022-06-29 20:35:28] - [945.29925537 943.90824382   2.7820429 ] 9.730756998062134
[2022-06-29 20:35:28] - evaluating...
[2022-06-29 20:35:28] - valid 7.377281, test 15.594013
[2022-06-29 20:35:28] - Epoch: 17
[2022-06-29 20:35:28] - training...
[2022-06-29 20:35:28] - [1097.27793376 1095.88236491    2.79116591] 9.613999366760254
[2022-06-29 20:35:28] - evaluating...
[2022-06-29 20:35:28] - valid 7.417842, test 15.345269
[2022-06-29 20:35:28] - Epoch: 18
[2022-06-29 20:35:28] - training...
[2022-06-29 20:35:28] - [921.73582967 920.3449707    2.78174766] 9.82173760732015
[2022-06-29 20:35:28] - evaluating...
[2022-06-29 20:35:28] - valid 7.825807, test 15.027360
[2022-06-29 20:35:28] - Epoch: 19
[2022-06-29 20:35:28] - training...
[2022-06-29 20:35:29] - [945.73323568 944.34611003   2.77425257] 8.940605799357096
[2022-06-29 20:35:29] - evaluating...
[2022-06-29 20:35:29] - valid 9.498176, test 16.699372
[2022-06-29 20:35:29] - Epoch: 20
[2022-06-29 20:35:29] - training...
[2022-06-29 20:35:29] - [1092.4660848  1091.07342529    2.78538243] 9.710732301076254
[2022-06-29 20:35:29] - evaluating...
[2022-06-29 20:35:29] - valid 9.969456, test 18.573878
[2022-06-29 20:35:29] - Epoch: 21
[2022-06-29 20:35:29] - training...
[2022-06-29 20:35:30] - [843.12770589 841.72932943   2.79678925] 8.513585090637207
[2022-06-29 20:35:30] - evaluating...
[2022-06-29 20:35:30] - valid 9.407376, test 18.785398
[2022-06-29 20:35:30] - Epoch: 22
[2022-06-29 20:35:30] - training...
[2022-06-29 20:35:30] - [743.53434245 742.14341227   2.78189341] 7.011914412180583
[2022-06-29 20:35:30] - evaluating...
[2022-06-29 20:35:30] - valid 9.427967, test 15.576366
[2022-06-29 20:35:30] - Epoch: 23
[2022-06-29 20:35:30] - training...
[2022-06-29 20:35:30] - [801.39437866 800.00091553   2.78697753] 8.725958824157715
[2022-06-29 20:35:30] - evaluating...
[2022-06-29 20:35:30] - valid 10.733430, test 15.958766
[2022-06-29 20:35:30] - Epoch: 24
[2022-06-29 20:35:30] - training...
[2022-06-29 20:35:31] - [637.04570516 635.6492513    2.79294133] 8.6171924273173
[2022-06-29 20:35:31] - evaluating...
[2022-06-29 20:35:31] - valid 8.589347, test 12.722694
[2022-06-29 20:35:31] - Epoch: 25
[2022-06-29 20:35:31] - training...
[2022-06-29 20:35:31] - [723.64729818 722.25874837   2.77708499] 9.127646446228027
[2022-06-29 20:35:31] - evaluating...
[2022-06-29 20:35:31] - valid 9.139678, test 12.680910
[2022-06-29 20:35:31] - Epoch: 26
[2022-06-29 20:35:31] - training...
[2022-06-29 20:35:32] - [659.8039856  658.41475423   2.77842069] 8.994799137115479
[2022-06-29 20:35:32] - evaluating...
[2022-06-29 20:35:32] - valid 10.723518, test 13.958482
[2022-06-29 20:35:32] - Epoch: 27
[2022-06-29 20:35:32] - training...
[2022-06-29 20:35:32] - [735.81090291 734.42133586   2.779128  ] 9.657276471455893
[2022-06-29 20:35:32] - evaluating...
[2022-06-29 20:35:32] - valid 11.060246, test 16.350872
[2022-06-29 20:35:32] - Epoch: 28
[2022-06-29 20:35:32] - training...
[2022-06-29 20:35:32] - [665.94237264 664.55131022   2.78215424] 10.535170714060465
[2022-06-29 20:35:32] - evaluating...
[2022-06-29 20:35:33] - valid 10.477059, test 17.525083
[2022-06-29 20:35:33] - Epoch: 29
[2022-06-29 20:35:33] - training...
[2022-06-29 20:35:33] - [843.21994019 841.82951864   2.78080606] 9.456685225168863
[2022-06-29 20:35:33] - evaluating...
[2022-06-29 20:35:33] - valid 8.753777, test 14.747089
[2022-06-29 20:35:33] - Epoch: 30
[2022-06-29 20:35:33] - training...
[2022-06-29 20:35:33] - [809.51890055 808.12615967   2.78549345] 8.8689603805542
[2022-06-29 20:35:33] - evaluating...
[2022-06-29 20:35:33] - valid 10.495184, test 14.939919
[2022-06-29 20:35:33] - Epoch: 31
[2022-06-29 20:35:33] - training...
[2022-06-29 20:35:34] - [1273.3166097  1271.9255778     2.78207533] 9.997742493947348
[2022-06-29 20:35:34] - evaluating...
[2022-06-29 20:35:34] - valid 12.513566, test 14.188475
[2022-06-29 20:35:34] - Epoch: 32
[2022-06-29 20:35:34] - training...
[2022-06-29 20:35:34] - [1065.48980713 1064.10013835    2.77933772] 8.497373263041178
[2022-06-29 20:35:34] - evaluating...
[2022-06-29 20:35:34] - valid 13.195986, test 15.437138
[2022-06-29 20:35:34] - Epoch: 33
[2022-06-29 20:35:34] - training...
[2022-06-29 20:35:35] - [742.4738973  741.08504232   2.77772872] 9.045974890391031
[2022-06-29 20:35:35] - evaluating...
[2022-06-29 20:35:35] - valid 11.763012, test 20.119269
[2022-06-29 20:35:35] - Epoch: 34
[2022-06-29 20:35:35] - training...
[2022-06-29 20:35:35] - [1046.65407308 1045.26057943    2.78700932] 10.114611784617106
[2022-06-29 20:35:35] - evaluating...
[2022-06-29 20:35:35] - valid 8.986996, test 17.857087
[2022-06-29 20:35:35] - Epoch: 35
[2022-06-29 20:35:35] - training...
[2022-06-29 20:35:35] - [809.49879964 808.10394287   2.78971362] 10.930049260457357
[2022-06-29 20:35:35] - evaluating...
[2022-06-29 20:35:35] - valid 8.238817, test 14.183255
[2022-06-29 20:35:35] - Epoch: 36
[2022-06-29 20:35:35] - training...
[2022-06-29 20:35:36] - [575.22966512 573.83477783   2.78975352] 7.610263347625732
[2022-06-29 20:35:36] - evaluating...
[2022-06-29 20:35:36] - valid 8.166560, test 13.295859
[2022-06-29 20:35:36] - Epoch: 37
[2022-06-29 20:35:36] - training...
[2022-06-29 20:35:36] - [599.40382894 598.01801554   2.77161129] 10.03919537862142
[2022-06-29 20:35:36] - evaluating...
[2022-06-29 20:35:36] - valid 8.643388, test 18.440736
[2022-06-29 20:35:36] - Epoch: 38
[2022-06-29 20:35:36] - training...
[2022-06-29 20:35:37] - [808.8538208  807.46010335   2.78747543] 8.92568302154541
[2022-06-29 20:35:37] - evaluating...
[2022-06-29 20:35:37] - valid 8.503024, test 18.128992
[2022-06-29 20:35:37] - Epoch: 39
[2022-06-29 20:35:37] - training...
[2022-06-29 20:35:37] - [593.95769246 592.56599935   2.78339926] 9.573575973510742
[2022-06-29 20:35:37] - evaluating...
[2022-06-29 20:35:37] - valid 8.270332, test 14.022916
[2022-06-29 20:35:37] - Epoch: 40
[2022-06-29 20:35:37] - training...
[2022-06-29 20:35:38] - [465.0230306  463.63142395   2.78319518] 8.376083374023438
[2022-06-29 20:35:38] - evaluating...
[2022-06-29 20:35:38] - valid 8.941813, test 13.867415
[2022-06-29 20:35:38] - Epoch: 41
[2022-06-29 20:35:38] - training...
[2022-06-29 20:35:38] - [418.63687134 417.24344889   2.78686102] 9.402469158172607
[2022-06-29 20:35:38] - evaluating...
[2022-06-29 20:35:38] - valid 9.171170, test 14.245359
[2022-06-29 20:35:38] - Epoch: 42
[2022-06-29 20:35:38] - training...
[2022-06-29 20:35:39] - [435.42219035 434.03049723   2.7833871 ] 8.864580313364664
[2022-06-29 20:35:39] - evaluating...
[2022-06-29 20:35:39] - valid 8.280015, test 14.444105
[2022-06-29 20:35:39] - Epoch: 43
[2022-06-29 20:35:39] - training...
[2022-06-29 20:35:39] - [828.9537557 827.559611    2.7882456] 7.842936038970947
[2022-06-29 20:35:39] - evaluating...
[2022-06-29 20:35:39] - valid 7.358292, test 15.199857
[2022-06-29 20:35:39] - Epoch: 44
[2022-06-29 20:35:39] - training...
[2022-06-29 20:35:39] - [541.23943075 539.84759521   2.78366462] 8.592031796773275
[2022-06-29 20:35:39] - evaluating...
[2022-06-29 20:35:40] - valid 7.317190, test 13.361123
[2022-06-29 20:35:40] - Epoch: 45
[2022-06-29 20:35:40] - training...
[2022-06-29 20:35:40] - [503.18710327 501.79796346   2.77826039] 8.491529067357382
[2022-06-29 20:35:40] - evaluating...
[2022-06-29 20:35:40] - valid 12.031872, test 15.861180
[2022-06-29 20:35:40] - Epoch: 46
[2022-06-29 20:35:40] - training...
[2022-06-29 20:35:40] - [470.65200806 469.26126099   2.7814858 ] 8.124773343404135
[2022-06-29 20:35:40] - evaluating...
[2022-06-29 20:35:41] - valid 15.055757, test 16.830738
[2022-06-29 20:35:41] - Epoch: 47
[2022-06-29 20:35:41] - training...
[2022-06-29 20:35:41] - [805.87861125 804.49190267   2.77338783] 9.680537223815918
[2022-06-29 20:35:41] - evaluating...
[2022-06-29 20:35:41] - valid 21.294352, test 16.913743
[2022-06-29 20:35:41] - Epoch: 48
[2022-06-29 20:35:41] - training...
[2022-06-29 20:35:41] - [531.80232747 530.40967814   2.78529334] 8.744606653849283
[2022-06-29 20:35:41] - evaluating...
[2022-06-29 20:35:42] - valid 20.485885, test 16.076785
[2022-06-29 20:35:42] - Epoch: 49
[2022-06-29 20:35:42] - training...
[2022-06-29 20:35:42] - [607.33442179 605.93966675   2.78949785] 9.32138474782308
[2022-06-29 20:35:42] - evaluating...
[2022-06-29 20:35:42] - valid 19.945231, test 15.092393
[2022-06-29 20:35:42] - Epoch: 50
[2022-06-29 20:35:42] - training...
[2022-06-29 20:35:42] - [512.49387614 511.10584513   2.77607274] 9.776681582132975
[2022-06-29 20:35:42] - evaluating...
[2022-06-29 20:35:43] - valid 16.076619, test 13.618266
[2022-06-29 20:35:43] - Epoch: 51
[2022-06-29 20:35:43] - training...
[2022-06-29 20:35:43] - [624.39043681 622.99873352   2.78339998] 8.438088258107504
[2022-06-29 20:35:43] - evaluating...
[2022-06-29 20:35:43] - valid 16.902855, test 13.998821
[2022-06-29 20:35:43] - Epoch: 52
[2022-06-29 20:35:43] - training...
[2022-06-29 20:35:43] - [502.2249349  500.83126831   2.78733722] 10.069497108459473
[2022-06-29 20:35:43] - evaluating...
[2022-06-29 20:35:43] - valid 10.218684, test 13.550036
[2022-06-29 20:35:43] - Epoch: 53
[2022-06-29 20:35:43] - training...
[2022-06-29 20:35:44] - [394.15307617 392.75924683   2.78764749] 8.661941846211752
[2022-06-29 20:35:44] - evaluating...
[2022-06-29 20:35:44] - valid 7.719100, test 14.115950
[2022-06-29 20:35:44] - Epoch: 54
[2022-06-29 20:35:44] - training...
[2022-06-29 20:35:44] - [463.01719157 461.61964925   2.79509886] 7.201845804850261
[2022-06-29 20:35:44] - evaluating...
[2022-06-29 20:35:44] - valid 6.806415, test 12.024767
[2022-06-29 20:35:44] - Epoch: 55
[2022-06-29 20:35:44] - training...
[2022-06-29 20:35:45] - [566.88510132 565.49276733   2.78467011] 10.036836942036947
[2022-06-29 20:35:45] - evaluating...
[2022-06-29 20:35:45] - valid 8.731711, test 11.905350
[2022-06-29 20:35:45] - Epoch: 56
[2022-06-29 20:35:45] - training...
[2022-06-29 20:35:46] - [563.10941569 561.71815999   2.78251807] 9.066160519917807
[2022-06-29 20:35:46] - evaluating...
[2022-06-29 20:35:46] - valid 12.372814, test 12.912872
[2022-06-29 20:35:46] - Epoch: 57
[2022-06-29 20:35:46] - training...
[2022-06-29 20:35:46] - [496.47017415 495.08336385   2.77361886] 8.632064501444498
[2022-06-29 20:35:46] - evaluating...
[2022-06-29 20:35:46] - valid 14.376957, test 12.735242
[2022-06-29 20:35:46] - Epoch: 58
[2022-06-29 20:35:46] - training...
[2022-06-29 20:35:47] - [653.28315226 651.89204915   2.78220948] 8.092146396636963
[2022-06-29 20:35:47] - evaluating...
[2022-06-29 20:35:47] - valid 11.665906, test 12.496631
[2022-06-29 20:35:47] - Epoch: 59
[2022-06-29 20:35:47] - training...
[2022-06-29 20:35:47] - [659.84624227 658.45657349   2.77934845] 8.598893324534098
[2022-06-29 20:35:47] - evaluating...
[2022-06-29 20:35:47] - valid 8.674525, test 12.673557
[2022-06-29 20:35:47] - Epoch: 60
[2022-06-29 20:35:47] - training...
[2022-06-29 20:35:48] - [541.78794352 540.40037028   2.77512805] 8.344334920247396
[2022-06-29 20:35:48] - evaluating...
[2022-06-29 20:35:48] - valid 8.741914, test 11.400538
[2022-06-29 20:35:48] - Epoch: 61
[2022-06-29 20:35:48] - training...
[2022-06-29 20:35:48] - [469.67681885 468.28531901   2.7830054 ] 7.75050417582194
[2022-06-29 20:35:48] - evaluating...
[2022-06-29 20:35:48] - valid 9.768907, test 11.345488
[2022-06-29 20:35:48] - Epoch: 62
[2022-06-29 20:35:48] - training...
[2022-06-29 20:35:49] - [765.15209961 763.7590332    2.78616587] 8.576187133789062
[2022-06-29 20:35:49] - evaluating...
[2022-06-29 20:35:49] - valid 12.419529, test 12.415280
[2022-06-29 20:35:49] - Epoch: 63
[2022-06-29 20:35:49] - training...
[2022-06-29 20:35:49] - [388.90084839 387.50904338   2.78363323] 8.069720109303793
[2022-06-29 20:35:49] - evaluating...
[2022-06-29 20:35:49] - valid 12.192293, test 13.409338
[2022-06-29 20:35:49] - Epoch: 64
[2022-06-29 20:35:49] - training...
[2022-06-29 20:35:50] - [802.15447998 800.76961263   2.76972723] 8.80725908279419
[2022-06-29 20:35:50] - evaluating...
[2022-06-29 20:35:50] - valid 10.802112, test 12.528303
[2022-06-29 20:35:50] - Epoch: 65
[2022-06-29 20:35:50] - training...
[2022-06-29 20:35:50] - [516.03179932 514.64238485   2.77882417] 8.363974253336588
[2022-06-29 20:35:50] - evaluating...
[2022-06-29 20:35:51] - valid 10.342063, test 12.291834
[2022-06-29 20:35:51] - Epoch: 66
[2022-06-29 20:35:51] - training...
[2022-06-29 20:35:51] - [620.66536458 619.2786967    2.77335246] 9.021709283192953
[2022-06-29 20:35:51] - evaluating...
[2022-06-29 20:35:51] - valid 10.012647, test 12.035858
[2022-06-29 20:35:51] - Epoch: 67
[2022-06-29 20:35:51] - training...
[2022-06-29 20:35:52] - [456.81709544 455.42325592   2.7876912 ] 7.431604862213135
[2022-06-29 20:35:52] - evaluating...
[2022-06-29 20:35:52] - valid 8.269474, test 12.533492
[2022-06-29 20:35:52] - Epoch: 68
[2022-06-29 20:35:52] - training...
[2022-06-29 20:35:52] - [579.70118205 578.30880737   2.78476421] 7.128781954447429
[2022-06-29 20:35:52] - evaluating...
[2022-06-29 20:35:52] - valid 7.430655, test 12.646152
[2022-06-29 20:35:52] - Epoch: 69
[2022-06-29 20:35:52] - training...
[2022-06-29 20:35:53] - [695.55786133 694.16536458   2.78496909] 8.427839597066244
[2022-06-29 20:35:53] - evaluating...
[2022-06-29 20:35:53] - valid 7.805621, test 12.038201
[2022-06-29 20:35:53] - Epoch: 70
[2022-06-29 20:35:53] - training...
[2022-06-29 20:35:53] - [437.40308126 436.0136617    2.77883911] 6.503776391347249
[2022-06-29 20:35:53] - evaluating...
[2022-06-29 20:35:53] - valid 9.038249, test 10.896267
[2022-06-29 20:35:53] - Epoch: 71
[2022-06-29 20:35:53] - training...
[2022-06-29 20:35:54] - [157.70805359 156.31401062   2.78808991] 6.893877029418945
[2022-06-29 20:35:54] - evaluating...
[2022-06-29 20:35:54] - valid 11.077760, test 11.463329
[2022-06-29 20:35:54] - Epoch: 72
[2022-06-29 20:35:54] - training...
[2022-06-29 20:35:54] - [325.27707418 323.88321431   2.78772791] 6.310012420018514
[2022-06-29 20:35:55] - evaluating...
[2022-06-29 20:35:55] - valid 10.566533, test 11.691589
[2022-06-29 20:35:55] - Epoch: 73
[2022-06-29 20:35:55] - training...
[2022-06-29 20:35:55] - [554.02459717 552.62635295   2.79648423] 7.3159434000651045
[2022-06-29 20:35:55] - evaluating...
[2022-06-29 20:35:55] - valid 9.760963, test 11.600214
[2022-06-29 20:35:55] - Epoch: 74
[2022-06-29 20:35:55] - training...
[2022-06-29 20:35:56] - [378.99545288 377.60143026   2.78804199] 6.186386267344157
[2022-06-29 20:35:56] - evaluating...
[2022-06-29 20:35:56] - valid 10.843510, test 11.531108
[2022-06-29 20:35:56] - Epoch: 75
[2022-06-29 20:35:56] - training...
[2022-06-29 20:35:56] - [488.69053141 487.29788208   2.78532704] 7.654553572336833
[2022-06-29 20:35:56] - evaluating...
[2022-06-29 20:35:56] - valid 11.953269, test 11.760037
[2022-06-29 20:35:56] - Epoch: 76
[2022-06-29 20:35:56] - training...
[2022-06-29 20:35:57] - [486.79130554 485.40316772   2.77627762] 6.3052910168965655
[2022-06-29 20:35:57] - evaluating...
[2022-06-29 20:35:57] - valid 17.649115, test 13.465612
[2022-06-29 20:35:57] - Epoch: 77
[2022-06-29 20:35:57] - training...
[2022-06-29 20:35:57] - [454.03645833 452.64938354   2.77416746] 6.939855734507243
[2022-06-29 20:35:57] - evaluating...
[2022-06-29 20:35:57] - valid 19.513915, test 14.652371
[2022-06-29 20:35:57] - Epoch: 78
[2022-06-29 20:35:57] - training...
[2022-06-29 20:35:58] - [462.75992839 461.36354574   2.79274575] 6.311221122741699
[2022-06-29 20:35:58] - evaluating...
[2022-06-29 20:35:58] - valid 18.385507, test 13.524774
[2022-06-29 20:35:58] - Epoch: 79
[2022-06-29 20:35:58] - training...
[2022-06-29 20:35:58] - [391.27346802 389.87821452   2.79049571] 5.898270448048909
[2022-06-29 20:35:58] - evaluating...
[2022-06-29 20:35:58] - valid 14.574836, test 12.593756
[2022-06-29 20:35:58] - Epoch: 80
[2022-06-29 20:35:58] - training...
[2022-06-29 20:35:59] - [513.44732666 512.05240885   2.78983029] 6.142227331797282
[2022-06-29 20:35:59] - evaluating...
[2022-06-29 20:35:59] - valid 9.455356, test 11.671545
[2022-06-29 20:35:59] - Epoch: 81
[2022-06-29 20:35:59] - training...
[2022-06-29 20:35:59] - [282.90653483 281.50306193   2.80695105] 5.902008692423503
[2022-06-29 20:35:59] - evaluating...
[2022-06-29 20:36:00] - valid 7.482886, test 11.322737
[2022-06-29 20:36:00] - Epoch: 82
[2022-06-29 20:36:00] - training...
[2022-06-29 20:36:00] - [602.20108032 600.80637614   2.78942045] 7.479611873626709
[2022-06-29 20:36:00] - evaluating...
[2022-06-29 20:36:00] - valid 7.748663, test 11.758185
[2022-06-29 20:36:00] - Epoch: 83
[2022-06-29 20:36:00] - training...
[2022-06-29 20:36:01] - [567.42087809 566.02761841   2.78651675] 7.273692687352498
[2022-06-29 20:36:01] - evaluating...
[2022-06-29 20:36:01] - valid 7.301100, test 11.413534
[2022-06-29 20:36:01] - Epoch: 84
[2022-06-29 20:36:01] - training...
[2022-06-29 20:36:01] - [681.60009766 680.21311442   2.77397124] 6.003309726715088
[2022-06-29 20:36:01] - evaluating...
[2022-06-29 20:36:01] - valid 7.938120, test 11.759823
[2022-06-29 20:36:01] - Epoch: 85
[2022-06-29 20:36:01] - training...
[2022-06-29 20:36:02] - [725.25152588 723.86523438   2.77260915] 6.319175720214844
[2022-06-29 20:36:02] - evaluating...
[2022-06-29 20:36:02] - valid 8.483011, test 10.781730
[2022-06-29 20:36:02] - Epoch: 86
[2022-06-29 20:36:02] - training...
[2022-06-29 20:36:02] - [400.07521566 398.68814087   2.77416213] 6.454067707061768
[2022-06-29 20:36:02] - evaluating...
[2022-06-29 20:36:02] - valid 8.338342, test 10.723036
[2022-06-29 20:36:02] - Epoch: 87
[2022-06-29 20:36:02] - training...
[2022-06-29 20:36:03] - [421.590861   420.20307414   2.77556221] 5.732962449391683
[2022-06-29 20:36:03] - evaluating...
[2022-06-29 20:36:03] - valid 8.172437, test 11.355293
[2022-06-29 20:36:03] - Epoch: 88
[2022-06-29 20:36:03] - training...
[2022-06-29 20:36:03] - [448.11698405 446.72500102   2.78397981] 6.281180381774902
[2022-06-29 20:36:03] - evaluating...
[2022-06-29 20:36:03] - valid 7.997014, test 10.361973
[2022-06-29 20:36:03] - Epoch: 89
[2022-06-29 20:36:03] - training...
[2022-06-29 20:36:04] - [386.97032674 385.57620239   2.78824337] 5.818179448445638
[2022-06-29 20:36:04] - evaluating...
[2022-06-29 20:36:04] - valid 8.485338, test 9.777975
[2022-06-29 20:36:04] - Epoch: 90
[2022-06-29 20:36:04] - training...
[2022-06-29 20:36:04] - [248.96760813 247.5767746    2.78167399] 5.428534030914307
[2022-06-29 20:36:04] - evaluating...
[2022-06-29 20:36:04] - valid 8.927746, test 9.594781
[2022-06-29 20:36:04] - Epoch: 91
[2022-06-29 20:36:04] - training...
[2022-06-29 20:36:05] - [216.84238434 215.45645142   2.77186958] 5.804710070292155
[2022-06-29 20:36:05] - evaluating...
[2022-06-29 20:36:05] - valid 10.284425, test 9.827671
[2022-06-29 20:36:05] - Epoch: 92
[2022-06-29 20:36:05] - training...
[2022-06-29 20:36:05] - [323.02163188 321.62360636   2.79606676] 4.658223311106364
[2022-06-29 20:36:05] - evaluating...
[2022-06-29 20:36:05] - valid 12.834841, test 11.091845
[2022-06-29 20:36:05] - Epoch: 93
[2022-06-29 20:36:05] - training...
[2022-06-29 20:36:06] - [580.31236267 578.92406209   2.77663199] 6.276826699574788
[2022-06-29 20:36:06] - evaluating...
[2022-06-29 20:36:06] - valid 11.993826, test 11.465642
[2022-06-29 20:36:06] - Epoch: 94
[2022-06-29 20:36:06] - training...
[2022-06-29 20:36:06] - [400.07570394 398.68786621   2.7756927 ] 7.1747792561848955
[2022-06-29 20:36:06] - evaluating...
[2022-06-29 20:36:06] - valid 12.069559, test 13.351151
[2022-06-29 20:36:06] - early stop
[2022-06-29 20:36:06] - best val score: 72.00795364379883 @ 54
[2022-06-29 20:36:06] - inference...
