[2022-06-28 22:33:06] - create model...
[2022-06-28 22:33:06] - Epoch: 0
[2022-06-28 22:33:06] - training...
[2022-06-28 22:33:06] - [2370.35626221 2370.35626221    0.        ] 14.060810089111328
[2022-06-28 22:33:06] - evaluating...
[2022-06-28 22:33:06] - valid 11.574397, test 25.777291
[2022-06-28 22:33:06] - Epoch: 1
[2022-06-28 22:33:06] - training...
[2022-06-28 22:33:06] - [2007.52453613 2007.52453613    0.        ] 14.484654903411865
[2022-06-28 22:33:06] - evaluating...
[2022-06-28 22:33:06] - valid 14.679237, test 25.742581
[2022-06-28 22:33:06] - Epoch: 2
[2022-06-28 22:33:06] - training...
[2022-06-28 22:33:06] - [2152.11193848 2152.11193848    0.        ] 11.061116218566895
[2022-06-28 22:33:06] - evaluating...
[2022-06-28 22:33:06] - valid 12.756243, test 25.707807
[2022-06-28 22:33:06] - Epoch: 3
[2022-06-28 22:33:06] - training...
[2022-06-28 22:33:06] - [2001.3269043 2001.3269043    0.       ] 14.283138036727905
[2022-06-28 22:33:06] - evaluating...
[2022-06-28 22:33:06] - valid 12.277299, test 25.671766
[2022-06-28 22:33:06] - Epoch: 4
[2022-06-28 22:33:06] - training...
[2022-06-28 22:33:06] - [2598.56420898 2598.56420898    0.        ] 12.698698997497559
[2022-06-28 22:33:06] - evaluating...
[2022-06-28 22:33:06] - valid 12.471838, test 25.647880
[2022-06-28 22:33:06] - Epoch: 5
[2022-06-28 22:33:06] - training...
[2022-06-28 22:33:07] - [2323.21813965 2323.21813965    0.        ] 10.901978492736816
[2022-06-28 22:33:07] - evaluating...
[2022-06-28 22:33:07] - valid 12.264333, test 25.632245
[2022-06-28 22:33:07] - Epoch: 6
[2022-06-28 22:33:07] - training...
[2022-06-28 22:33:07] - [2600.47216797 2600.47216797    0.        ] 12.51756238937378
[2022-06-28 22:33:07] - evaluating...
[2022-06-28 22:33:07] - valid 12.085581, test 25.620761
[2022-06-28 22:33:07] - Epoch: 7
[2022-06-28 22:33:07] - training...
[2022-06-28 22:33:07] - [1829.77178955 1829.77178955    0.        ] 12.730167388916016
[2022-06-28 22:33:07] - evaluating...
[2022-06-28 22:33:07] - valid 11.463709, test 25.608693
[2022-06-28 22:33:07] - Epoch: 8
[2022-06-28 22:33:07] - training...
[2022-06-28 22:33:07] - [1548.2678833 1548.2678833    0.       ] 10.697121620178223
[2022-06-28 22:33:07] - evaluating...
[2022-06-28 22:33:07] - valid 12.265005, test 25.595516
[2022-06-28 22:33:07] - Epoch: 9
[2022-06-28 22:33:07] - training...
[2022-06-28 22:33:07] - [1463.43457031 1463.43457031    0.        ] 12.325413703918457
[2022-06-28 22:33:07] - evaluating...
[2022-06-28 22:33:07] - valid 12.284223, test 25.579830
[2022-06-28 22:33:07] - Epoch: 10
[2022-06-28 22:33:07] - training...
[2022-06-28 22:33:07] - [1568.5557251 1568.5557251    0.       ] 12.240075588226318
[2022-06-28 22:33:07] - evaluating...
[2022-06-28 22:33:07] - valid 12.184741, test 25.563998
[2022-06-28 22:33:07] - Epoch: 11
[2022-06-28 22:33:07] - training...
[2022-06-28 22:33:07] - [2683.93457031 2683.93457031    0.        ] 12.014565467834473
[2022-06-28 22:33:07] - evaluating...
[2022-06-28 22:33:07] - valid 11.894095, test 25.550492
[2022-06-28 22:33:07] - Epoch: 12
[2022-06-28 22:33:07] - training...
[2022-06-28 22:33:07] - [2046.37963867 2046.37963867    0.        ] 12.997383117675781
[2022-06-28 22:33:07] - evaluating...
[2022-06-28 22:33:07] - valid 12.629423, test 25.538789
[2022-06-28 22:33:07] - Epoch: 13
[2022-06-28 22:33:07] - training...
[2022-06-28 22:33:07] - [2181.44976807 2181.44976807    0.        ] 14.902994155883789
[2022-06-28 22:33:07] - evaluating...
[2022-06-28 22:33:07] - valid 12.195336, test 25.535837
[2022-06-28 22:33:07] - Epoch: 14
[2022-06-28 22:33:07] - training...
[2022-06-28 22:33:07] - [2523.16259766 2523.16259766    0.        ] 11.758735656738281
[2022-06-28 22:33:07] - evaluating...
[2022-06-28 22:33:07] - valid 11.321234, test 25.534020
[2022-06-28 22:33:07] - Epoch: 15
[2022-06-28 22:33:07] - training...
[2022-06-28 22:33:07] - [2055.47070312 2055.47070312    0.        ] 11.084009647369385
[2022-06-28 22:33:07] - evaluating...
[2022-06-28 22:33:07] - valid 13.421017, test 25.534411
[2022-06-28 22:33:07] - Epoch: 16
[2022-06-28 22:33:07] - training...
[2022-06-28 22:33:07] - [2145.4876709 2145.4876709    0.       ] 13.28227710723877
[2022-06-28 22:33:08] - evaluating...
[2022-06-28 22:33:08] - valid 12.781499, test 25.537367
[2022-06-28 22:33:08] - Epoch: 17
[2022-06-28 22:33:08] - training...
[2022-06-28 22:33:08] - [1939.56585693 1939.56585693    0.        ] 9.668405055999756
[2022-06-28 22:33:08] - evaluating...
[2022-06-28 22:33:08] - valid 12.392981, test 25.544579
[2022-06-28 22:33:08] - Epoch: 18
[2022-06-28 22:33:08] - training...
[2022-06-28 22:33:08] - [1988.605896 1988.605896    0.      ] 11.273767948150635
[2022-06-28 22:33:08] - evaluating...
[2022-06-28 22:33:08] - valid 12.918722, test 25.549349
[2022-06-28 22:33:08] - Epoch: 19
[2022-06-28 22:33:08] - training...
[2022-06-28 22:33:08] - [1941.66278076 1941.66278076    0.        ] 12.143290042877197
[2022-06-28 22:33:08] - evaluating...
[2022-06-28 22:33:08] - valid 11.764015, test 25.532893
[2022-06-28 22:33:08] - Epoch: 20
[2022-06-28 22:33:08] - training...
[2022-06-28 22:33:08] - [1955.87976074 1955.87976074    0.        ] 13.7966947555542
[2022-06-28 22:33:08] - evaluating...
[2022-06-28 22:33:08] - valid 12.026820, test 25.520844
[2022-06-28 22:33:08] - Epoch: 21
[2022-06-28 22:33:08] - training...
[2022-06-28 22:33:08] - [1429.14251709 1429.14251709    0.        ] 12.376122951507568
[2022-06-28 22:33:08] - evaluating...
[2022-06-28 22:33:08] - valid 12.009007, test 25.498779
[2022-06-28 22:33:08] - Epoch: 22
[2022-06-28 22:33:08] - training...
[2022-06-28 22:33:08] - [1823.87756348 1823.87756348    0.        ] 13.526161193847656
[2022-06-28 22:33:08] - evaluating...
[2022-06-28 22:33:08] - valid 11.271227, test 25.451677
[2022-06-28 22:33:08] - Epoch: 23
[2022-06-28 22:33:08] - training...
[2022-06-28 22:33:08] - [2395.06555176 2395.06555176    0.        ] 13.770267486572266
[2022-06-28 22:33:08] - evaluating...
[2022-06-28 22:33:08] - valid 12.282672, test 25.380483
[2022-06-28 22:33:08] - Epoch: 24
[2022-06-28 22:33:08] - training...
[2022-06-28 22:33:08] - [1322.47052002 1322.47052002    0.        ] 14.433670997619629
[2022-06-28 22:33:08] - evaluating...
[2022-06-28 22:33:08] - valid 11.904474, test 25.275330
[2022-06-28 22:33:08] - Epoch: 25
[2022-06-28 22:33:08] - training...
[2022-06-28 22:33:08] - [2030.06542969 2030.06542969    0.        ] 11.436965942382812
[2022-06-28 22:33:08] - evaluating...
[2022-06-28 22:33:08] - valid 12.069189, test 25.195883
[2022-06-28 22:33:08] - Epoch: 26
[2022-06-28 22:33:08] - training...
[2022-06-28 22:33:08] - [2578.70935059 2578.70935059    0.        ] 12.952280521392822
[2022-06-28 22:33:08] - evaluating...
[2022-06-28 22:33:09] - valid 12.458320, test 25.127050
[2022-06-28 22:33:09] - Epoch: 27
[2022-06-28 22:33:09] - training...
[2022-06-28 22:33:09] - [2310.45166016 2310.45166016    0.        ] 11.233710289001465
[2022-06-28 22:33:09] - evaluating...
[2022-06-28 22:33:09] - valid 12.590530, test 25.077204
[2022-06-28 22:33:09] - Epoch: 28
[2022-06-28 22:33:09] - training...
[2022-06-28 22:33:09] - [2372.53027344 2372.53027344    0.        ] 11.58455753326416
[2022-06-28 22:33:09] - evaluating...
[2022-06-28 22:33:09] - valid 12.818652, test 24.998424
[2022-06-28 22:33:09] - Epoch: 29
[2022-06-28 22:33:09] - training...
[2022-06-28 22:33:09] - [2568.1895752 2568.1895752    0.       ] 15.05751895904541
[2022-06-28 22:33:09] - evaluating...
[2022-06-28 22:33:09] - valid 11.574045, test 24.937380
[2022-06-28 22:33:09] - Epoch: 30
[2022-06-28 22:33:09] - training...
[2022-06-28 22:33:09] - [2585.90966797 2585.90966797    0.        ] 15.000119686126709
[2022-06-28 22:33:09] - evaluating...
[2022-06-28 22:33:09] - valid 11.027058, test 24.889005
[2022-06-28 22:33:09] - Epoch: 31
[2022-06-28 22:33:09] - training...
[2022-06-28 22:33:09] - [2588.03295898 2588.03295898    0.        ] 10.898184299468994
[2022-06-28 22:33:09] - evaluating...
[2022-06-28 22:33:09] - valid 12.891444, test 24.884270
[2022-06-28 22:33:09] - Epoch: 32
[2022-06-28 22:33:09] - training...
[2022-06-28 22:33:09] - [2093.45251465 2093.45251465    0.        ] 12.765521049499512
[2022-06-28 22:33:09] - evaluating...
[2022-06-28 22:33:09] - valid 12.165977, test 24.797643
[2022-06-28 22:33:09] - Epoch: 33
[2022-06-28 22:33:09] - training...
[2022-06-28 22:33:09] - [2624.51501465 2624.51501465    0.        ] 15.454679012298584
[2022-06-28 22:33:09] - evaluating...
[2022-06-28 22:33:09] - valid 10.780736, test 24.729012
[2022-06-28 22:33:09] - Epoch: 34
[2022-06-28 22:33:09] - training...
[2022-06-28 22:33:09] - [2595.62927246 2595.62927246    0.        ] 12.54985761642456
[2022-06-28 22:33:09] - evaluating...
[2022-06-28 22:33:09] - valid 12.961521, test 24.701059
[2022-06-28 22:33:09] - Epoch: 35
[2022-06-28 22:33:09] - training...
[2022-06-28 22:33:09] - [2652.21289062 2652.21289062    0.        ] 10.808009624481201
[2022-06-28 22:33:09] - evaluating...
[2022-06-28 22:33:09] - valid 10.948361, test 24.623610
[2022-06-28 22:33:09] - Epoch: 36
[2022-06-28 22:33:09] - training...
[2022-06-28 22:33:09] - [2348.05114746 2348.05114746    0.        ] 12.767569541931152
[2022-06-28 22:33:09] - evaluating...
[2022-06-28 22:33:10] - valid 12.719291, test 24.557943
[2022-06-28 22:33:10] - Epoch: 37
[2022-06-28 22:33:10] - training...
[2022-06-28 22:33:10] - [2369.48571777 2369.48571777    0.        ] 12.333664894104004
[2022-06-28 22:33:10] - evaluating...
[2022-06-28 22:33:10] - valid 11.748689, test 24.552021
[2022-06-28 22:33:10] - Epoch: 38
[2022-06-28 22:33:10] - training...
[2022-06-28 22:33:10] - [2570.89117432 2570.89117432    0.        ] 11.13258171081543
[2022-06-28 22:33:10] - evaluating...
[2022-06-28 22:33:10] - valid 12.312880, test 24.475854
[2022-06-28 22:33:10] - Epoch: 39
[2022-06-28 22:33:10] - training...
[2022-06-28 22:33:10] - [2217.2479248 2217.2479248    0.       ] 14.341840267181396
[2022-06-28 22:33:10] - evaluating...
[2022-06-28 22:33:10] - valid 10.957469, test 24.310631
[2022-06-28 22:33:10] - Epoch: 40
[2022-06-28 22:33:10] - training...
[2022-06-28 22:33:10] - [1684.69732666 1684.69732666    0.        ] 12.599511861801147
[2022-06-28 22:33:10] - evaluating...
[2022-06-28 22:33:10] - valid 12.273691, test 24.045238
[2022-06-28 22:33:10] - Epoch: 41
[2022-06-28 22:33:10] - training...
[2022-06-28 22:33:10] - [1348.89239502 1348.89239502    0.        ] 8.91386079788208
[2022-06-28 22:33:10] - evaluating...
[2022-06-28 22:33:10] - valid 10.327382, test 23.621056
[2022-06-28 22:33:10] - Epoch: 42
[2022-06-28 22:33:10] - training...
[2022-06-28 22:33:10] - [1732.24267578 1732.24267578    0.        ] 13.03385066986084
[2022-06-28 22:33:10] - evaluating...
[2022-06-28 22:33:10] - valid 11.112649, test 23.156299
[2022-06-28 22:33:10] - Epoch: 43
[2022-06-28 22:33:10] - training...
[2022-06-28 22:33:10] - [1163.31994629 1163.31994629    0.        ] 9.371009826660156
[2022-06-28 22:33:10] - evaluating...
[2022-06-28 22:33:10] - valid 11.086182, test 22.828287
[2022-06-28 22:33:10] - Epoch: 44
[2022-06-28 22:33:10] - training...
[2022-06-28 22:33:10] - [2184.0456543 2184.0456543    0.       ] 10.775575160980225
[2022-06-28 22:33:10] - evaluating...
[2022-06-28 22:33:10] - valid 11.234454, test 22.705846
[2022-06-28 22:33:10] - Epoch: 45
[2022-06-28 22:33:10] - training...
[2022-06-28 22:33:10] - [1308.92834473 1308.92834473    0.        ] 13.62278938293457
[2022-06-28 22:33:10] - evaluating...
[2022-06-28 22:33:10] - valid 11.857696, test 22.625104
[2022-06-28 22:33:10] - Epoch: 46
[2022-06-28 22:33:10] - training...
[2022-06-28 22:33:10] - [3172.54443359 3172.54443359    0.        ] 10.961183547973633
[2022-06-28 22:33:10] - evaluating...
[2022-06-28 22:33:10] - valid 11.517936, test 22.703558
[2022-06-28 22:33:10] - Epoch: 47
[2022-06-28 22:33:10] - training...
[2022-06-28 22:33:10] - [1833.21270752 1833.21270752    0.        ] 9.943912506103516
[2022-06-28 22:33:10] - evaluating...
[2022-06-28 22:33:11] - valid 10.077043, test 22.424976
[2022-06-28 22:33:11] - Epoch: 48
[2022-06-28 22:33:11] - training...
[2022-06-28 22:33:11] - [2230.61975098 2230.61975098    0.        ] 12.192981719970703
[2022-06-28 22:33:11] - evaluating...
[2022-06-28 22:33:11] - valid 9.989004, test 21.943350
[2022-06-28 22:33:11] - Epoch: 49
[2022-06-28 22:33:11] - training...
[2022-06-28 22:33:11] - [2504.97875977 2504.97875977    0.        ] 11.518406867980957
[2022-06-28 22:33:11] - evaluating...
[2022-06-28 22:33:11] - valid 10.842888, test 21.551321
[2022-06-28 22:33:11] - Epoch: 50
[2022-06-28 22:33:11] - training...
[2022-06-28 22:33:11] - [1936.28405762 1936.28405762    0.        ] 11.386749267578125
[2022-06-28 22:33:11] - evaluating...
[2022-06-28 22:33:11] - valid 10.264741, test 21.556936
[2022-06-28 22:33:11] - Epoch: 51
[2022-06-28 22:33:11] - training...
[2022-06-28 22:33:11] - [2388.48095703 2388.48095703    0.        ] 12.532699584960938
[2022-06-28 22:33:11] - evaluating...
[2022-06-28 22:33:11] - valid 11.293147, test 21.696187
[2022-06-28 22:33:11] - Epoch: 52
[2022-06-28 22:33:11] - training...
[2022-06-28 22:33:11] - [2037.56842041 2037.56842041    0.        ] 11.751717567443848
[2022-06-28 22:33:11] - evaluating...
[2022-06-28 22:33:11] - valid 9.695613, test 21.470042
[2022-06-28 22:33:11] - Epoch: 53
[2022-06-28 22:33:11] - training...
[2022-06-28 22:33:11] - [2234.46398926 2234.46398926    0.        ] 15.002081871032715
[2022-06-28 22:33:11] - evaluating...
[2022-06-28 22:33:11] - valid 10.373212, test 21.486028
[2022-06-28 22:33:11] - Epoch: 54
[2022-06-28 22:33:11] - training...
[2022-06-28 22:33:11] - [1030.50384521 1030.50384521    0.        ] 11.677077770233154
[2022-06-28 22:33:11] - evaluating...
[2022-06-28 22:33:11] - valid 10.865561, test 21.607305
[2022-06-28 22:33:11] - Epoch: 55
[2022-06-28 22:33:11] - training...
[2022-06-28 22:33:11] - [2099.16741943 2099.16741943    0.        ] 13.482757091522217
[2022-06-28 22:33:11] - evaluating...
[2022-06-28 22:33:11] - valid 11.033429, test 21.968732
[2022-06-28 22:33:11] - Epoch: 56
[2022-06-28 22:33:11] - training...
[2022-06-28 22:33:11] - [1654.55950928 1654.55950928    0.        ] 10.733506679534912
[2022-06-28 22:33:11] - evaluating...
[2022-06-28 22:33:11] - valid 11.283831, test 22.017089
[2022-06-28 22:33:11] - Epoch: 57
[2022-06-28 22:33:11] - training...
[2022-06-28 22:33:11] - [1339.95471191 1339.95471191    0.        ] 9.825099468231201
[2022-06-28 22:33:11] - evaluating...
[2022-06-28 22:33:11] - valid 10.741185, test 21.979477
[2022-06-28 22:33:11] - Epoch: 58
[2022-06-28 22:33:11] - training...
[2022-06-28 22:33:11] - [1768.15325928 1768.15325928    0.        ] 10.356178283691406
[2022-06-28 22:33:11] - evaluating...
[2022-06-28 22:33:11] - valid 12.015045, test 21.866910
[2022-06-28 22:33:11] - Epoch: 59
[2022-06-28 22:33:11] - training...
[2022-06-28 22:33:11] - [2894.10424805 2894.10424805    0.        ] 12.048936367034912
[2022-06-28 22:33:11] - evaluating...
[2022-06-28 22:33:12] - valid 10.383688, test 22.005020
[2022-06-28 22:33:12] - Epoch: 60
[2022-06-28 22:33:12] - training...
[2022-06-28 22:33:12] - [2396.91589355 2396.91589355    0.        ] 11.653815269470215
[2022-06-28 22:33:12] - evaluating...
[2022-06-28 22:33:12] - valid 11.442530, test 22.068032
[2022-06-28 22:33:12] - Epoch: 61
[2022-06-28 22:33:12] - training...
[2022-06-28 22:33:12] - [1607.38787842 1607.38787842    0.        ] 12.146171569824219
[2022-06-28 22:33:12] - evaluating...
[2022-06-28 22:33:12] - valid 11.327731, test 22.212581
[2022-06-28 22:33:12] - Epoch: 62
[2022-06-28 22:33:12] - training...
[2022-06-28 22:33:12] - [1808.36889648 1808.36889648    0.        ] 13.198987007141113
[2022-06-28 22:33:12] - evaluating...
[2022-06-28 22:33:12] - valid 11.610368, test 22.315254
[2022-06-28 22:33:12] - Epoch: 63
[2022-06-28 22:33:12] - training...
[2022-06-28 22:33:12] - [2257.97033691 2257.97033691    0.        ] 14.018110275268555
[2022-06-28 22:33:12] - evaluating...
[2022-06-28 22:33:12] - valid 11.787268, test 22.563627
[2022-06-28 22:33:12] - Epoch: 64
[2022-06-28 22:33:12] - training...
[2022-06-28 22:33:12] - [1657.33862305 1657.33862305    0.        ] 12.251299381256104
[2022-06-28 22:33:12] - evaluating...
[2022-06-28 22:33:12] - valid 12.991950, test 22.686187
[2022-06-28 22:33:12] - Epoch: 65
[2022-06-28 22:33:12] - training...
[2022-06-28 22:33:12] - [1668.16827393 1668.16827393    0.        ] 10.247113943099976
[2022-06-28 22:33:12] - evaluating...
[2022-06-28 22:33:12] - valid 11.906499, test 22.710638
[2022-06-28 22:33:12] - Epoch: 66
[2022-06-28 22:33:12] - training...
[2022-06-28 22:33:12] - [1564.49487305 1564.49487305    0.        ] 11.416193008422852
[2022-06-28 22:33:12] - evaluating...
[2022-06-28 22:33:12] - valid 11.544617, test 22.979002
[2022-06-28 22:33:12] - Epoch: 67
[2022-06-28 22:33:12] - training...
[2022-06-28 22:33:12] - [2129.7701416 2129.7701416    0.       ] 10.209376811981201
[2022-06-28 22:33:12] - evaluating...
[2022-06-28 22:33:12] - valid 11.943299, test 23.016602
[2022-06-28 22:33:12] - Epoch: 68
[2022-06-28 22:33:12] - training...
[2022-06-28 22:33:12] - [1512.58821106 1512.58821106    0.        ] 12.988183379173279
[2022-06-28 22:33:12] - evaluating...
[2022-06-28 22:33:12] - valid 12.851120, test 22.770365
[2022-06-28 22:33:12] - Epoch: 69
[2022-06-28 22:33:12] - training...
[2022-06-28 22:33:12] - [1673.44067383 1673.44067383    0.        ] 10.26172161102295
[2022-06-28 22:33:12] - evaluating...
[2022-06-28 22:33:12] - valid 11.624452, test 22.639806
[2022-06-28 22:33:12] - Epoch: 70
[2022-06-28 22:33:12] - training...
[2022-06-28 22:33:12] - [1736.84625244 1736.84625244    0.        ] 11.089595794677734
[2022-06-28 22:33:12] - evaluating...
[2022-06-28 22:33:12] - valid 10.627860, test 21.786704
[2022-06-28 22:33:12] - Epoch: 71
[2022-06-28 22:33:12] - training...
[2022-06-28 22:33:12] - [1549.24700928 1549.24700928    0.        ] 11.730556011199951
[2022-06-28 22:33:12] - evaluating...
[2022-06-28 22:33:13] - valid 10.177676, test 20.894513
[2022-06-28 22:33:13] - Epoch: 72
[2022-06-28 22:33:13] - training...
[2022-06-28 22:33:13] - [1129.50143433 1129.50143433    0.        ] 12.809505939483643
[2022-06-28 22:33:13] - evaluating...
[2022-06-28 22:33:13] - valid 10.267393, test 20.540674
[2022-06-28 22:33:13] - Epoch: 73
[2022-06-28 22:33:13] - training...
[2022-06-28 22:33:13] - [1911.61340332 1911.61340332    0.        ] 13.569623947143555
[2022-06-28 22:33:13] - evaluating...
[2022-06-28 22:33:13] - valid 10.637257, test 20.657358
[2022-06-28 22:33:13] - Epoch: 74
[2022-06-28 22:33:13] - training...
[2022-06-28 22:33:13] - [2160.00402832 2160.00402832    0.        ] 12.978322982788086
[2022-06-28 22:33:13] - evaluating...
[2022-06-28 22:33:13] - valid 10.514124, test 20.931818
[2022-06-28 22:33:13] - Epoch: 75
[2022-06-28 22:33:13] - training...
[2022-06-28 22:33:13] - [2006.36846924 2006.36846924    0.        ] 12.922366619110107
[2022-06-28 22:33:13] - evaluating...
[2022-06-28 22:33:13] - valid 11.232403, test 21.423394
[2022-06-28 22:33:13] - Epoch: 76
[2022-06-28 22:33:13] - training...
[2022-06-28 22:33:13] - [1503.35772705 1503.35772705    0.        ] 13.876795768737793
[2022-06-28 22:33:13] - evaluating...
[2022-06-28 22:33:13] - valid 12.036201, test 21.746605
[2022-06-28 22:33:13] - Epoch: 77
[2022-06-28 22:33:13] - training...
[2022-06-28 22:33:13] - [2260.32727051 2260.32727051    0.        ] 14.019749641418457
[2022-06-28 22:33:13] - evaluating...
[2022-06-28 22:33:13] - valid 11.953553, test 22.174532
[2022-06-28 22:33:13] - Epoch: 78
[2022-06-28 22:33:13] - training...
[2022-06-28 22:33:13] - [1483.4442749 1483.4442749    0.       ] 12.304732322692871
[2022-06-28 22:33:13] - evaluating...
[2022-06-28 22:33:13] - valid 11.540731, test 22.139912
[2022-06-28 22:33:13] - Epoch: 79
[2022-06-28 22:33:13] - training...
[2022-06-28 22:33:13] - [2001.86828613 2001.86828613    0.        ] 11.792426586151123
[2022-06-28 22:33:13] - evaluating...
[2022-06-28 22:33:13] - valid 12.228625, test 21.714270
[2022-06-28 22:33:13] - Epoch: 80
[2022-06-28 22:33:13] - training...
[2022-06-28 22:33:13] - [2582.88781738 2582.88781738    0.        ] 11.202798843383789
[2022-06-28 22:33:13] - evaluating...
[2022-06-28 22:33:13] - valid 12.694670, test 21.342949
[2022-06-28 22:33:13] - Epoch: 81
[2022-06-28 22:33:13] - training...
[2022-06-28 22:33:13] - [1580.84222412 1580.84222412    0.        ] 12.97842025756836
[2022-06-28 22:33:13] - evaluating...
[2022-06-28 22:33:13] - valid 10.496254, test 20.862330
[2022-06-28 22:33:13] - Epoch: 82
[2022-06-28 22:33:13] - training...
[2022-06-28 22:33:13] - [1939.60961914 1939.60961914    0.        ] 11.657891988754272
[2022-06-28 22:33:13] - evaluating...
[2022-06-28 22:33:14] - valid 10.947034, test 21.114654
[2022-06-28 22:33:14] - Epoch: 83
[2022-06-28 22:33:14] - training...
[2022-06-28 22:33:14] - [1292.425354 1292.425354    0.      ] 10.974145889282227
[2022-06-28 22:33:14] - evaluating...
[2022-06-28 22:33:14] - valid 11.239552, test 21.283899
[2022-06-28 22:33:14] - Epoch: 84
[2022-06-28 22:33:14] - training...
[2022-06-28 22:33:14] - [2511.99035645 2511.99035645    0.        ] 12.043929100036621
[2022-06-28 22:33:14] - evaluating...
[2022-06-28 22:33:14] - valid 11.718578, test 21.273490
[2022-06-28 22:33:14] - Epoch: 85
[2022-06-28 22:33:14] - training...
[2022-06-28 22:33:14] - [1820.45080566 1820.45080566    0.        ] 11.731810569763184
[2022-06-28 22:33:14] - evaluating...
[2022-06-28 22:33:14] - valid 9.936294, test 20.995184
[2022-06-28 22:33:14] - Epoch: 86
[2022-06-28 22:33:14] - training...
[2022-06-28 22:33:14] - [2079.0871582 2079.0871582    0.       ] 11.31013011932373
[2022-06-28 22:33:14] - evaluating...
[2022-06-28 22:33:14] - valid 10.073145, test 20.653768
[2022-06-28 22:33:14] - Epoch: 87
[2022-06-28 22:33:14] - training...
[2022-06-28 22:33:14] - [2142.07067871 2142.07067871    0.        ] 14.006528854370117
[2022-06-28 22:33:14] - evaluating...
[2022-06-28 22:33:14] - valid 9.879586, test 20.678904
[2022-06-28 22:33:14] - Epoch: 88
[2022-06-28 22:33:14] - training...
[2022-06-28 22:33:14] - [1817.45043945 1817.45043945    0.        ] 12.931501388549805
[2022-06-28 22:33:14] - evaluating...
[2022-06-28 22:33:14] - valid 10.414832, test 20.709795
[2022-06-28 22:33:14] - Epoch: 89
[2022-06-28 22:33:14] - training...
[2022-06-28 22:33:14] - [2231.49963379 2231.49963379    0.        ] 12.260827541351318
[2022-06-28 22:33:14] - evaluating...
[2022-06-28 22:33:14] - valid 11.285233, test 21.181556
[2022-06-28 22:33:14] - Epoch: 90
[2022-06-28 22:33:14] - training...
[2022-06-28 22:33:14] - [1876.05102539 1876.05102539    0.        ] 12.559566020965576
[2022-06-28 22:33:14] - evaluating...
[2022-06-28 22:33:14] - valid 11.985055, test 21.438408
[2022-06-28 22:33:14] - Epoch: 91
[2022-06-28 22:33:14] - training...
[2022-06-28 22:33:14] - [1981.79144287 1981.79144287    0.        ] 12.860726356506348
[2022-06-28 22:33:14] - evaluating...
[2022-06-28 22:33:14] - valid 10.540091, test 21.744716
[2022-06-28 22:33:14] - Epoch: 92
[2022-06-28 22:33:14] - training...
[2022-06-28 22:33:14] - [1442.91601562 1442.91601562    0.        ] 10.867474555969238
[2022-06-28 22:33:14] - evaluating...
[2022-06-28 22:33:14] - valid 11.282571, test 21.589049
[2022-06-28 22:33:14] - Epoch: 93
[2022-06-28 22:33:14] - training...
[2022-06-28 22:33:14] - [1443.00964355 1443.00964355    0.        ] 10.35698127746582
[2022-06-28 22:33:14] - evaluating...
[2022-06-28 22:33:15] - valid 10.769843, test 21.641483
[2022-06-28 22:33:15] - Epoch: 94
[2022-06-28 22:33:15] - training...
[2022-06-28 22:33:15] - [1486.07958984 1486.07958984    0.        ] 12.133090019226074
[2022-06-28 22:33:15] - evaluating...
[2022-06-28 22:33:15] - valid 11.396619, test 21.864281
[2022-06-28 22:33:15] - Epoch: 95
[2022-06-28 22:33:15] - training...
[2022-06-28 22:33:15] - [1651.73376465 1651.73376465    0.        ] 10.64974069595337
[2022-06-28 22:33:15] - evaluating...
[2022-06-28 22:33:15] - valid 11.548072, test 21.500722
[2022-06-28 22:33:15] - Epoch: 96
[2022-06-28 22:33:15] - training...
[2022-06-28 22:33:15] - [1468.54400635 1468.54400635    0.        ] 11.526580333709717
[2022-06-28 22:33:15] - evaluating...
[2022-06-28 22:33:15] - valid 11.662058, test 21.233428
[2022-06-28 22:33:15] - Epoch: 97
[2022-06-28 22:33:15] - training...
[2022-06-28 22:33:15] - [1926.82348633 1926.82348633    0.        ] 11.606594562530518
[2022-06-28 22:33:15] - evaluating...
[2022-06-28 22:33:15] - valid 10.015597, test 21.254202
[2022-06-28 22:33:15] - Epoch: 98
[2022-06-28 22:33:15] - training...
[2022-06-28 22:33:15] - [3089.88549805 3089.88549805    0.        ] 12.152262210845947
[2022-06-28 22:33:15] - evaluating...
[2022-06-28 22:33:15] - valid 11.105265, test 21.199426
[2022-06-28 22:33:15] - Epoch: 99
[2022-06-28 22:33:15] - training...
[2022-06-28 22:33:15] - [1455.92822266 1455.92822266    0.        ] 6.588438272476196
[2022-06-28 22:33:15] - evaluating...
[2022-06-28 22:33:15] - valid 10.975374, test 21.274948
[2022-06-28 22:33:15] - Epoch: 100
[2022-06-28 22:33:15] - training...
[2022-06-28 22:33:15] - [1408.24829102 1408.24829102    0.        ] 11.826206684112549
[2022-06-28 22:33:15] - evaluating...
[2022-06-28 22:33:15] - valid 11.349414, test 21.313896
[2022-06-28 22:33:15] - Epoch: 101
[2022-06-28 22:33:15] - training...
[2022-06-28 22:33:15] - [1798.48083496 1798.48083496    0.        ] 10.32166051864624
[2022-06-28 22:33:15] - evaluating...
[2022-06-28 22:33:15] - valid 11.106036, test 20.676412
[2022-06-28 22:33:15] - Epoch: 102
[2022-06-28 22:33:15] - training...
[2022-06-28 22:33:15] - [1164.21618652 1164.21618652    0.        ] 11.114400863647461
[2022-06-28 22:33:15] - evaluating...
[2022-06-28 22:33:15] - valid 10.790590, test 19.856390
[2022-06-28 22:33:15] - Epoch: 103
[2022-06-28 22:33:15] - training...
[2022-06-28 22:33:15] - [1615.31622314 1615.31622314    0.        ] 11.361446857452393
[2022-06-28 22:33:15] - evaluating...
[2022-06-28 22:33:15] - valid 9.140376, test 19.422763
[2022-06-28 22:33:15] - Epoch: 104
[2022-06-28 22:33:15] - training...
[2022-06-28 22:33:15] - [1914.48876953 1914.48876953    0.        ] 11.780819416046143
[2022-06-28 22:33:15] - evaluating...
[2022-06-28 22:33:16] - valid 9.379410, test 19.069886
[2022-06-28 22:33:16] - Epoch: 105
[2022-06-28 22:33:16] - training...
[2022-06-28 22:33:16] - [2307.55566406 2307.55566406    0.        ] 11.87508773803711
[2022-06-28 22:33:16] - evaluating...
[2022-06-28 22:33:16] - valid 10.538996, test 19.609882
[2022-06-28 22:33:16] - Epoch: 106
[2022-06-28 22:33:16] - training...
[2022-06-28 22:33:16] - [1789.06097412 1789.06097412    0.        ] 10.02735710144043
[2022-06-28 22:33:16] - evaluating...
[2022-06-28 22:33:16] - valid 11.492997, test 20.255660
[2022-06-28 22:33:16] - Epoch: 107
[2022-06-28 22:33:16] - training...
[2022-06-28 22:33:16] - [1760.39349365 1760.39349365    0.        ] 11.504612922668457
[2022-06-28 22:33:16] - evaluating...
[2022-06-28 22:33:16] - valid 11.881734, test 20.890628
[2022-06-28 22:33:16] - Epoch: 108
[2022-06-28 22:33:16] - training...
[2022-06-28 22:33:16] - [1931.09399414 1931.09399414    0.        ] 10.09077262878418
[2022-06-28 22:33:16] - evaluating...
[2022-06-28 22:33:16] - valid 12.371757, test 21.347008
[2022-06-28 22:33:16] - Epoch: 109
[2022-06-28 22:33:16] - training...
[2022-06-28 22:33:16] - [1789.24304199 1789.24304199    0.        ] 11.325040817260742
[2022-06-28 22:33:16] - evaluating...
[2022-06-28 22:33:16] - valid 12.056025, test 21.595516
[2022-06-28 22:33:16] - Epoch: 110
[2022-06-28 22:33:16] - training...
[2022-06-28 22:33:16] - [1898.52349854 1898.52349854    0.        ] 12.692099571228027
[2022-06-28 22:33:16] - evaluating...
[2022-06-28 22:33:16] - valid 11.563311, test 21.446185
[2022-06-28 22:33:16] - Epoch: 111
[2022-06-28 22:33:16] - training...
[2022-06-28 22:33:16] - [1353.33169556 1353.33169556    0.        ] 12.44010305404663
[2022-06-28 22:33:16] - evaluating...
[2022-06-28 22:33:16] - valid 10.999420, test 21.092411
[2022-06-28 22:33:16] - Epoch: 112
[2022-06-28 22:33:16] - training...
[2022-06-28 22:33:16] - [1462.29321289 1462.29321289    0.        ] 10.595090389251709
[2022-06-28 22:33:16] - evaluating...
[2022-06-28 22:33:16] - valid 10.000920, test 20.630716
[2022-06-28 22:33:16] - Epoch: 113
[2022-06-28 22:33:16] - training...
[2022-06-28 22:33:16] - [2125.5380249 2125.5380249    0.       ] 12.022291660308838
[2022-06-28 22:33:16] - evaluating...
[2022-06-28 22:33:16] - valid 11.495090, test 20.579716
[2022-06-28 22:33:16] - Epoch: 114
[2022-06-28 22:33:16] - training...
[2022-06-28 22:33:16] - [1850.17407227 1850.17407227    0.        ] 11.036092758178711
[2022-06-28 22:33:16] - evaluating...
[2022-06-28 22:33:16] - valid 10.571597, test 20.573805
[2022-06-28 22:33:16] - Epoch: 115
[2022-06-28 22:33:16] - training...
[2022-06-28 22:33:16] - [1762.97717285 1762.97717285    0.        ] 11.174452781677246
[2022-06-28 22:33:16] - evaluating...
[2022-06-28 22:33:17] - valid 11.541928, test 20.229550
[2022-06-28 22:33:17] - Epoch: 116
[2022-06-28 22:33:17] - training...
[2022-06-28 22:33:17] - [1802.09729004 1802.09729004    0.        ] 12.205143928527832
[2022-06-28 22:33:17] - evaluating...
[2022-06-28 22:33:17] - valid 10.358174, test 20.035391
[2022-06-28 22:33:17] - Epoch: 117
[2022-06-28 22:33:17] - training...
[2022-06-28 22:33:17] - [1734.3392334 1734.3392334    0.       ] 12.632555961608887
[2022-06-28 22:33:17] - evaluating...
[2022-06-28 22:33:17] - valid 9.796791, test 20.035842
[2022-06-28 22:33:17] - Epoch: 118
[2022-06-28 22:33:17] - training...
[2022-06-28 22:33:17] - [1015.28823853 1015.28823853    0.        ] 9.709306240081787
[2022-06-28 22:33:17] - evaluating...
[2022-06-28 22:33:17] - valid 10.447785, test 19.598763
[2022-06-28 22:33:17] - Epoch: 119
[2022-06-28 22:33:17] - training...
[2022-06-28 22:33:17] - [1617.68115234 1617.68115234    0.        ] 9.159491539001465
[2022-06-28 22:33:17] - evaluating...
[2022-06-28 22:33:17] - valid 9.929994, test 19.454274
[2022-06-28 22:33:17] - Epoch: 120
[2022-06-28 22:33:17] - training...
[2022-06-28 22:33:17] - [1529.15759277 1529.15759277    0.        ] 12.472863674163818
[2022-06-28 22:33:17] - evaluating...
[2022-06-28 22:33:17] - valid 9.776239, test 18.940855
[2022-06-28 22:33:17] - Epoch: 121
[2022-06-28 22:33:17] - training...
[2022-06-28 22:33:17] - [1991.45355225 1991.45355225    0.        ] 11.669518947601318
[2022-06-28 22:33:17] - evaluating...
[2022-06-28 22:33:17] - valid 9.590605, test 18.871636
[2022-06-28 22:33:17] - Epoch: 122
[2022-06-28 22:33:17] - training...
[2022-06-28 22:33:17] - [1611.41009521 1611.41009521    0.        ] 13.021480560302734
[2022-06-28 22:33:17] - evaluating...
[2022-06-28 22:33:17] - valid 10.412418, test 19.201499
[2022-06-28 22:33:17] - Epoch: 123
[2022-06-28 22:33:17] - training...
[2022-06-28 22:33:17] - [1465.12524414 1465.12524414    0.        ] 10.224725723266602
[2022-06-28 22:33:17] - evaluating...
[2022-06-28 22:33:17] - valid 10.595988, test 19.444256
[2022-06-28 22:33:17] - Epoch: 124
[2022-06-28 22:33:17] - training...
[2022-06-28 22:33:17] - [1942.33746338 1942.33746338    0.        ] 9.760422229766846
[2022-06-28 22:33:17] - evaluating...
[2022-06-28 22:33:17] - valid 9.857486, test 19.027985
[2022-06-28 22:33:17] - Epoch: 125
[2022-06-28 22:33:17] - training...
[2022-06-28 22:33:17] - [1305.53405762 1305.53405762    0.        ] 11.57947063446045
[2022-06-28 22:33:17] - evaluating...
[2022-06-28 22:33:17] - valid 8.580499, test 18.379181
[2022-06-28 22:33:17] - Epoch: 126
[2022-06-28 22:33:17] - training...
[2022-06-28 22:33:17] - [1993.67199707 1993.67199707    0.        ] 11.895646095275879
[2022-06-28 22:33:17] - evaluating...
[2022-06-28 22:33:18] - valid 10.412989, test 18.243310
[2022-06-28 22:33:18] - Epoch: 127
[2022-06-28 22:33:18] - training...
[2022-06-28 22:33:18] - [1316.9732666 1316.9732666    0.       ] 9.580902338027954
[2022-06-28 22:33:18] - evaluating...
[2022-06-28 22:33:18] - valid 11.720560, test 18.611377
[2022-06-28 22:33:18] - Epoch: 128
[2022-06-28 22:33:18] - training...
[2022-06-28 22:33:18] - [1833.62979126 1833.62979126    0.        ] 13.288288593292236
[2022-06-28 22:33:18] - evaluating...
[2022-06-28 22:33:18] - valid 10.162760, test 19.373378
[2022-06-28 22:33:18] - Epoch: 129
[2022-06-28 22:33:18] - training...
[2022-06-28 22:33:18] - [1258.7427063 1258.7427063    0.       ] 11.256892681121826
[2022-06-28 22:33:18] - evaluating...
[2022-06-28 22:33:18] - valid 11.726887, test 19.691801
[2022-06-28 22:33:18] - Epoch: 130
[2022-06-28 22:33:18] - training...
[2022-06-28 22:33:18] - [1437.6151123 1437.6151123    0.       ] 9.847737789154053
[2022-06-28 22:33:18] - evaluating...
[2022-06-28 22:33:18] - valid 12.310983, test 20.022645
[2022-06-28 22:33:18] - Epoch: 131
[2022-06-28 22:33:18] - training...
[2022-06-28 22:33:18] - [1752.44134521 1752.44134521    0.        ] 11.145106792449951
[2022-06-28 22:33:18] - evaluating...
[2022-06-28 22:33:18] - valid 11.514160, test 19.971829
[2022-06-28 22:33:18] - Epoch: 132
[2022-06-28 22:33:18] - training...
[2022-06-28 22:33:18] - [2028.0010376 2028.0010376    0.       ] 11.559592247009277
[2022-06-28 22:33:18] - evaluating...
[2022-06-28 22:33:18] - valid 12.272084, test 20.104591
[2022-06-28 22:33:18] - Epoch: 133
[2022-06-28 22:33:18] - training...
[2022-06-28 22:33:18] - [1374.44958496 1374.44958496    0.        ] 12.531303405761719
[2022-06-28 22:33:18] - evaluating...
[2022-06-28 22:33:18] - valid 10.471905, test 20.030816
[2022-06-28 22:33:18] - Epoch: 134
[2022-06-28 22:33:18] - training...
[2022-06-28 22:33:18] - [1323.81665039 1323.81665039    0.        ] 10.025354862213135
[2022-06-28 22:33:18] - evaluating...
[2022-06-28 22:33:18] - valid 10.218954, test 19.512247
[2022-06-28 22:33:18] - Epoch: 135
[2022-06-28 22:33:18] - training...
[2022-06-28 22:33:18] - [1378.11053467 1378.11053467    0.        ] 10.98943281173706
[2022-06-28 22:33:18] - evaluating...
[2022-06-28 22:33:18] - valid 9.981138, test 19.076333
[2022-06-28 22:33:18] - Epoch: 136
[2022-06-28 22:33:18] - training...
[2022-06-28 22:33:18] - [1981.77160645 1981.77160645    0.        ] 10.42622423171997
[2022-06-28 22:33:18] - evaluating...
[2022-06-28 22:33:18] - valid 9.237527, test 18.835250
[2022-06-28 22:33:18] - Epoch: 137
[2022-06-28 22:33:18] - training...
[2022-06-28 22:33:18] - [996.0847168 996.0847168   0.       ] 8.993365287780762
[2022-06-28 22:33:18] - evaluating...
[2022-06-28 22:33:18] - valid 10.462048, test 18.364932
[2022-06-28 22:33:18] - Epoch: 138
[2022-06-28 22:33:18] - training...
[2022-06-28 22:33:18] - [2151.57580566 2151.57580566    0.        ] 11.654150009155273
[2022-06-28 22:33:18] - evaluating...
[2022-06-28 22:33:19] - valid 9.708815, test 18.650026
[2022-06-28 22:33:19] - Epoch: 139
[2022-06-28 22:33:19] - training...
[2022-06-28 22:33:19] - [1504.85717773 1504.85717773    0.        ] 9.372422218322754
[2022-06-28 22:33:19] - evaluating...
[2022-06-28 22:33:19] - valid 10.734763, test 18.882603
[2022-06-28 22:33:19] - Epoch: 140
[2022-06-28 22:33:19] - training...
[2022-06-28 22:33:19] - [1683.77496338 1683.77496338    0.        ] 10.585324764251709
[2022-06-28 22:33:19] - evaluating...
[2022-06-28 22:33:19] - valid 10.025897, test 18.982375
[2022-06-28 22:33:19] - Epoch: 141
[2022-06-28 22:33:19] - training...
[2022-06-28 22:33:19] - [1307.57202148 1307.57202148    0.        ] 10.558498859405518
[2022-06-28 22:33:19] - evaluating...
[2022-06-28 22:33:19] - valid 9.921928, test 18.908101
[2022-06-28 22:33:19] - Epoch: 142
[2022-06-28 22:33:19] - training...
[2022-06-28 22:33:19] - [1098.61468506 1098.61468506    0.        ] 11.525208711624146
[2022-06-28 22:33:19] - evaluating...
[2022-06-28 22:33:19] - valid 9.784620, test 18.432023
[2022-06-28 22:33:19] - Epoch: 143
[2022-06-28 22:33:19] - training...
[2022-06-28 22:33:19] - [1125.00476074 1125.00476074    0.        ] 10.405524253845215
[2022-06-28 22:33:19] - evaluating...
[2022-06-28 22:33:19] - valid 9.465418, test 17.872129
[2022-06-28 22:33:19] - Epoch: 144
[2022-06-28 22:33:19] - training...
[2022-06-28 22:33:19] - [1347.78570557 1347.78570557    0.        ] 11.725472927093506
[2022-06-28 22:33:19] - evaluating...
[2022-06-28 22:33:19] - valid 9.180935, test 17.399462
[2022-06-28 22:33:19] - Epoch: 145
[2022-06-28 22:33:19] - training...
[2022-06-28 22:33:19] - [1724.77197266 1724.77197266    0.        ] 10.111141204833984
[2022-06-28 22:33:19] - evaluating...
[2022-06-28 22:33:19] - valid 8.810830, test 17.439660
[2022-06-28 22:33:19] - Epoch: 146
[2022-06-28 22:33:19] - training...
[2022-06-28 22:33:19] - [1128.35116577 1128.35116577    0.        ] 10.97603988647461
[2022-06-28 22:33:19] - evaluating...
[2022-06-28 22:33:19] - valid 8.561680, test 17.733080
[2022-06-28 22:33:19] - Epoch: 147
[2022-06-28 22:33:19] - training...
[2022-06-28 22:33:19] - [1554.31994629 1554.31994629    0.        ] 13.062511444091797
[2022-06-28 22:33:19] - evaluating...
[2022-06-28 22:33:19] - valid 9.415184, test 18.195450
[2022-06-28 22:33:19] - Epoch: 148
[2022-06-28 22:33:19] - training...
[2022-06-28 22:33:19] - [955.66482544 955.66482544   0.        ] 7.953909873962402
[2022-06-28 22:33:19] - evaluating...
[2022-06-28 22:33:19] - valid 10.170371, test 18.587978
[2022-06-28 22:33:19] - Epoch: 149
[2022-06-28 22:33:19] - training...
[2022-06-28 22:33:19] - [1339.5526123 1339.5526123    0.       ] 8.547735929489136
[2022-06-28 22:33:19] - evaluating...
[2022-06-28 22:33:20] - valid 10.175914, test 19.478240
[2022-06-28 22:33:20] - Epoch: 150
[2022-06-28 22:33:20] - training...
[2022-06-28 22:33:20] - [1733.96063232 1733.96063232    0.        ] 11.572397708892822
[2022-06-28 22:33:20] - evaluating...
[2022-06-28 22:33:20] - valid 10.070241, test 19.844982
[2022-06-28 22:33:20] - Epoch: 151
[2022-06-28 22:33:20] - training...
[2022-06-28 22:33:20] - [1103.98510742 1103.98510742    0.        ] 10.473453044891357
[2022-06-28 22:33:20] - evaluating...
[2022-06-28 22:33:20] - valid 10.797769, test 18.787222
[2022-06-28 22:33:20] - Epoch: 152
[2022-06-28 22:33:20] - training...
[2022-06-28 22:33:20] - [1587.52990723 1587.52990723    0.        ] 11.700079679489136
[2022-06-28 22:33:20] - evaluating...
[2022-06-28 22:33:20] - valid 10.187877, test 17.726609
[2022-06-28 22:33:20] - Epoch: 153
[2022-06-28 22:33:20] - training...
[2022-06-28 22:33:20] - [2244.68426514 2244.68426514    0.        ] 10.634608268737793
[2022-06-28 22:33:20] - evaluating...
[2022-06-28 22:33:20] - valid 9.783776, test 17.201885
[2022-06-28 22:33:20] - Epoch: 154
[2022-06-28 22:33:20] - training...
[2022-06-28 22:33:20] - [1315.20141602 1315.20141602    0.        ] 8.496273517608643
[2022-06-28 22:33:20] - evaluating...
[2022-06-28 22:33:20] - valid 8.866197, test 16.813412
[2022-06-28 22:33:20] - Epoch: 155
[2022-06-28 22:33:20] - training...
[2022-06-28 22:33:20] - [1555.42462158 1555.42462158    0.        ] 9.803760051727295
[2022-06-28 22:33:20] - evaluating...
[2022-06-28 22:33:20] - valid 9.999699, test 17.045912
[2022-06-28 22:33:20] - Epoch: 156
[2022-06-28 22:33:20] - training...
[2022-06-28 22:33:20] - [1292.90274048 1292.90274048    0.        ] 10.504412174224854
[2022-06-28 22:33:20] - evaluating...
[2022-06-28 22:33:20] - valid 9.633217, test 17.583305
[2022-06-28 22:33:20] - Epoch: 157
[2022-06-28 22:33:20] - training...
[2022-06-28 22:33:20] - [1290.22241211 1290.22241211    0.        ] 12.400971412658691
[2022-06-28 22:33:20] - evaluating...
[2022-06-28 22:33:20] - valid 11.385583, test 18.198758
[2022-06-28 22:33:20] - Epoch: 158
[2022-06-28 22:33:20] - training...
[2022-06-28 22:33:20] - [1226.27612305 1226.27612305    0.        ] 8.865692138671875
[2022-06-28 22:33:20] - evaluating...
[2022-06-28 22:33:20] - valid 10.970009, test 18.849002
[2022-06-28 22:33:20] - Epoch: 159
[2022-06-28 22:33:20] - training...
[2022-06-28 22:33:20] - [1032.69790649 1032.69790649    0.        ] 10.275984048843384
[2022-06-28 22:33:20] - evaluating...
[2022-06-28 22:33:20] - valid 11.908059, test 19.247707
[2022-06-28 22:33:20] - Epoch: 160
[2022-06-28 22:33:20] - training...
[2022-06-28 22:33:20] - [1707.23858643 1707.23858643    0.        ] 11.986452102661133
[2022-06-28 22:33:20] - evaluating...
[2022-06-28 22:33:21] - valid 11.100103, test 19.459500
[2022-06-28 22:33:21] - Epoch: 161
[2022-06-28 22:33:21] - training...
[2022-06-28 22:33:21] - [1315.58953857 1315.58953857    0.        ] 9.95342206954956
[2022-06-28 22:33:21] - evaluating...
[2022-06-28 22:33:21] - valid 11.696887, test 19.297510
[2022-06-28 22:33:21] - Epoch: 162
[2022-06-28 22:33:21] - training...
[2022-06-28 22:33:21] - [1637.88146973 1637.88146973    0.        ] 9.363386631011963
[2022-06-28 22:33:21] - evaluating...
[2022-06-28 22:33:21] - valid 10.265127, test 18.903953
[2022-06-28 22:33:21] - Epoch: 163
[2022-06-28 22:33:21] - training...
[2022-06-28 22:33:21] - [1169.8296814 1169.8296814    0.       ] 9.392391681671143
[2022-06-28 22:33:21] - evaluating...
[2022-06-28 22:33:21] - valid 11.531185, test 18.380699
[2022-06-28 22:33:21] - Epoch: 164
[2022-06-28 22:33:21] - training...
[2022-06-28 22:33:21] - [1834.75317383 1834.75317383    0.        ] 11.059857368469238
[2022-06-28 22:33:21] - evaluating...
[2022-06-28 22:33:21] - valid 11.357904, test 18.557621
[2022-06-28 22:33:21] - Epoch: 165
[2022-06-28 22:33:21] - training...
[2022-06-28 22:33:21] - [874.18719482 874.18719482   0.        ] 9.3615140914917
[2022-06-28 22:33:21] - evaluating...
[2022-06-28 22:33:21] - valid 11.262472, test 18.266895
[2022-06-28 22:33:21] - Epoch: 166
[2022-06-28 22:33:21] - training...
[2022-06-28 22:33:21] - [1112.02365112 1112.02365112    0.        ] 11.404634952545166
[2022-06-28 22:33:21] - evaluating...
[2022-06-28 22:33:21] - valid 10.932568, test 18.218839
[2022-06-28 22:33:21] - Epoch: 167
[2022-06-28 22:33:21] - training...
[2022-06-28 22:33:21] - [1377.51660156 1377.51660156    0.        ] 12.994355201721191
[2022-06-28 22:33:21] - evaluating...
[2022-06-28 22:33:21] - valid 10.840212, test 18.242678
[2022-06-28 22:33:21] - Epoch: 168
[2022-06-28 22:33:21] - training...
[2022-06-28 22:33:21] - [1232.22076416 1232.22076416    0.        ] 10.29347038269043
[2022-06-28 22:33:21] - evaluating...
[2022-06-28 22:33:21] - valid 9.186072, test 17.817832
[2022-06-28 22:33:21] - Epoch: 169
[2022-06-28 22:33:21] - training...
[2022-06-28 22:33:21] - [1637.15881348 1637.15881348    0.        ] 10.911874771118164
[2022-06-28 22:33:21] - evaluating...
[2022-06-28 22:33:21] - valid 9.645414, test 17.395238
[2022-06-28 22:33:21] - Epoch: 170
[2022-06-28 22:33:21] - training...
[2022-06-28 22:33:21] - [1222.70233154 1222.70233154    0.        ] 11.777037620544434
[2022-06-28 22:33:21] - evaluating...
[2022-06-28 22:33:21] - valid 10.024274, test 16.910814
[2022-06-28 22:33:21] - Epoch: 171
[2022-06-28 22:33:21] - training...
[2022-06-28 22:33:21] - [1530.91119385 1530.91119385    0.        ] 8.468086242675781
[2022-06-28 22:33:21] - evaluating...
[2022-06-28 22:33:22] - valid 10.025491, test 17.011521
[2022-06-28 22:33:22] - Epoch: 172
[2022-06-28 22:33:22] - training...
[2022-06-28 22:33:22] - [1407.52734375 1407.52734375    0.        ] 10.715112209320068
[2022-06-28 22:33:22] - evaluating...
[2022-06-28 22:33:22] - valid 9.374411, test 16.980415
[2022-06-28 22:33:22] - Epoch: 173
[2022-06-28 22:33:22] - training...
[2022-06-28 22:33:22] - [2183.98242188 2183.98242188    0.        ] 10.870530366897583
[2022-06-28 22:33:22] - evaluating...
[2022-06-28 22:33:22] - valid 9.517723, test 17.057548
[2022-06-28 22:33:22] - Epoch: 174
[2022-06-28 22:33:22] - training...
[2022-06-28 22:33:22] - [1159.53448486 1159.53448486    0.        ] 10.74355411529541
[2022-06-28 22:33:22] - evaluating...
[2022-06-28 22:33:22] - valid 9.829844, test 17.350524
[2022-06-28 22:33:22] - Epoch: 175
[2022-06-28 22:33:22] - training...
[2022-06-28 22:33:22] - [930.56924438 930.56924438   0.        ] 11.454914569854736
[2022-06-28 22:33:22] - evaluating...
[2022-06-28 22:33:22] - valid 9.457692, test 16.876834
[2022-06-28 22:33:22] - Epoch: 176
[2022-06-28 22:33:22] - training...
[2022-06-28 22:33:22] - [671.4818573 671.4818573   0.       ] 8.16698431968689
[2022-06-28 22:33:22] - evaluating...
[2022-06-28 22:33:22] - valid 8.459397, test 16.273805
[2022-06-28 22:33:22] - Epoch: 177
[2022-06-28 22:33:22] - training...
[2022-06-28 22:33:22] - [1643.09912109 1643.09912109    0.        ] 9.237797260284424
[2022-06-28 22:33:22] - evaluating...
[2022-06-28 22:33:22] - valid 8.781482, test 16.726014
[2022-06-28 22:33:22] - Epoch: 178
[2022-06-28 22:33:22] - training...
[2022-06-28 22:33:22] - [1490.68261719 1490.68261719    0.        ] 10.39134669303894
[2022-06-28 22:33:22] - evaluating...
[2022-06-28 22:33:22] - valid 9.942137, test 17.017189
[2022-06-28 22:33:22] - Epoch: 179
[2022-06-28 22:33:22] - training...
[2022-06-28 22:33:22] - [1211.93499756 1211.93499756    0.        ] 7.61124587059021
[2022-06-28 22:33:22] - evaluating...
[2022-06-28 22:33:22] - valid 11.031657, test 17.600410
[2022-06-28 22:33:22] - Epoch: 180
[2022-06-28 22:33:22] - training...
[2022-06-28 22:33:22] - [1079.89868164 1079.89868164    0.        ] 9.42951250076294
[2022-06-28 22:33:22] - evaluating...
[2022-06-28 22:33:22] - valid 12.091958, test 18.092069
[2022-06-28 22:33:22] - Epoch: 181
[2022-06-28 22:33:22] - training...
[2022-06-28 22:33:22] - [1192.2019043 1192.2019043    0.       ] 9.764270782470703
[2022-06-28 22:33:22] - evaluating...
[2022-06-28 22:33:22] - valid 11.820900, test 18.808824
[2022-06-28 22:33:22] - Epoch: 182
[2022-06-28 22:33:22] - training...
[2022-06-28 22:33:22] - [1201.93792725 1201.93792725    0.        ] 11.516568183898926
[2022-06-28 22:33:22] - evaluating...
[2022-06-28 22:33:23] - valid 10.443573, test 19.195484
[2022-06-28 22:33:23] - Epoch: 183
[2022-06-28 22:33:23] - training...
[2022-06-28 22:33:23] - [1126.42941284 1126.42941284    0.        ] 9.78928518295288
[2022-06-28 22:33:23] - evaluating...
[2022-06-28 22:33:23] - valid 10.902087, test 18.828856
[2022-06-28 22:33:23] - Epoch: 184
[2022-06-28 22:33:23] - training...
[2022-06-28 22:33:23] - [1377.23800659 1377.23800659    0.        ] 11.958496570587158
[2022-06-28 22:33:23] - evaluating...
[2022-06-28 22:33:23] - valid 11.850170, test 18.128145
[2022-06-28 22:33:23] - Epoch: 185
[2022-06-28 22:33:23] - training...
[2022-06-28 22:33:23] - [1299.8416748 1299.8416748    0.       ] 12.00463342666626
[2022-06-28 22:33:23] - evaluating...
[2022-06-28 22:33:23] - valid 12.191435, test 18.120038
[2022-06-28 22:33:23] - Epoch: 186
[2022-06-28 22:33:23] - training...
[2022-06-28 22:33:23] - [1077.73553467 1077.73553467    0.        ] 9.755955696105957
[2022-06-28 22:33:23] - evaluating...
[2022-06-28 22:33:23] - valid 11.176971, test 18.154612
[2022-06-28 22:33:23] - early stop
[2022-06-28 22:33:23] - best val score: 122.97960154215495 @ 146
[2022-06-28 22:33:23] - inference...
