[2022-05-09 21:31:59] - create model...
[2022-05-09 21:31:59] - Epoch: 0
[2022-05-09 21:31:59] - training...
[2022-05-09 21:31:59] - [0.02625937 0.02625937 0.        ] 0.07304576970636845
[2022-05-09 21:31:59] - evaluating...
[2022-05-09 21:31:59] - valid 0.062012, test 0.129986
[2022-05-09 21:31:59] - Epoch: 1
[2022-05-09 21:31:59] - training...
[2022-05-09 21:31:59] - [0.02089406 0.02089406 0.        ] 0.053801159684856735
[2022-05-09 21:31:59] - evaluating...
[2022-05-09 21:31:59] - valid 0.058874, test 0.130266
[2022-05-09 21:31:59] - Epoch: 2
[2022-05-09 21:31:59] - training...
[2022-05-09 21:31:59] - [0.01244638 0.01244638 0.        ] 0.049248350163300834
[2022-05-09 21:31:59] - evaluating...
[2022-05-09 21:31:59] - valid 0.065854, test 0.128904
[2022-05-09 21:31:59] - Epoch: 3
[2022-05-09 21:31:59] - training...
[2022-05-09 21:31:59] - [0.01034523 0.01034523 0.        ] 0.046888949970404305
[2022-05-09 21:31:59] - evaluating...
[2022-05-09 21:31:59] - valid 0.072588, test 0.129175
[2022-05-09 21:31:59] - Epoch: 4
[2022-05-09 21:31:59] - training...
[2022-05-09 21:31:59] - [0.00741207 0.00741207 0.        ] 0.03791281891365846
[2022-05-09 21:31:59] - evaluating...
[2022-05-09 21:31:59] - valid 0.070805, test 0.130084
[2022-05-09 21:31:59] - Epoch: 5
[2022-05-09 21:31:59] - training...
[2022-05-09 21:31:59] - [0.00641543 0.00641543 0.        ] 0.035239760763943195
[2022-05-09 21:31:59] - evaluating...
[2022-05-09 21:31:59] - valid 0.073044, test 0.127982
[2022-05-09 21:31:59] - Epoch: 6
[2022-05-09 21:31:59] - training...
[2022-05-09 21:31:59] - [0.00535205 0.00535205 0.        ] 0.02939767576754093
[2022-05-09 21:31:59] - evaluating...
[2022-05-09 21:31:59] - valid 0.069430, test 0.127619
[2022-05-09 21:31:59] - Epoch: 7
[2022-05-09 21:31:59] - training...
[2022-05-09 21:32:00] - [0.00681117 0.00681117 0.        ] 0.032712992280721664
[2022-05-09 21:32:00] - evaluating...
[2022-05-09 21:32:00] - valid 0.070300, test 0.126260
[2022-05-09 21:32:00] - Epoch: 8
[2022-05-09 21:32:00] - training...
[2022-05-09 21:32:00] - [0.00603416 0.00603416 0.        ] 0.03452737598369519
[2022-05-09 21:32:00] - evaluating...
[2022-05-09 21:32:00] - valid 0.071724, test 0.125477
[2022-05-09 21:32:00] - Epoch: 9
[2022-05-09 21:32:00] - training...
[2022-05-09 21:32:00] - [0.0061826 0.0061826 0.       ] 0.03398909947524468
[2022-05-09 21:32:00] - evaluating...
[2022-05-09 21:32:00] - valid 0.062254, test 0.121739
[2022-05-09 21:32:00] - Epoch: 10
[2022-05-09 21:32:00] - training...
[2022-05-09 21:32:00] - [0.00600691 0.00600691 0.        ] 0.03206052413831154
[2022-05-09 21:32:00] - evaluating...
[2022-05-09 21:32:00] - valid 0.055754, test 0.115667
[2022-05-09 21:32:00] - Epoch: 11
[2022-05-09 21:32:00] - training...
[2022-05-09 21:32:00] - [0.00587737 0.00587737 0.        ] 0.03545270922283331
[2022-05-09 21:32:00] - evaluating...
[2022-05-09 21:32:00] - valid 0.059212, test 0.122512
[2022-05-09 21:32:00] - Epoch: 12
[2022-05-09 21:32:00] - training...
[2022-05-09 21:32:00] - [0.00690331 0.00690331 0.        ] 0.03314405772835016
[2022-05-09 21:32:00] - evaluating...
[2022-05-09 21:32:00] - valid 0.051467, test 0.109270
[2022-05-09 21:32:00] - Epoch: 13
[2022-05-09 21:32:00] - training...
[2022-05-09 21:32:00] - [0.00533896 0.00533896 0.        ] 0.02843212243169546
[2022-05-09 21:32:00] - evaluating...
[2022-05-09 21:32:00] - valid 0.086046, test 0.143548
[2022-05-09 21:32:00] - Epoch: 14
[2022-05-09 21:32:00] - training...
[2022-05-09 21:32:00] - [0.00591893 0.00591893 0.        ] 0.029934979043900967
[2022-05-09 21:32:00] - evaluating...
[2022-05-09 21:32:00] - valid 0.100359, test 0.150791
[2022-05-09 21:32:00] - Epoch: 15
[2022-05-09 21:32:00] - training...
[2022-05-09 21:32:00] - [0.00586078 0.00586078 0.        ] 0.03452882543206215
[2022-05-09 21:32:00] - evaluating...
[2022-05-09 21:32:01] - valid 0.037522, test 0.075561
[2022-05-09 21:32:01] - Epoch: 16
[2022-05-09 21:32:01] - training...
[2022-05-09 21:32:01] - [0.00450884 0.00450884 0.        ] 0.02975249228378137
[2022-05-09 21:32:01] - evaluating...
[2022-05-09 21:32:01] - valid 0.054950, test 0.088012
[2022-05-09 21:32:01] - Epoch: 17
[2022-05-09 21:32:01] - training...
[2022-05-09 21:32:01] - [0.00517006 0.00517006 0.        ] 0.029866665912171204
[2022-05-09 21:32:01] - evaluating...
[2022-05-09 21:32:01] - valid 0.037173, test 0.047409
[2022-05-09 21:32:01] - Epoch: 18
[2022-05-09 21:32:01] - training...
[2022-05-09 21:32:01] - [0.00479486 0.00479486 0.        ] 0.03322550809631745
[2022-05-09 21:32:01] - evaluating...
[2022-05-09 21:32:01] - valid 0.080690, test 0.074137
[2022-05-09 21:32:01] - Epoch: 19
[2022-05-09 21:32:01] - training...
[2022-05-09 21:32:01] - [0.00461563 0.00461563 0.        ] 0.02895387914031744
[2022-05-09 21:32:01] - evaluating...
[2022-05-09 21:32:01] - valid 0.043061, test 0.064837
[2022-05-09 21:32:01] - Epoch: 20
[2022-05-09 21:32:01] - training...
[2022-05-09 21:32:01] - [0.0038476 0.0038476 0.       ] 0.025241772644221783
[2022-05-09 21:32:01] - evaluating...
[2022-05-09 21:32:01] - valid 0.060007, test 0.066820
[2022-05-09 21:32:01] - Epoch: 21
[2022-05-09 21:32:01] - training...
[2022-05-09 21:32:01] - [0.00430078 0.00430078 0.        ] 0.02666854051252206
[2022-05-09 21:32:01] - evaluating...
[2022-05-09 21:32:01] - valid 0.141844, test 0.166169
[2022-05-09 21:32:01] - Epoch: 22
[2022-05-09 21:32:01] - training...
[2022-05-09 21:32:01] - [0.00396453 0.00396453 0.        ] 0.028118833899497986
[2022-05-09 21:32:01] - evaluating...
[2022-05-09 21:32:01] - valid 0.038152, test 0.051531
[2022-05-09 21:32:01] - Epoch: 23
[2022-05-09 21:32:01] - training...
[2022-05-09 21:32:01] - [0.00443841 0.00443841 0.        ] 0.028380495496094227
[2022-05-09 21:32:01] - evaluating...
[2022-05-09 21:32:02] - valid 0.096114, test 0.092309
[2022-05-09 21:32:02] - Epoch: 24
[2022-05-09 21:32:02] - training...
[2022-05-09 21:32:02] - [0.00551068 0.00551068 0.        ] 0.031438304421802364
[2022-05-09 21:32:02] - evaluating...
[2022-05-09 21:32:02] - valid 0.105126, test 0.122996
[2022-05-09 21:32:02] - Epoch: 25
[2022-05-09 21:32:02] - training...
[2022-05-09 21:32:02] - [0.00443332 0.00443332 0.        ] 0.028437774628400803
[2022-05-09 21:32:02] - evaluating...
[2022-05-09 21:32:02] - valid 0.282127, test 0.297874
[2022-05-09 21:32:02] - Epoch: 26
[2022-05-09 21:32:02] - training...
[2022-05-09 21:32:02] - [0.00408952 0.00408952 0.        ] 0.02888495506097873
[2022-05-09 21:32:02] - evaluating...
[2022-05-09 21:32:02] - valid 0.223040, test 0.238394
[2022-05-09 21:32:02] - Epoch: 27
[2022-05-09 21:32:02] - training...
[2022-05-09 21:32:02] - [0.00439105 0.00439105 0.        ] 0.027420802352329094
[2022-05-09 21:32:02] - evaluating...
[2022-05-09 21:32:02] - valid 0.068568, test 0.066774
[2022-05-09 21:32:02] - Epoch: 28
[2022-05-09 21:32:02] - training...
[2022-05-09 21:32:02] - [0.00417218 0.00417218 0.        ] 0.025724361340204876
[2022-05-09 21:32:02] - evaluating...
[2022-05-09 21:32:02] - valid 0.047582, test 0.050532
[2022-05-09 21:32:02] - Epoch: 29
[2022-05-09 21:32:02] - training...
[2022-05-09 21:32:02] - [0.00303355 0.00303355 0.        ] 0.026516439703603584
[2022-05-09 21:32:02] - evaluating...
[2022-05-09 21:32:02] - valid 0.133648, test 0.132943
[2022-05-09 21:32:02] - Epoch: 30
[2022-05-09 21:32:02] - training...
[2022-05-09 21:32:02] - [0.00356325 0.00356325 0.        ] 0.02299969115604957
[2022-05-09 21:32:02] - evaluating...
[2022-05-09 21:32:02] - valid 0.062079, test 0.062116
[2022-05-09 21:32:02] - Epoch: 31
[2022-05-09 21:32:02] - training...
[2022-05-09 21:32:02] - [0.00378321 0.00378321 0.        ] 0.030554957687854767
[2022-05-09 21:32:02] - evaluating...
[2022-05-09 21:32:02] - valid 0.074443, test 0.073539
[2022-05-09 21:32:02] - Epoch: 32
[2022-05-09 21:32:02] - training...
[2022-05-09 21:32:03] - [0.00533886 0.00533886 0.        ] 0.03296440560370684
[2022-05-09 21:32:03] - evaluating...
[2022-05-09 21:32:03] - valid 0.239849, test 0.230320
[2022-05-09 21:32:03] - Epoch: 33
[2022-05-09 21:32:03] - training...
[2022-05-09 21:32:03] - [0.00422275 0.00422275 0.        ] 0.02794024720788002
[2022-05-09 21:32:03] - evaluating...
[2022-05-09 21:32:03] - valid 0.348107, test 0.327219
[2022-05-09 21:32:03] - Epoch: 34
[2022-05-09 21:32:03] - training...
[2022-05-09 21:32:03] - [0.0048625 0.0048625 0.       ] 0.029799078901608784
[2022-05-09 21:32:03] - evaluating...
[2022-05-09 21:32:03] - valid 0.347218, test 0.329938
[2022-05-09 21:32:03] - Epoch: 35
[2022-05-09 21:32:03] - training...
[2022-05-09 21:32:03] - [0.00478525 0.00478525 0.        ] 0.032564765152831875
[2022-05-09 21:32:03] - evaluating...
[2022-05-09 21:32:03] - valid 0.085052, test 0.087938
[2022-05-09 21:32:03] - Epoch: 36
[2022-05-09 21:32:03] - training...
[2022-05-09 21:32:03] - [0.00485604 0.00485604 0.        ] 0.0292105283588171
[2022-05-09 21:32:03] - evaluating...
[2022-05-09 21:32:03] - valid 0.254080, test 0.232967
[2022-05-09 21:32:03] - Epoch: 37
[2022-05-09 21:32:03] - training...
[2022-05-09 21:32:03] - [0.00436959 0.00436959 0.        ] 0.028159391755859058
[2022-05-09 21:32:03] - evaluating...
[2022-05-09 21:32:03] - valid 0.339257, test 0.329812
[2022-05-09 21:32:03] - Epoch: 38
[2022-05-09 21:32:03] - training...
[2022-05-09 21:32:03] - [0.00342023 0.00342023 0.        ] 0.027311242495973904
[2022-05-09 21:32:03] - evaluating...
[2022-05-09 21:32:03] - valid 0.290977, test 0.286971
[2022-05-09 21:32:03] - Epoch: 39
[2022-05-09 21:32:03] - training...
[2022-05-09 21:32:03] - [0.00443274 0.00443274 0.        ] 0.02745089214295149
[2022-05-09 21:32:03] - evaluating...
[2022-05-09 21:32:03] - valid 0.200631, test 0.180390
[2022-05-09 21:32:03] - Epoch: 40
[2022-05-09 21:32:03] - training...
[2022-05-09 21:32:03] - [0.00487649 0.00487649 0.        ] 0.02810601455469926
[2022-05-09 21:32:03] - evaluating...
[2022-05-09 21:32:04] - valid 0.151775, test 0.136546
[2022-05-09 21:32:04] - Epoch: 41
[2022-05-09 21:32:04] - training...
[2022-05-09 21:32:04] - [0.00385345 0.00385345 0.        ] 0.0267229409267505
[2022-05-09 21:32:04] - evaluating...
[2022-05-09 21:32:04] - valid 0.069316, test 0.066183
[2022-05-09 21:32:04] - Epoch: 42
[2022-05-09 21:32:04] - training...
[2022-05-09 21:32:04] - [0.00472234 0.00472234 0.        ] 0.02837817370891571
[2022-05-09 21:32:04] - evaluating...
[2022-05-09 21:32:04] - valid 0.081144, test 0.077272
[2022-05-09 21:32:04] - Epoch: 43
[2022-05-09 21:32:04] - training...
[2022-05-09 21:32:04] - [0.00290196 0.00290196 0.        ] 0.02496828945974509
[2022-05-09 21:32:04] - evaluating...
[2022-05-09 21:32:04] - valid 0.136619, test 0.145457
[2022-05-09 21:32:04] - Epoch: 44
[2022-05-09 21:32:04] - training...
[2022-05-09 21:32:04] - [0.0037016 0.0037016 0.       ] 0.025573570902148884
[2022-05-09 21:32:04] - evaluating...
[2022-05-09 21:32:04] - valid 0.136290, test 0.141487
[2022-05-09 21:32:04] - Epoch: 45
[2022-05-09 21:32:04] - training...
[2022-05-09 21:32:04] - [0.0036528 0.0036528 0.       ] 0.024716478151579697
[2022-05-09 21:32:04] - evaluating...
[2022-05-09 21:32:04] - valid 0.019085, test 0.033318
[2022-05-09 21:32:04] - Epoch: 46
[2022-05-09 21:32:04] - training...
[2022-05-09 21:32:04] - [0.00327264 0.00327264 0.        ] 0.026337706483900547
[2022-05-09 21:32:04] - evaluating...
[2022-05-09 21:32:04] - valid 0.033076, test 0.035996
[2022-05-09 21:32:04] - Epoch: 47
[2022-05-09 21:32:04] - training...
[2022-05-09 21:32:04] - [0.00333532 0.00333532 0.        ] 0.02595090214163065
[2022-05-09 21:32:04] - evaluating...
[2022-05-09 21:32:04] - valid 0.027560, test 0.031037
[2022-05-09 21:32:04] - Epoch: 48
[2022-05-09 21:32:04] - training...
[2022-05-09 21:32:04] - [0.00359065 0.00359065 0.        ] 0.02934365253895521
[2022-05-09 21:32:04] - evaluating...
[2022-05-09 21:32:04] - valid 0.024196, test 0.033379
[2022-05-09 21:32:04] - Epoch: 49
[2022-05-09 21:32:04] - training...
[2022-05-09 21:32:05] - [0.00363058 0.00363058 0.        ] 0.024268172681331635
[2022-05-09 21:32:05] - evaluating...
[2022-05-09 21:32:05] - valid 0.119364, test 0.144952
[2022-05-09 21:32:05] - Epoch: 50
[2022-05-09 21:32:05] - training...
[2022-05-09 21:32:05] - [0.00290993 0.00290993 0.        ] 0.02425436396151781
[2022-05-09 21:32:05] - evaluating...
[2022-05-09 21:32:05] - valid 0.123008, test 0.128782
[2022-05-09 21:32:05] - Epoch: 51
[2022-05-09 21:32:05] - training...
[2022-05-09 21:32:05] - [0.00342473 0.00342473 0.        ] 0.02380620160450538
[2022-05-09 21:32:05] - evaluating...
[2022-05-09 21:32:05] - valid 0.058913, test 0.058020
[2022-05-09 21:32:05] - Epoch: 52
[2022-05-09 21:32:05] - training...
[2022-05-09 21:32:05] - [0.0039458 0.0039458 0.       ] 0.025642027767995994
[2022-05-09 21:32:05] - evaluating...
[2022-05-09 21:32:05] - valid 0.031403, test 0.046789
[2022-05-09 21:32:05] - Epoch: 53
[2022-05-09 21:32:05] - training...
[2022-05-09 21:32:05] - [0.00421569 0.00421569 0.        ] 0.025956143004198868
[2022-05-09 21:32:05] - evaluating...
[2022-05-09 21:32:05] - valid 0.134241, test 0.128565
[2022-05-09 21:32:05] - Epoch: 54
[2022-05-09 21:32:05] - training...
[2022-05-09 21:32:05] - [0.00384173 0.00384173 0.        ] 0.026609426053861778
[2022-05-09 21:32:05] - evaluating...
[2022-05-09 21:32:05] - valid 0.135255, test 0.121192
[2022-05-09 21:32:05] - Epoch: 55
[2022-05-09 21:32:05] - training...
[2022-05-09 21:32:05] - [0.00386989 0.00386989 0.        ] 0.028306076303124428
[2022-05-09 21:32:05] - evaluating...
[2022-05-09 21:32:05] - valid 0.057057, test 0.055909
[2022-05-09 21:32:05] - Epoch: 56
[2022-05-09 21:32:05] - training...
[2022-05-09 21:32:05] - [0.00456617 0.00456617 0.        ] 0.026618389102319878
[2022-05-09 21:32:05] - evaluating...
[2022-05-09 21:32:05] - valid 0.157971, test 0.165129
[2022-05-09 21:32:05] - Epoch: 57
[2022-05-09 21:32:05] - training...
[2022-05-09 21:32:06] - [0.00335363 0.00335363 0.        ] 0.02679291677971681
[2022-05-09 21:32:06] - evaluating...
[2022-05-09 21:32:06] - valid 0.272260, test 0.275566
[2022-05-09 21:32:06] - Epoch: 58
[2022-05-09 21:32:06] - training...
[2022-05-09 21:32:06] - [0.00355185 0.00355185 0.        ] 0.026623172995944817
[2022-05-09 21:32:06] - evaluating...
[2022-05-09 21:32:06] - valid 0.046351, test 0.051059
[2022-05-09 21:32:06] - Epoch: 59
[2022-05-09 21:32:06] - training...
[2022-05-09 21:32:06] - [0.00307247 0.00307247 0.        ] 0.024923537547389667
[2022-05-09 21:32:06] - evaluating...
[2022-05-09 21:32:06] - valid 0.094420, test 0.094830
[2022-05-09 21:32:06] - Epoch: 60
[2022-05-09 21:32:06] - training...
[2022-05-09 21:32:06] - [0.00332131 0.00332131 0.        ] 0.022437674924731255
[2022-05-09 21:32:06] - evaluating...
[2022-05-09 21:32:06] - valid 0.132827, test 0.145758
[2022-05-09 21:32:06] - Epoch: 61
[2022-05-09 21:32:06] - training...
[2022-05-09 21:32:06] - [0.00344535 0.00344535 0.        ] 0.025257393717765808
[2022-05-09 21:32:06] - evaluating...
[2022-05-09 21:32:06] - valid 0.031390, test 0.037516
[2022-05-09 21:32:06] - Epoch: 62
[2022-05-09 21:32:06] - training...
[2022-05-09 21:32:06] - [0.00377396 0.00377396 0.        ] 0.03140668974568447
[2022-05-09 21:32:06] - evaluating...
[2022-05-09 21:32:06] - valid 0.016327, test 0.032643
[2022-05-09 21:32:06] - Epoch: 63
[2022-05-09 21:32:06] - training...
[2022-05-09 21:32:06] - [0.00466648 0.00466648 0.        ] 0.030442669987678528
[2022-05-09 21:32:06] - evaluating...
[2022-05-09 21:32:06] - valid 0.058561, test 0.083328
[2022-05-09 21:32:06] - Epoch: 64
[2022-05-09 21:32:06] - training...
[2022-05-09 21:32:06] - [0.00476884 0.00476884 0.        ] 0.027113808939854305
[2022-05-09 21:32:06] - evaluating...
[2022-05-09 21:32:06] - valid 0.078532, test 0.095371
[2022-05-09 21:32:06] - Epoch: 65
[2022-05-09 21:32:06] - training...
[2022-05-09 21:32:06] - [0.00401905 0.00401905 0.        ] 0.030002315218249958
[2022-05-09 21:32:06] - evaluating...
[2022-05-09 21:32:07] - valid 0.045988, test 0.060566
[2022-05-09 21:32:07] - Epoch: 66
[2022-05-09 21:32:07] - training...
[2022-05-09 21:32:07] - [0.00464911 0.00464911 0.        ] 0.02878586171815793
[2022-05-09 21:32:07] - evaluating...
[2022-05-09 21:32:07] - valid 0.023886, test 0.038833
[2022-05-09 21:32:07] - Epoch: 67
[2022-05-09 21:32:07] - training...
[2022-05-09 21:32:07] - [0.00410597 0.00410597 0.        ] 0.0224432535469532
[2022-05-09 21:32:07] - evaluating...
[2022-05-09 21:32:07] - valid 0.196400, test 0.206357
[2022-05-09 21:32:07] - Epoch: 68
[2022-05-09 21:32:07] - training...
[2022-05-09 21:32:07] - [0.00319428 0.00319428 0.        ] 0.026416394549111526
[2022-05-09 21:32:07] - evaluating...
[2022-05-09 21:32:07] - valid 0.092007, test 0.105447
[2022-05-09 21:32:07] - Epoch: 69
[2022-05-09 21:32:07] - training...
[2022-05-09 21:32:07] - [0.00353744 0.00353744 0.        ] 0.025230018111566704
[2022-05-09 21:32:07] - evaluating...
[2022-05-09 21:32:07] - valid 0.246396, test 0.273343
[2022-05-09 21:32:07] - Epoch: 70
[2022-05-09 21:32:07] - training...
[2022-05-09 21:32:07] - [0.0034846 0.0034846 0.       ] 0.02317708854873975
[2022-05-09 21:32:07] - evaluating...
[2022-05-09 21:32:07] - valid 0.133497, test 0.149064
[2022-05-09 21:32:07] - Epoch: 71
[2022-05-09 21:32:07] - training...
[2022-05-09 21:32:07] - [0.00397909 0.00397909 0.        ] 0.02549881674349308
[2022-05-09 21:32:07] - evaluating...
[2022-05-09 21:32:07] - valid 0.039213, test 0.047990
[2022-05-09 21:32:07] - Epoch: 72
[2022-05-09 21:32:07] - training...
[2022-05-09 21:32:07] - [0.00474998 0.00474998 0.        ] 0.02945252787321806
[2022-05-09 21:32:07] - evaluating...
[2022-05-09 21:32:07] - valid 0.111760, test 0.129958
[2022-05-09 21:32:07] - Epoch: 73
[2022-05-09 21:32:07] - training...
[2022-05-09 21:32:07] - [0.00330749 0.00330749 0.        ] 0.024185528978705406
[2022-05-09 21:32:07] - evaluating...
[2022-05-09 21:32:07] - valid 0.272916, test 0.273965
[2022-05-09 21:32:07] - Epoch: 74
[2022-05-09 21:32:07] - training...
[2022-05-09 21:32:08] - [0.00341025 0.00341025 0.        ] 0.02328952308744192
[2022-05-09 21:32:08] - evaluating...
[2022-05-09 21:32:08] - valid 0.432576, test 0.444768
[2022-05-09 21:32:08] - Epoch: 75
[2022-05-09 21:32:08] - training...
[2022-05-09 21:32:08] - [0.00354604 0.00354604 0.        ] 0.02579847350716591
[2022-05-09 21:32:08] - evaluating...
[2022-05-09 21:32:08] - valid 0.254056, test 0.265027
[2022-05-09 21:32:08] - Epoch: 76
[2022-05-09 21:32:08] - training...
[2022-05-09 21:32:08] - [0.00388814 0.00388814 0.        ] 0.029215169604867697
[2022-05-09 21:32:08] - evaluating...
[2022-05-09 21:32:08] - valid 0.012835, test 0.019839
[2022-05-09 21:32:08] - Epoch: 77
[2022-05-09 21:32:08] - training...
[2022-05-09 21:32:08] - [0.00419771 0.00419771 0.        ] 0.024326019299527008
[2022-05-09 21:32:08] - evaluating...
[2022-05-09 21:32:08] - valid 0.132535, test 0.120258
[2022-05-09 21:32:08] - Epoch: 78
[2022-05-09 21:32:08] - training...
[2022-05-09 21:32:08] - [0.00340378 0.00340378 0.        ] 0.024043224131067593
[2022-05-09 21:32:08] - evaluating...
[2022-05-09 21:32:08] - valid 0.103010, test 0.095250
[2022-05-09 21:32:08] - Epoch: 79
[2022-05-09 21:32:08] - training...
[2022-05-09 21:32:08] - [0.00369963 0.00369963 0.        ] 0.025946868273119133
[2022-05-09 21:32:08] - evaluating...
[2022-05-09 21:32:08] - valid 0.189873, test 0.190143
[2022-05-09 21:32:08] - Epoch: 80
[2022-05-09 21:32:08] - training...
[2022-05-09 21:32:08] - [0.00442343 0.00442343 0.        ] 0.024663894126812618
[2022-05-09 21:32:08] - evaluating...
[2022-05-09 21:32:08] - valid 0.012296, test 0.024311
[2022-05-09 21:32:08] - Epoch: 81
[2022-05-09 21:32:08] - training...
[2022-05-09 21:32:08] - [0.00565131 0.00565131 0.        ] 0.026494674384593964
[2022-05-09 21:32:08] - evaluating...
[2022-05-09 21:32:08] - valid 0.029837, test 0.037871
[2022-05-09 21:32:08] - Epoch: 82
[2022-05-09 21:32:08] - training...
[2022-05-09 21:32:08] - [0.00356021 0.00356021 0.        ] 0.026345020160079002
[2022-05-09 21:32:08] - evaluating...
[2022-05-09 21:32:09] - valid 0.189470, test 0.185730
[2022-05-09 21:32:09] - Epoch: 83
[2022-05-09 21:32:09] - training...
[2022-05-09 21:32:09] - [0.00284664 0.00284664 0.        ] 0.02126732065031926
[2022-05-09 21:32:09] - evaluating...
[2022-05-09 21:32:09] - valid 0.026553, test 0.048540
[2022-05-09 21:32:09] - Epoch: 84
[2022-05-09 21:32:09] - training...
[2022-05-09 21:32:09] - [0.00353311 0.00353311 0.        ] 0.028138849263389904
[2022-05-09 21:32:09] - evaluating...
[2022-05-09 21:32:09] - valid 0.015881, test 0.022894
[2022-05-09 21:32:09] - Epoch: 85
[2022-05-09 21:32:09] - training...
[2022-05-09 21:32:09] - [0.00405968 0.00405968 0.        ] 0.025846408990522225
[2022-05-09 21:32:09] - evaluating...
[2022-05-09 21:32:09] - valid 0.031959, test 0.051881
[2022-05-09 21:32:09] - Epoch: 86
[2022-05-09 21:32:09] - training...
[2022-05-09 21:32:09] - [0.00377724 0.00377724 0.        ] 0.026778240377704304
[2022-05-09 21:32:09] - evaluating...
[2022-05-09 21:32:09] - valid 0.087627, test 0.085002
[2022-05-09 21:32:09] - Epoch: 87
[2022-05-09 21:32:09] - training...
[2022-05-09 21:32:09] - [0.00300474 0.00300474 0.        ] 0.026049368704358738
[2022-05-09 21:32:09] - evaluating...
[2022-05-09 21:32:09] - valid 0.242513, test 0.255516
[2022-05-09 21:32:09] - Epoch: 88
[2022-05-09 21:32:09] - training...
[2022-05-09 21:32:09] - [0.00406873 0.00406873 0.        ] 0.0304995176071922
[2022-05-09 21:32:09] - evaluating...
[2022-05-09 21:32:09] - valid 0.287069, test 0.282516
[2022-05-09 21:32:09] - Epoch: 89
[2022-05-09 21:32:09] - training...
[2022-05-09 21:32:09] - [0.00348956 0.00348956 0.        ] 0.025612594404568274
[2022-05-09 21:32:09] - evaluating...
[2022-05-09 21:32:09] - valid 0.294093, test 0.296394
[2022-05-09 21:32:09] - Epoch: 90
[2022-05-09 21:32:09] - training...
[2022-05-09 21:32:09] - [0.00334626 0.00334626 0.        ] 0.024566282828648884
[2022-05-09 21:32:09] - evaluating...
[2022-05-09 21:32:09] - valid 0.043873, test 0.052934
[2022-05-09 21:32:09] - Epoch: 91
[2022-05-09 21:32:09] - training...
[2022-05-09 21:32:10] - [0.00386288 0.00386288 0.        ] 0.02503347024321556
[2022-05-09 21:32:10] - evaluating...
[2022-05-09 21:32:10] - valid 0.090539, test 0.088380
[2022-05-09 21:32:10] - Epoch: 92
[2022-05-09 21:32:10] - training...
[2022-05-09 21:32:10] - [0.00386372 0.00386372 0.        ] 0.026543819655974705
[2022-05-09 21:32:10] - evaluating...
[2022-05-09 21:32:10] - valid 0.043162, test 0.049055
[2022-05-09 21:32:10] - Epoch: 93
[2022-05-09 21:32:10] - training...
[2022-05-09 21:32:10] - [0.00371587 0.00371587 0.        ] 0.025511612184345722
[2022-05-09 21:32:10] - evaluating...
[2022-05-09 21:32:10] - valid 0.153994, test 0.170148
[2022-05-09 21:32:10] - Epoch: 94
[2022-05-09 21:32:10] - training...
[2022-05-09 21:32:10] - [0.00345976 0.00345976 0.        ] 0.028301369709273178
[2022-05-09 21:32:10] - evaluating...
[2022-05-09 21:32:10] - valid 0.171663, test 0.178164
[2022-05-09 21:32:10] - Epoch: 95
[2022-05-09 21:32:10] - training...
[2022-05-09 21:32:10] - [0.00361297 0.00361297 0.        ] 0.0249066522034506
[2022-05-09 21:32:10] - evaluating...
[2022-05-09 21:32:10] - valid 0.146483, test 0.160196
[2022-05-09 21:32:10] - Epoch: 96
[2022-05-09 21:32:10] - training...
[2022-05-09 21:32:10] - [0.0042001 0.0042001 0.       ] 0.026880450546741486
[2022-05-09 21:32:10] - evaluating...
[2022-05-09 21:32:10] - valid 0.245747, test 0.256736
[2022-05-09 21:32:10] - Epoch: 97
[2022-05-09 21:32:10] - training...
[2022-05-09 21:32:10] - [0.00381978 0.00381978 0.        ] 0.0273688156157732
[2022-05-09 21:32:10] - evaluating...
[2022-05-09 21:32:10] - valid 0.153127, test 0.161267
[2022-05-09 21:32:10] - Epoch: 98
[2022-05-09 21:32:10] - training...
[2022-05-09 21:32:10] - [0.00470328 0.00470328 0.        ] 0.02522232197225094
[2022-05-09 21:32:10] - evaluating...
[2022-05-09 21:32:10] - valid 0.575008, test 0.573752
[2022-05-09 21:32:10] - Epoch: 99
[2022-05-09 21:32:10] - training...
[2022-05-09 21:32:10] - [0.00496377 0.00496377 0.        ] 0.028421903029084206
[2022-05-09 21:32:10] - evaluating...
[2022-05-09 21:32:11] - valid 0.220852, test 0.229988
[2022-05-09 21:32:11] - Epoch: 100
[2022-05-09 21:32:11] - training...
[2022-05-09 21:32:11] - [0.00529944 0.00529944 0.        ] 0.02878926166643699
[2022-05-09 21:32:11] - evaluating...
[2022-05-09 21:32:11] - valid 0.448069, test 0.479256
[2022-05-09 21:32:11] - Epoch: 101
[2022-05-09 21:32:11] - training...
[2022-05-09 21:32:11] - [0.00502034 0.00502034 0.        ] 0.027833467970291775
[2022-05-09 21:32:11] - evaluating...
[2022-05-09 21:32:11] - valid 0.595339, test 0.615086
[2022-05-09 21:32:11] - Epoch: 102
[2022-05-09 21:32:11] - training...
[2022-05-09 21:32:11] - [0.00328221 0.00328221 0.        ] 0.022584030249466498
[2022-05-09 21:32:11] - evaluating...
[2022-05-09 21:32:11] - valid 0.226886, test 0.243363
[2022-05-09 21:32:11] - Epoch: 103
[2022-05-09 21:32:11] - training...
[2022-05-09 21:32:11] - [0.00261041 0.00261041 0.        ] 0.022714433260262012
[2022-05-09 21:32:11] - evaluating...
[2022-05-09 21:32:11] - valid 0.018170, test 0.027699
[2022-05-09 21:32:11] - Epoch: 104
[2022-05-09 21:32:11] - training...
[2022-05-09 21:32:11] - [0.00258038 0.00258038 0.        ] 0.02272575907409191
[2022-05-09 21:32:11] - evaluating...
[2022-05-09 21:32:11] - valid 0.073508, test 0.071807
[2022-05-09 21:32:11] - Epoch: 105
[2022-05-09 21:32:11] - training...
[2022-05-09 21:32:11] - [0.00313378 0.00313378 0.        ] 0.025521004882951576
[2022-05-09 21:32:11] - evaluating...
[2022-05-09 21:32:11] - valid 0.139704, test 0.124809
[2022-05-09 21:32:11] - Epoch: 106
[2022-05-09 21:32:11] - training...
[2022-05-09 21:32:11] - [0.0035944 0.0035944 0.       ] 0.02645997858295838
[2022-05-09 21:32:11] - evaluating...
[2022-05-09 21:32:11] - valid 0.103514, test 0.091813
[2022-05-09 21:32:11] - Epoch: 107
[2022-05-09 21:32:11] - training...
[2022-05-09 21:32:11] - [0.00334708 0.00334708 0.        ] 0.02550868410617113
[2022-05-09 21:32:11] - evaluating...
[2022-05-09 21:32:11] - valid 0.053112, test 0.065028
[2022-05-09 21:32:11] - Epoch: 108
[2022-05-09 21:32:11] - training...
[2022-05-09 21:32:12] - [0.00359862 0.00359862 0.        ] 0.02596808938930432
[2022-05-09 21:32:12] - evaluating...
[2022-05-09 21:32:12] - valid 0.027912, test 0.054320
[2022-05-09 21:32:12] - Epoch: 109
[2022-05-09 21:32:12] - training...
[2022-05-09 21:32:12] - [0.00360213 0.00360213 0.        ] 0.028471145778894424
[2022-05-09 21:32:12] - evaluating...
[2022-05-09 21:32:12] - valid 0.040869, test 0.047873
[2022-05-09 21:32:12] - Epoch: 110
[2022-05-09 21:32:12] - training...
[2022-05-09 21:32:12] - [0.00345267 0.00345267 0.        ] 0.023973732255399227
[2022-05-09 21:32:12] - evaluating...
[2022-05-09 21:32:12] - valid 0.237188, test 0.270342
[2022-05-09 21:32:12] - Epoch: 111
[2022-05-09 21:32:12] - training...
[2022-05-09 21:32:12] - [0.00420641 0.00420641 0.        ] 0.030754574264089268
[2022-05-09 21:32:12] - evaluating...
[2022-05-09 21:32:12] - valid 0.234336, test 0.235831
[2022-05-09 21:32:12] - Epoch: 112
[2022-05-09 21:32:12] - training...
[2022-05-09 21:32:12] - [0.00368002 0.00368002 0.        ] 0.026788155858715374
[2022-05-09 21:32:12] - evaluating...
[2022-05-09 21:32:12] - valid 0.040485, test 0.043333
[2022-05-09 21:32:12] - Epoch: 113
[2022-05-09 21:32:12] - training...
[2022-05-09 21:32:12] - [0.00261552 0.00261552 0.        ] 0.023351498879492283
[2022-05-09 21:32:12] - evaluating...
[2022-05-09 21:32:12] - valid 0.049761, test 0.057101
[2022-05-09 21:32:12] - Epoch: 114
[2022-05-09 21:32:12] - training...
[2022-05-09 21:32:12] - [0.004305 0.004305 0.      ] 0.024912038041899603
[2022-05-09 21:32:12] - evaluating...
[2022-05-09 21:32:12] - valid 0.033762, test 0.042548
[2022-05-09 21:32:12] - Epoch: 115
[2022-05-09 21:32:12] - training...
[2022-05-09 21:32:12] - [0.00363465 0.00363465 0.        ] 0.02605853509157896
[2022-05-09 21:32:12] - evaluating...
[2022-05-09 21:32:12] - valid 0.193412, test 0.188813
[2022-05-09 21:32:12] - Epoch: 116
[2022-05-09 21:32:12] - training...
[2022-05-09 21:32:12] - [0.00347571 0.00347571 0.        ] 0.028829970086614292
[2022-05-09 21:32:12] - evaluating...
[2022-05-09 21:32:13] - valid 0.264546, test 0.262589
[2022-05-09 21:32:13] - early stop
[2022-05-09 21:32:13] - best val score: 0.00028277152341615874 @ 76
[2022-05-09 21:32:13] - inference...
[2022-05-09 21:32:13] - MSE: train 0.000696, valid 0.000381, test 0.001064
[2022-05-09 21:32:13] - L1:  train 0.017850, valid 0.015115, test 0.019839
[2022-05-09 21:32:13] - RMSE: train 0.025634, valid 0.018971, test 0.029675
[2022-05-09 21:32:13] - Finished.
[2022-06-25 14:15:31] - create model...
[2022-06-25 14:15:31] - Epoch: 0
[2022-06-25 14:15:31] - training...
[2022-06-25 14:15:31] - [0.02625937 0.02625937 0.        ] 0.07304576970636845
[2022-06-25 14:15:31] - evaluating...
[2022-06-25 14:15:31] - valid 0.062012, test 0.129986
[2022-06-25 14:15:31] - Epoch: 1
[2022-06-25 14:15:31] - training...
[2022-06-25 14:15:31] - [0.02089406 0.02089406 0.        ] 0.053801159684856735
[2022-06-25 14:15:31] - evaluating...
[2022-06-25 14:15:31] - valid 0.058874, test 0.130266
[2022-06-25 14:15:31] - Epoch: 2
[2022-06-25 14:15:31] - training...
[2022-06-25 14:15:32] - [0.01244638 0.01244638 0.        ] 0.049248350163300834
[2022-06-25 14:15:32] - evaluating...
[2022-06-25 14:15:32] - valid 0.065854, test 0.128904
[2022-06-25 14:15:32] - Epoch: 3
[2022-06-25 14:15:32] - training...
[2022-06-25 14:15:32] - [0.01034523 0.01034523 0.        ] 0.046888949970404305
[2022-06-25 14:15:32] - evaluating...
[2022-06-25 14:15:32] - valid 0.072588, test 0.129175
[2022-06-25 14:15:32] - Epoch: 4
[2022-06-25 14:15:32] - training...
[2022-06-25 14:15:32] - [0.00741207 0.00741207 0.        ] 0.03791281891365846
[2022-06-25 14:15:32] - evaluating...
[2022-06-25 14:15:32] - valid 0.070805, test 0.130084
[2022-06-25 14:15:32] - Epoch: 5
[2022-06-25 14:15:32] - training...
[2022-06-25 14:15:32] - [0.00641543 0.00641543 0.        ] 0.035239760763943195
[2022-06-25 14:15:32] - evaluating...
[2022-06-25 14:15:32] - valid 0.073044, test 0.127982
[2022-06-25 14:15:32] - Epoch: 6
[2022-06-25 14:15:32] - training...
[2022-06-25 14:15:32] - [0.00535205 0.00535205 0.        ] 0.02939767576754093
[2022-06-25 14:15:32] - evaluating...
[2022-06-25 14:15:32] - valid 0.069430, test 0.127619
[2022-06-25 14:15:32] - Epoch: 7
[2022-06-25 14:15:32] - training...
[2022-06-25 14:15:32] - [0.00681117 0.00681117 0.        ] 0.032712992280721664
[2022-06-25 14:15:32] - evaluating...
[2022-06-25 14:15:32] - valid 0.070300, test 0.126260
[2022-06-25 14:15:32] - Epoch: 8
[2022-06-25 14:15:32] - training...
[2022-06-25 14:15:32] - [0.00603416 0.00603416 0.        ] 0.03452737598369519
[2022-06-25 14:15:32] - evaluating...
[2022-06-25 14:15:33] - valid 0.071724, test 0.125477
[2022-06-25 14:15:33] - Epoch: 9
[2022-06-25 14:15:33] - training...
[2022-06-25 14:15:33] - [0.0061826 0.0061826 0.       ] 0.03398909947524468
[2022-06-25 14:15:33] - evaluating...
[2022-06-25 14:15:33] - valid 0.062254, test 0.121739
[2022-06-25 14:15:33] - Epoch: 10
[2022-06-25 14:15:33] - training...
[2022-06-25 14:15:33] - [0.00600691 0.00600691 0.        ] 0.03206052413831154
[2022-06-25 14:15:33] - evaluating...
[2022-06-25 14:15:33] - valid 0.055754, test 0.115667
[2022-06-25 14:15:33] - Epoch: 11
[2022-06-25 14:15:33] - training...
[2022-06-25 14:15:33] - [0.00587737 0.00587737 0.        ] 0.03545270922283331
[2022-06-25 14:15:33] - evaluating...
[2022-06-25 14:15:33] - valid 0.059212, test 0.122512
[2022-06-25 14:15:33] - Epoch: 12
[2022-06-25 14:15:33] - training...
[2022-06-25 14:15:33] - [0.00690331 0.00690331 0.        ] 0.03314405772835016
[2022-06-25 14:15:33] - evaluating...
[2022-06-25 14:15:33] - valid 0.051467, test 0.109270
[2022-06-25 14:15:33] - Epoch: 13
[2022-06-25 14:15:33] - training...
[2022-06-25 14:15:33] - [0.00533896 0.00533896 0.        ] 0.02843212243169546
[2022-06-25 14:15:33] - evaluating...
[2022-06-25 14:15:33] - valid 0.086046, test 0.143548
[2022-06-25 14:15:33] - Epoch: 14
[2022-06-25 14:15:33] - training...
[2022-06-25 14:15:33] - [0.00591893 0.00591893 0.        ] 0.029934979043900967
[2022-06-25 14:15:33] - evaluating...
[2022-06-25 14:15:33] - valid 0.100359, test 0.150791
[2022-06-25 14:15:33] - Epoch: 15
[2022-06-25 14:15:33] - training...
[2022-06-25 14:15:33] - [0.00586078 0.00586078 0.        ] 0.03452882543206215
[2022-06-25 14:15:33] - evaluating...
[2022-06-25 14:15:34] - valid 0.037522, test 0.075561
[2022-06-25 14:15:34] - Epoch: 16
[2022-06-25 14:15:34] - training...
[2022-06-25 14:15:34] - [0.00450884 0.00450884 0.        ] 0.02975249228378137
[2022-06-25 14:15:34] - evaluating...
[2022-06-25 14:15:34] - valid 0.054950, test 0.088012
[2022-06-25 14:15:34] - Epoch: 17
[2022-06-25 14:15:34] - training...
[2022-06-25 14:15:34] - [0.00517006 0.00517006 0.        ] 0.029866665912171204
[2022-06-25 14:15:34] - evaluating...
[2022-06-25 14:15:34] - valid 0.037173, test 0.047409
[2022-06-25 14:15:34] - Epoch: 18
[2022-06-25 14:15:34] - training...
[2022-06-25 14:15:34] - [0.00479486 0.00479486 0.        ] 0.03322550809631745
[2022-06-25 14:15:34] - evaluating...
[2022-06-25 14:15:34] - valid 0.080690, test 0.074137
[2022-06-25 14:15:34] - Epoch: 19
[2022-06-25 14:15:34] - training...
[2022-06-25 14:15:34] - [0.00461563 0.00461563 0.        ] 0.02895387914031744
[2022-06-25 14:15:34] - evaluating...
[2022-06-25 14:15:34] - valid 0.043061, test 0.064837
[2022-06-25 14:15:34] - Epoch: 20
[2022-06-25 14:15:34] - training...
[2022-06-25 14:15:34] - [0.0038476 0.0038476 0.       ] 0.025241772644221783
[2022-06-25 14:15:34] - evaluating...
[2022-06-25 14:15:34] - valid 0.060007, test 0.066820
[2022-06-25 14:15:34] - Epoch: 21
[2022-06-25 14:15:34] - training...
[2022-06-25 14:15:34] - [0.00430078 0.00430078 0.        ] 0.02666854051252206
[2022-06-25 14:15:34] - evaluating...
[2022-06-25 14:15:34] - valid 0.141844, test 0.166169
[2022-06-25 14:15:34] - Epoch: 22
[2022-06-25 14:15:34] - training...
[2022-06-25 14:15:35] - [0.00396453 0.00396453 0.        ] 0.028118833899497986
[2022-06-25 14:15:35] - evaluating...
[2022-06-25 14:15:35] - valid 0.038152, test 0.051531
[2022-06-25 14:15:35] - Epoch: 23
[2022-06-25 14:15:35] - training...
[2022-06-25 14:15:35] - [0.00443841 0.00443841 0.        ] 0.028380495496094227
[2022-06-25 14:15:35] - evaluating...
[2022-06-25 14:15:35] - valid 0.096114, test 0.092309
[2022-06-25 14:15:35] - Epoch: 24
[2022-06-25 14:15:35] - training...
[2022-06-25 14:15:35] - [0.00551068 0.00551068 0.        ] 0.031438304421802364
[2022-06-25 14:15:35] - evaluating...
[2022-06-25 14:15:35] - valid 0.105126, test 0.122996
[2022-06-25 14:15:35] - Epoch: 25
[2022-06-25 14:15:35] - training...
[2022-06-25 14:15:35] - [0.00443332 0.00443332 0.        ] 0.028437774628400803
[2022-06-25 14:15:35] - evaluating...
[2022-06-25 14:15:35] - valid 0.282127, test 0.297874
[2022-06-25 14:15:35] - Epoch: 26
[2022-06-25 14:15:35] - training...
[2022-06-25 14:15:35] - [0.00408952 0.00408952 0.        ] 0.02888495506097873
[2022-06-25 14:15:35] - evaluating...
[2022-06-25 14:15:35] - valid 0.223040, test 0.238394
[2022-06-25 14:15:35] - Epoch: 27
[2022-06-25 14:15:35] - training...
[2022-06-25 14:15:35] - [0.00439105 0.00439105 0.        ] 0.027420802352329094
[2022-06-25 14:15:35] - evaluating...
[2022-06-25 14:15:35] - valid 0.068568, test 0.066774
[2022-06-25 14:15:35] - Epoch: 28
[2022-06-25 14:15:35] - training...
[2022-06-25 14:15:35] - [0.00417218 0.00417218 0.        ] 0.025724361340204876
[2022-06-25 14:15:35] - evaluating...
[2022-06-25 14:15:35] - valid 0.047582, test 0.050532
[2022-06-25 14:15:35] - Epoch: 29
[2022-06-25 14:15:35] - training...
[2022-06-25 14:15:36] - [0.00303355 0.00303355 0.        ] 0.026516439703603584
[2022-06-25 14:15:36] - evaluating...
[2022-06-25 14:15:36] - valid 0.133648, test 0.132943
[2022-06-25 14:15:36] - Epoch: 30
[2022-06-25 14:15:36] - training...
[2022-06-25 14:15:36] - [0.00356325 0.00356325 0.        ] 0.02299969115604957
[2022-06-25 14:15:36] - evaluating...
[2022-06-25 14:15:36] - valid 0.062079, test 0.062116
[2022-06-25 14:15:36] - Epoch: 31
[2022-06-25 14:15:36] - training...
[2022-06-25 14:15:36] - [0.00378321 0.00378321 0.        ] 0.030554957687854767
[2022-06-25 14:15:36] - evaluating...
[2022-06-25 14:15:36] - valid 0.074443, test 0.073539
[2022-06-25 14:15:36] - Epoch: 32
[2022-06-25 14:15:36] - training...
[2022-06-25 14:15:36] - [0.00533886 0.00533886 0.        ] 0.03296440560370684
[2022-06-25 14:15:36] - evaluating...
[2022-06-25 14:15:36] - valid 0.239849, test 0.230320
[2022-06-25 14:15:36] - Epoch: 33
[2022-06-25 14:15:36] - training...
[2022-06-25 14:15:36] - [0.00422275 0.00422275 0.        ] 0.02794024720788002
[2022-06-25 14:15:36] - evaluating...
[2022-06-25 14:15:36] - valid 0.348107, test 0.327219
[2022-06-25 14:15:36] - Epoch: 34
[2022-06-25 14:15:36] - training...
[2022-06-25 14:15:36] - [0.0048625 0.0048625 0.       ] 0.029799078901608784
[2022-06-25 14:15:36] - evaluating...
[2022-06-25 14:15:36] - valid 0.347218, test 0.329938
[2022-06-25 14:15:36] - Epoch: 35
[2022-06-25 14:15:36] - training...
[2022-06-25 14:15:36] - [0.00478525 0.00478525 0.        ] 0.032564765152831875
[2022-06-25 14:15:36] - evaluating...
[2022-06-25 14:15:36] - valid 0.085052, test 0.087938
[2022-06-25 14:15:36] - Epoch: 36
[2022-06-25 14:15:36] - training...
[2022-06-25 14:15:37] - [0.00485604 0.00485604 0.        ] 0.0292105283588171
[2022-06-25 14:15:37] - evaluating...
[2022-06-25 14:15:37] - valid 0.254080, test 0.232967
[2022-06-25 14:15:37] - Epoch: 37
[2022-06-25 14:15:37] - training...
[2022-06-25 14:15:37] - [0.00436959 0.00436959 0.        ] 0.028159391755859058
[2022-06-25 14:15:37] - evaluating...
[2022-06-25 14:15:37] - valid 0.339257, test 0.329812
[2022-06-25 14:15:37] - Epoch: 38
[2022-06-25 14:15:37] - training...
[2022-06-25 14:15:37] - [0.00342023 0.00342023 0.        ] 0.027311242495973904
[2022-06-25 14:15:37] - evaluating...
[2022-06-25 14:15:37] - valid 0.290977, test 0.286971
[2022-06-25 14:15:37] - Epoch: 39
[2022-06-25 14:15:37] - training...
[2022-06-25 14:15:37] - [0.00443274 0.00443274 0.        ] 0.02745089214295149
[2022-06-25 14:15:37] - evaluating...
[2022-06-25 14:15:37] - valid 0.200631, test 0.180390
[2022-06-25 14:15:37] - Epoch: 40
[2022-06-25 14:15:37] - training...
[2022-06-25 14:15:37] - [0.00487649 0.00487649 0.        ] 0.02810601455469926
[2022-06-25 14:15:37] - evaluating...
[2022-06-25 14:15:37] - valid 0.151775, test 0.136546
[2022-06-25 14:15:37] - Epoch: 41
[2022-06-25 14:15:37] - training...
[2022-06-25 14:15:37] - [0.00385345 0.00385345 0.        ] 0.0267229409267505
[2022-06-25 14:15:37] - evaluating...
[2022-06-25 14:15:37] - valid 0.069316, test 0.066183
[2022-06-25 14:15:37] - Epoch: 42
[2022-06-25 14:15:37] - training...
[2022-06-25 14:15:37] - [0.00472234 0.00472234 0.        ] 0.02837817370891571
[2022-06-25 14:15:37] - evaluating...
[2022-06-25 14:15:38] - valid 0.081144, test 0.077272
[2022-06-25 14:15:38] - Epoch: 43
[2022-06-25 14:15:38] - training...
[2022-06-25 14:15:38] - [0.00290196 0.00290196 0.        ] 0.02496828945974509
[2022-06-25 14:15:38] - evaluating...
[2022-06-25 14:15:38] - valid 0.136619, test 0.145457
[2022-06-25 14:15:38] - Epoch: 44
[2022-06-25 14:15:38] - training...
[2022-06-25 14:15:38] - [0.0037016 0.0037016 0.       ] 0.025573570902148884
[2022-06-25 14:15:38] - evaluating...
[2022-06-25 14:15:38] - valid 0.136290, test 0.141487
[2022-06-25 14:15:38] - Epoch: 45
[2022-06-25 14:15:38] - training...
[2022-06-25 14:15:38] - [0.0036528 0.0036528 0.       ] 0.024716478151579697
[2022-06-25 14:15:38] - evaluating...
[2022-06-25 14:15:38] - valid 0.019085, test 0.033318
[2022-06-25 14:15:38] - Epoch: 46
[2022-06-25 14:15:38] - training...
[2022-06-25 14:15:38] - [0.00327264 0.00327264 0.        ] 0.026337706483900547
[2022-06-25 14:15:38] - evaluating...
[2022-06-25 14:15:38] - valid 0.033076, test 0.035996
[2022-06-25 14:15:38] - Epoch: 47
[2022-06-25 14:15:38] - training...
[2022-06-25 14:15:38] - [0.00333532 0.00333532 0.        ] 0.02595090214163065
[2022-06-25 14:15:38] - evaluating...
[2022-06-25 14:15:38] - valid 0.027560, test 0.031037
[2022-06-25 14:15:38] - Epoch: 48
[2022-06-25 14:15:38] - training...
[2022-06-25 14:15:38] - [0.00359065 0.00359065 0.        ] 0.02934365253895521
[2022-06-25 14:15:38] - evaluating...
[2022-06-25 14:15:38] - valid 0.024196, test 0.033379
[2022-06-25 14:15:38] - Epoch: 49
[2022-06-25 14:15:38] - training...
[2022-06-25 14:15:38] - [0.00363058 0.00363058 0.        ] 0.024268172681331635
[2022-06-25 14:15:38] - evaluating...
[2022-06-25 14:15:39] - valid 0.119364, test 0.144952
[2022-06-25 14:15:39] - Epoch: 50
[2022-06-25 14:15:39] - training...
[2022-06-25 14:15:39] - [0.00290993 0.00290993 0.        ] 0.02425436396151781
[2022-06-25 14:15:39] - evaluating...
[2022-06-25 14:15:39] - valid 0.123008, test 0.128782
[2022-06-25 14:15:39] - Epoch: 51
[2022-06-25 14:15:39] - training...
[2022-06-25 14:15:39] - [0.00342473 0.00342473 0.        ] 0.02380620160450538
[2022-06-25 14:15:39] - evaluating...
[2022-06-25 14:15:39] - valid 0.058913, test 0.058020
[2022-06-25 14:15:39] - Epoch: 52
[2022-06-25 14:15:39] - training...
[2022-06-25 14:15:39] - [0.0039458 0.0039458 0.       ] 0.025642027767995994
[2022-06-25 14:15:39] - evaluating...
[2022-06-25 14:15:39] - valid 0.031403, test 0.046789
[2022-06-25 14:15:39] - Epoch: 53
[2022-06-25 14:15:39] - training...
[2022-06-25 14:15:39] - [0.00421569 0.00421569 0.        ] 0.025956143004198868
[2022-06-25 14:15:39] - evaluating...
[2022-06-25 14:15:39] - valid 0.134241, test 0.128565
[2022-06-25 14:15:39] - Epoch: 54
[2022-06-25 14:15:39] - training...
[2022-06-25 14:15:39] - [0.00384173 0.00384173 0.        ] 0.026609426053861778
[2022-06-25 14:15:39] - evaluating...
[2022-06-25 14:15:39] - valid 0.135255, test 0.121192
[2022-06-25 14:15:39] - Epoch: 55
[2022-06-25 14:15:39] - training...
[2022-06-25 14:15:39] - [0.00386989 0.00386989 0.        ] 0.028306076303124428
[2022-06-25 14:15:39] - evaluating...
[2022-06-25 14:15:39] - valid 0.057057, test 0.055909
[2022-06-25 14:15:39] - Epoch: 56
[2022-06-25 14:15:39] - training...
[2022-06-25 14:15:39] - [0.00456617 0.00456617 0.        ] 0.026618389102319878
[2022-06-25 14:15:39] - evaluating...
[2022-06-25 14:15:40] - valid 0.157971, test 0.165129
[2022-06-25 14:15:40] - Epoch: 57
[2022-06-25 14:15:40] - training...
[2022-06-25 14:15:40] - [0.00335363 0.00335363 0.        ] 0.02679291677971681
[2022-06-25 14:15:40] - evaluating...
[2022-06-25 14:15:40] - valid 0.272260, test 0.275566
[2022-06-25 14:15:40] - Epoch: 58
[2022-06-25 14:15:40] - training...
[2022-06-25 14:15:40] - [0.00355185 0.00355185 0.        ] 0.026623172995944817
[2022-06-25 14:15:40] - evaluating...
[2022-06-25 14:15:40] - valid 0.046351, test 0.051059
[2022-06-25 14:15:40] - Epoch: 59
[2022-06-25 14:15:40] - training...
[2022-06-25 14:15:40] - [0.00307247 0.00307247 0.        ] 0.024923537547389667
[2022-06-25 14:15:40] - evaluating...
[2022-06-25 14:15:40] - valid 0.094420, test 0.094830
[2022-06-25 14:15:40] - Epoch: 60
[2022-06-25 14:15:40] - training...
[2022-06-25 14:15:40] - [0.00332131 0.00332131 0.        ] 0.022437674924731255
[2022-06-25 14:15:40] - evaluating...
[2022-06-25 14:15:40] - valid 0.132827, test 0.145758
[2022-06-25 14:15:40] - Epoch: 61
[2022-06-25 14:15:40] - training...
[2022-06-25 14:15:40] - [0.00344535 0.00344535 0.        ] 0.025257393717765808
[2022-06-25 14:15:40] - evaluating...
[2022-06-25 14:15:40] - valid 0.031390, test 0.037516
[2022-06-25 14:15:40] - Epoch: 62
[2022-06-25 14:15:40] - training...
[2022-06-25 14:15:40] - [0.00377396 0.00377396 0.        ] 0.03140668974568447
[2022-06-25 14:15:40] - evaluating...
[2022-06-25 14:15:40] - valid 0.016327, test 0.032643
[2022-06-25 14:15:40] - Epoch: 63
[2022-06-25 14:15:40] - training...
[2022-06-25 14:15:40] - [0.00466648 0.00466648 0.        ] 0.030442669987678528
[2022-06-25 14:15:40] - evaluating...
[2022-06-25 14:15:41] - valid 0.058561, test 0.083328
[2022-06-25 14:15:41] - Epoch: 64
[2022-06-25 14:15:41] - training...
[2022-06-25 14:15:41] - [0.00476884 0.00476884 0.        ] 0.027113808939854305
[2022-06-25 14:15:41] - evaluating...
[2022-06-25 14:15:41] - valid 0.078532, test 0.095371
[2022-06-25 14:15:41] - Epoch: 65
[2022-06-25 14:15:41] - training...
[2022-06-25 14:15:41] - [0.00401905 0.00401905 0.        ] 0.030002315218249958
[2022-06-25 14:15:41] - evaluating...
[2022-06-25 14:15:41] - valid 0.045988, test 0.060566
[2022-06-25 14:15:41] - Epoch: 66
[2022-06-25 14:15:41] - training...
[2022-06-25 14:15:41] - [0.00464911 0.00464911 0.        ] 0.02878586171815793
[2022-06-25 14:15:41] - evaluating...
[2022-06-25 14:15:41] - valid 0.023886, test 0.038833
[2022-06-25 14:15:41] - Epoch: 67
[2022-06-25 14:15:41] - training...
[2022-06-25 14:15:41] - [0.00410597 0.00410597 0.        ] 0.0224432535469532
[2022-06-25 14:15:41] - evaluating...
[2022-06-25 14:15:41] - valid 0.196400, test 0.206357
[2022-06-25 14:15:41] - Epoch: 68
[2022-06-25 14:15:41] - training...
[2022-06-25 14:15:41] - [0.00319428 0.00319428 0.        ] 0.026416394549111526
[2022-06-25 14:15:41] - evaluating...
[2022-06-25 14:15:41] - valid 0.092007, test 0.105447
[2022-06-25 14:15:41] - Epoch: 69
[2022-06-25 14:15:41] - training...
[2022-06-25 14:15:41] - [0.00353744 0.00353744 0.        ] 0.025230018111566704
[2022-06-25 14:15:41] - evaluating...
[2022-06-25 14:15:41] - valid 0.246396, test 0.273343
[2022-06-25 14:15:41] - Epoch: 70
[2022-06-25 14:15:41] - training...
[2022-06-25 14:15:41] - [0.0034846 0.0034846 0.       ] 0.02317708854873975
[2022-06-25 14:15:41] - evaluating...
[2022-06-25 14:15:42] - valid 0.133497, test 0.149064
[2022-06-25 14:15:42] - Epoch: 71
[2022-06-25 14:15:42] - training...
[2022-06-25 14:15:42] - [0.00397909 0.00397909 0.        ] 0.02549881674349308
[2022-06-25 14:15:42] - evaluating...
[2022-06-25 14:15:42] - valid 0.039213, test 0.047990
[2022-06-25 14:15:42] - Epoch: 72
[2022-06-25 14:15:42] - training...
[2022-06-25 14:15:42] - [0.00474998 0.00474998 0.        ] 0.02945252787321806
[2022-06-25 14:15:42] - evaluating...
[2022-06-25 14:15:42] - valid 0.111760, test 0.129958
[2022-06-25 14:15:42] - Epoch: 73
[2022-06-25 14:15:42] - training...
[2022-06-25 14:15:42] - [0.00330749 0.00330749 0.        ] 0.024185528978705406
[2022-06-25 14:15:42] - evaluating...
[2022-06-25 14:15:42] - valid 0.272916, test 0.273965
[2022-06-25 14:15:42] - Epoch: 74
[2022-06-25 14:15:42] - training...
[2022-06-25 14:15:42] - [0.00341025 0.00341025 0.        ] 0.02328952308744192
[2022-06-25 14:15:42] - evaluating...
[2022-06-25 14:15:42] - valid 0.432576, test 0.444768
[2022-06-25 14:15:42] - Epoch: 75
[2022-06-25 14:15:42] - training...
[2022-06-25 14:15:42] - [0.00354604 0.00354604 0.        ] 0.02579847350716591
[2022-06-25 14:15:42] - evaluating...
[2022-06-25 14:15:42] - valid 0.254056, test 0.265027
[2022-06-25 14:15:42] - Epoch: 76
[2022-06-25 14:15:42] - training...
[2022-06-25 14:15:42] - [0.00388814 0.00388814 0.        ] 0.029215169604867697
[2022-06-25 14:15:42] - evaluating...
[2022-06-25 14:15:42] - valid 0.012835, test 0.019839
[2022-06-25 14:15:42] - Epoch: 77
[2022-06-25 14:15:42] - training...
[2022-06-25 14:15:43] - [0.00419771 0.00419771 0.        ] 0.024326019299527008
[2022-06-25 14:15:43] - evaluating...
[2022-06-25 14:15:43] - valid 0.132535, test 0.120258
[2022-06-25 14:15:43] - Epoch: 78
[2022-06-25 14:15:43] - training...
[2022-06-25 14:15:43] - [0.00340378 0.00340378 0.        ] 0.024043224131067593
[2022-06-25 14:15:43] - evaluating...
[2022-06-25 14:15:43] - valid 0.103010, test 0.095250
[2022-06-25 14:15:43] - Epoch: 79
[2022-06-25 14:15:43] - training...
[2022-06-25 14:15:43] - [0.00369963 0.00369963 0.        ] 0.025946868273119133
[2022-06-25 14:15:43] - evaluating...
[2022-06-25 14:15:43] - valid 0.189873, test 0.190143
[2022-06-25 14:15:43] - Epoch: 80
[2022-06-25 14:15:43] - training...
[2022-06-25 14:15:43] - [0.00442343 0.00442343 0.        ] 0.024663894126812618
[2022-06-25 14:15:43] - evaluating...
[2022-06-25 14:15:43] - valid 0.012296, test 0.024311
[2022-06-25 14:15:43] - Epoch: 81
[2022-06-25 14:15:43] - training...
[2022-06-25 14:15:43] - [0.00565131 0.00565131 0.        ] 0.026494674384593964
[2022-06-25 14:15:43] - evaluating...
[2022-06-25 14:15:43] - valid 0.029837, test 0.037871
[2022-06-25 14:15:43] - Epoch: 82
[2022-06-25 14:15:43] - training...
[2022-06-25 14:15:43] - [0.00356021 0.00356021 0.        ] 0.026345020160079002
[2022-06-25 14:15:43] - evaluating...
[2022-06-25 14:15:43] - valid 0.189470, test 0.185730
[2022-06-25 14:15:43] - Epoch: 83
[2022-06-25 14:15:43] - training...
[2022-06-25 14:15:43] - [0.00284664 0.00284664 0.        ] 0.02126732065031926
[2022-06-25 14:15:43] - evaluating...
[2022-06-25 14:15:43] - valid 0.026553, test 0.048540
[2022-06-25 14:15:43] - Epoch: 84
[2022-06-25 14:15:43] - training...
[2022-06-25 14:15:44] - [0.00353311 0.00353311 0.        ] 0.028138849263389904
[2022-06-25 14:15:44] - evaluating...
[2022-06-25 14:15:44] - valid 0.015881, test 0.022894
[2022-06-25 14:15:44] - Epoch: 85
[2022-06-25 14:15:44] - training...
[2022-06-25 14:15:44] - [0.00405968 0.00405968 0.        ] 0.025846408990522225
[2022-06-25 14:15:44] - evaluating...
[2022-06-25 14:15:44] - valid 0.031959, test 0.051881
[2022-06-25 14:15:44] - Epoch: 86
[2022-06-25 14:15:44] - training...
[2022-06-25 14:15:44] - [0.00377724 0.00377724 0.        ] 0.026778240377704304
[2022-06-25 14:15:44] - evaluating...
[2022-06-25 14:15:44] - valid 0.087627, test 0.085002
[2022-06-25 14:15:44] - Epoch: 87
[2022-06-25 14:15:44] - training...
[2022-06-25 14:15:44] - [0.00300474 0.00300474 0.        ] 0.026049368704358738
[2022-06-25 14:15:44] - evaluating...
[2022-06-25 14:15:44] - valid 0.242513, test 0.255516
[2022-06-25 14:15:44] - Epoch: 88
[2022-06-25 14:15:44] - training...
[2022-06-25 14:15:44] - [0.00406873 0.00406873 0.        ] 0.0304995176071922
[2022-06-25 14:15:44] - evaluating...
[2022-06-25 14:15:44] - valid 0.287069, test 0.282516
[2022-06-25 14:15:44] - Epoch: 89
[2022-06-25 14:15:44] - training...
[2022-06-25 14:15:44] - [0.00348956 0.00348956 0.        ] 0.025612594404568274
[2022-06-25 14:15:44] - evaluating...
[2022-06-25 14:15:44] - valid 0.294093, test 0.296394
[2022-06-25 14:15:44] - Epoch: 90
[2022-06-25 14:15:44] - training...
[2022-06-25 14:15:44] - [0.00334626 0.00334626 0.        ] 0.024566282828648884
[2022-06-25 14:15:44] - evaluating...
[2022-06-25 14:15:44] - valid 0.043873, test 0.052934
[2022-06-25 14:15:44] - Epoch: 91
[2022-06-25 14:15:44] - training...
[2022-06-25 14:15:45] - [0.00386288 0.00386288 0.        ] 0.02503347024321556
[2022-06-25 14:15:45] - evaluating...
[2022-06-25 14:15:45] - valid 0.090539, test 0.088380
[2022-06-25 14:15:45] - Epoch: 92
[2022-06-25 14:15:45] - training...
[2022-06-25 14:15:45] - [0.00386372 0.00386372 0.        ] 0.026543819655974705
[2022-06-25 14:15:45] - evaluating...
[2022-06-25 14:15:45] - valid 0.043162, test 0.049055
[2022-06-25 14:15:45] - Epoch: 93
[2022-06-25 14:15:45] - training...
[2022-06-25 14:15:45] - [0.00371587 0.00371587 0.        ] 0.025511612184345722
[2022-06-25 14:15:45] - evaluating...
[2022-06-25 14:15:45] - valid 0.153994, test 0.170148
[2022-06-25 14:15:45] - Epoch: 94
[2022-06-25 14:15:45] - training...
[2022-06-25 14:15:45] - [0.00345976 0.00345976 0.        ] 0.028301369709273178
[2022-06-25 14:15:45] - evaluating...
[2022-06-25 14:15:45] - valid 0.171663, test 0.178164
[2022-06-25 14:15:45] - Epoch: 95
[2022-06-25 14:15:45] - training...
[2022-06-25 14:15:45] - [0.00361297 0.00361297 0.        ] 0.0249066522034506
[2022-06-25 14:15:45] - evaluating...
[2022-06-25 14:15:45] - valid 0.146483, test 0.160196
[2022-06-25 14:15:45] - Epoch: 96
[2022-06-25 14:15:45] - training...
[2022-06-25 14:15:45] - [0.0042001 0.0042001 0.       ] 0.026880450546741486
[2022-06-25 14:15:45] - evaluating...
[2022-06-25 14:15:45] - valid 0.245747, test 0.256736
[2022-06-25 14:15:45] - Epoch: 97
[2022-06-25 14:15:45] - training...
[2022-06-25 14:15:45] - [0.00381978 0.00381978 0.        ] 0.0273688156157732
[2022-06-25 14:15:45] - evaluating...
[2022-06-25 14:15:46] - valid 0.153127, test 0.161267
[2022-06-25 14:15:46] - Epoch: 98
[2022-06-25 14:15:46] - training...
[2022-06-25 14:15:46] - [0.00470328 0.00470328 0.        ] 0.02522232197225094
[2022-06-25 14:15:46] - evaluating...
[2022-06-25 14:15:46] - valid 0.575008, test 0.573752
[2022-06-25 14:15:46] - Epoch: 99
[2022-06-25 14:15:46] - training...
[2022-06-25 14:15:46] - [0.00496377 0.00496377 0.        ] 0.028421903029084206
[2022-06-25 14:15:46] - evaluating...
[2022-06-25 14:15:46] - valid 0.220852, test 0.229988
[2022-06-25 14:15:46] - Epoch: 100
[2022-06-25 14:15:46] - training...
[2022-06-25 14:15:46] - [0.00529944 0.00529944 0.        ] 0.02878926166643699
[2022-06-25 14:15:46] - evaluating...
[2022-06-25 14:15:46] - valid 0.448069, test 0.479256
[2022-06-25 14:15:46] - Epoch: 101
[2022-06-25 14:15:46] - training...
[2022-06-25 14:15:46] - [0.00502034 0.00502034 0.        ] 0.027833467970291775
[2022-06-25 14:15:46] - evaluating...
[2022-06-25 14:15:46] - valid 0.595339, test 0.615086
[2022-06-25 14:15:46] - Epoch: 102
[2022-06-25 14:15:46] - training...
[2022-06-25 14:15:46] - [0.00328221 0.00328221 0.        ] 0.022584030249466498
[2022-06-25 14:15:46] - evaluating...
[2022-06-25 14:15:46] - valid 0.226886, test 0.243363
[2022-06-25 14:15:46] - Epoch: 103
[2022-06-25 14:15:46] - training...
[2022-06-25 14:15:46] - [0.00261041 0.00261041 0.        ] 0.022714433260262012
[2022-06-25 14:15:46] - evaluating...
[2022-06-25 14:15:46] - valid 0.018170, test 0.027699
[2022-06-25 14:15:46] - Epoch: 104
[2022-06-25 14:15:46] - training...
[2022-06-25 14:15:46] - [0.00258038 0.00258038 0.        ] 0.02272575907409191
[2022-06-25 14:15:46] - evaluating...
[2022-06-25 14:15:47] - valid 0.073508, test 0.071807
[2022-06-25 14:15:47] - Epoch: 105
[2022-06-25 14:15:47] - training...
[2022-06-25 14:15:47] - [0.00313378 0.00313378 0.        ] 0.025521004882951576
[2022-06-25 14:15:47] - evaluating...
[2022-06-25 14:15:47] - valid 0.139704, test 0.124809
[2022-06-25 14:15:47] - Epoch: 106
[2022-06-25 14:15:47] - training...
[2022-06-25 14:15:47] - [0.0035944 0.0035944 0.       ] 0.02645997858295838
[2022-06-25 14:15:47] - evaluating...
[2022-06-25 14:15:47] - valid 0.103514, test 0.091813
[2022-06-25 14:15:47] - Epoch: 107
[2022-06-25 14:15:47] - training...
[2022-06-25 14:15:47] - [0.00334708 0.00334708 0.        ] 0.02550868410617113
[2022-06-25 14:15:47] - evaluating...
[2022-06-25 14:15:47] - valid 0.053112, test 0.065028
[2022-06-25 14:15:47] - Epoch: 108
[2022-06-25 14:15:47] - training...
[2022-06-25 14:15:47] - [0.00359862 0.00359862 0.        ] 0.02596808938930432
[2022-06-25 14:15:47] - evaluating...
[2022-06-25 14:15:47] - valid 0.027912, test 0.054320
[2022-06-25 14:15:47] - Epoch: 109
[2022-06-25 14:15:47] - training...
[2022-06-25 14:15:47] - [0.00360213 0.00360213 0.        ] 0.028471145778894424
[2022-06-25 14:15:47] - evaluating...
[2022-06-25 14:15:47] - valid 0.040869, test 0.047873
[2022-06-25 14:15:47] - Epoch: 110
[2022-06-25 14:15:47] - training...
[2022-06-25 14:15:47] - [0.00345267 0.00345267 0.        ] 0.023973732255399227
[2022-06-25 14:15:47] - evaluating...
[2022-06-25 14:15:47] - valid 0.237188, test 0.270342
[2022-06-25 14:15:47] - Epoch: 111
[2022-06-25 14:15:47] - training...
[2022-06-25 14:15:47] - [0.00420641 0.00420641 0.        ] 0.030754574264089268
[2022-06-25 14:15:47] - evaluating...
[2022-06-25 14:15:48] - valid 0.234336, test 0.235831
[2022-06-25 14:15:48] - Epoch: 112
[2022-06-25 14:15:48] - training...
[2022-06-25 14:15:48] - [0.00368002 0.00368002 0.        ] 0.026788155858715374
[2022-06-25 14:15:48] - evaluating...
[2022-06-25 14:15:48] - valid 0.040485, test 0.043333
[2022-06-25 14:15:48] - Epoch: 113
[2022-06-25 14:15:48] - training...
[2022-06-25 14:15:48] - [0.00261552 0.00261552 0.        ] 0.023351498879492283
[2022-06-25 14:15:48] - evaluating...
[2022-06-25 14:15:48] - valid 0.049761, test 0.057101
[2022-06-25 14:15:48] - Epoch: 114
[2022-06-25 14:15:48] - training...
[2022-06-25 14:15:48] - [0.004305 0.004305 0.      ] 0.024912038041899603
[2022-06-25 14:15:48] - evaluating...
[2022-06-25 14:15:48] - valid 0.033762, test 0.042548
[2022-06-25 14:15:48] - Epoch: 115
[2022-06-25 14:15:48] - training...
[2022-06-25 14:15:48] - [0.00363465 0.00363465 0.        ] 0.02605853509157896
[2022-06-25 14:15:48] - evaluating...
[2022-06-25 14:15:48] - valid 0.193412, test 0.188813
[2022-06-25 14:15:48] - Epoch: 116
[2022-06-25 14:15:48] - training...
[2022-06-25 14:15:48] - [0.00347571 0.00347571 0.        ] 0.028829970086614292
[2022-06-25 14:15:48] - evaluating...
[2022-06-25 14:15:48] - valid 0.264546, test 0.262589
[2022-06-25 14:15:48] - early stop
[2022-06-25 14:15:48] - best val score: 0.00028277152341615874 @ 76
[2022-06-25 14:15:48] - inference...
[2022-06-25 14:15:48] - MSE: train 0.000696, valid 0.000381, test 0.001064
[2022-06-25 14:15:48] - L1:  train 0.017850, valid 0.015115, test 0.019839
[2022-06-25 14:15:48] - RMSE: train 0.025634, valid 0.018971, test 0.029675
[2022-06-25 14:15:48] - Finished.
