[2022-05-09 21:42:36] - create model...
[2022-05-09 21:42:36] - Epoch: 0
[2022-05-09 21:42:36] - training...
[2022-05-09 21:42:36] - [0.01720101 0.01720101 0.        ] 0.058713442335526146
[2022-05-09 21:42:36] - evaluating...
[2022-05-09 21:42:36] - valid 0.047523, test 0.104146
[2022-05-09 21:42:36] - Epoch: 1
[2022-05-09 21:42:36] - training...
[2022-05-09 21:42:36] - [0.01042574 0.01042574 0.        ] 0.04325986901919047
[2022-05-09 21:42:36] - evaluating...
[2022-05-09 21:42:36] - valid 0.047569, test 0.104879
[2022-05-09 21:42:36] - Epoch: 2
[2022-05-09 21:42:36] - training...
[2022-05-09 21:42:36] - [0.00836866 0.00836866 0.        ] 0.042072645078102745
[2022-05-09 21:42:36] - evaluating...
[2022-05-09 21:42:37] - valid 0.051372, test 0.104105
[2022-05-09 21:42:37] - Epoch: 3
[2022-05-09 21:42:37] - training...
[2022-05-09 21:42:37] - [0.00577792 0.00577792 0.        ] 0.03640861747165521
[2022-05-09 21:42:37] - evaluating...
[2022-05-09 21:42:37] - valid 0.059137, test 0.104947
[2022-05-09 21:42:37] - Epoch: 4
[2022-05-09 21:42:37] - training...
[2022-05-09 21:42:37] - [0.00423395 0.00423395 0.        ] 0.03256898404409488
[2022-05-09 21:42:37] - evaluating...
[2022-05-09 21:42:37] - valid 0.057916, test 0.105563
[2022-05-09 21:42:37] - Epoch: 5
[2022-05-09 21:42:37] - training...
[2022-05-09 21:42:37] - [0.00379951 0.00379951 0.        ] 0.03028054814785719
[2022-05-09 21:42:37] - evaluating...
[2022-05-09 21:42:37] - valid 0.055978, test 0.102714
[2022-05-09 21:42:37] - Epoch: 6
[2022-05-09 21:42:37] - training...
[2022-05-09 21:42:37] - [0.00303513 0.00303513 0.        ] 0.02387145844598611
[2022-05-09 21:42:37] - evaluating...
[2022-05-09 21:42:37] - valid 0.056041, test 0.102524
[2022-05-09 21:42:37] - Epoch: 7
[2022-05-09 21:42:37] - training...
[2022-05-09 21:42:37] - [0.00344419 0.00344419 0.        ] 0.026608501250545185
[2022-05-09 21:42:37] - evaluating...
[2022-05-09 21:42:37] - valid 0.056901, test 0.102679
[2022-05-09 21:42:37] - Epoch: 8
[2022-05-09 21:42:37] - training...
[2022-05-09 21:42:37] - [0.00362773 0.00362773 0.        ] 0.027292282941440742
[2022-05-09 21:42:37] - evaluating...
[2022-05-09 21:42:37] - valid 0.051737, test 0.100577
[2022-05-09 21:42:37] - Epoch: 9
[2022-05-09 21:42:37] - training...
[2022-05-09 21:42:37] - [0.00407377 0.00407377 0.        ] 0.029082775736848514
[2022-05-09 21:42:37] - evaluating...
[2022-05-09 21:42:37] - valid 0.044958, test 0.098969
[2022-05-09 21:42:37] - Epoch: 10
[2022-05-09 21:42:37] - training...
[2022-05-09 21:42:37] - [0.00401174 0.00401174 0.        ] 0.027935221170385677
[2022-05-09 21:42:37] - evaluating...
[2022-05-09 21:42:37] - valid 0.042935, test 0.096255
[2022-05-09 21:42:37] - Epoch: 11
[2022-05-09 21:42:37] - training...
[2022-05-09 21:42:38] - [0.00359465 0.00359465 0.        ] 0.028824154908458393
[2022-05-09 21:42:38] - evaluating...
[2022-05-09 21:42:38] - valid 0.044988, test 0.097802
[2022-05-09 21:42:38] - Epoch: 12
[2022-05-09 21:42:38] - training...
[2022-05-09 21:42:38] - [0.00390513 0.00390513 0.        ] 0.0254434688637654
[2022-05-09 21:42:38] - evaluating...
[2022-05-09 21:42:38] - valid 0.038538, test 0.085959
[2022-05-09 21:42:38] - Epoch: 13
[2022-05-09 21:42:38] - training...
[2022-05-09 21:42:38] - [0.00302409 0.00302409 0.        ] 0.023966897279024124
[2022-05-09 21:42:38] - evaluating...
[2022-05-09 21:42:38] - valid 0.036869, test 0.096561
[2022-05-09 21:42:38] - Epoch: 14
[2022-05-09 21:42:38] - training...
[2022-05-09 21:42:38] - [0.00373424 0.00373424 0.        ] 0.025235638643304508
[2022-05-09 21:42:38] - evaluating...
[2022-05-09 21:42:38] - valid 0.039215, test 0.088308
[2022-05-09 21:42:38] - Epoch: 15
[2022-05-09 21:42:38] - training...
[2022-05-09 21:42:38] - [0.00328209 0.00328209 0.        ] 0.028551612049341202
[2022-05-09 21:42:38] - evaluating...
[2022-05-09 21:42:38] - valid 0.064370, test 0.070518
[2022-05-09 21:42:38] - Epoch: 16
[2022-05-09 21:42:38] - training...
[2022-05-09 21:42:38] - [0.00289752 0.00289752 0.        ] 0.025612409226596355
[2022-05-09 21:42:38] - evaluating...
[2022-05-09 21:42:38] - valid 0.047755, test 0.076756
[2022-05-09 21:42:38] - Epoch: 17
[2022-05-09 21:42:38] - training...
[2022-05-09 21:42:38] - [0.00304633 0.00304633 0.        ] 0.02574954181909561
[2022-05-09 21:42:38] - evaluating...
[2022-05-09 21:42:38] - valid 0.081182, test 0.070429
[2022-05-09 21:42:38] - Epoch: 18
[2022-05-09 21:42:38] - training...
[2022-05-09 21:42:38] - [0.00268934 0.00268934 0.        ] 0.023978824416796368
[2022-05-09 21:42:38] - evaluating...
[2022-05-09 21:42:38] - valid 0.069714, test 0.054920
[2022-05-09 21:42:38] - Epoch: 19
[2022-05-09 21:42:38] - training...
[2022-05-09 21:42:39] - [0.00248924 0.00248924 0.        ] 0.022495956160128117
[2022-05-09 21:42:39] - evaluating...
[2022-05-09 21:42:39] - valid 0.032212, test 0.038734
[2022-05-09 21:42:39] - Epoch: 20
[2022-05-09 21:42:39] - training...
[2022-05-09 21:42:39] - [0.00213633 0.00213633 0.        ] 0.018746625011165936
[2022-05-09 21:42:39] - evaluating...
[2022-05-09 21:42:39] - valid 0.064764, test 0.055801
[2022-05-09 21:42:39] - Epoch: 21
[2022-05-09 21:42:39] - training...
[2022-05-09 21:42:39] - [0.00237459 0.00237459 0.        ] 0.021271031194676954
[2022-05-09 21:42:39] - evaluating...
[2022-05-09 21:42:39] - valid 0.022350, test 0.043388
[2022-05-09 21:42:39] - Epoch: 22
[2022-05-09 21:42:39] - training...
[2022-05-09 21:42:39] - [0.00263938 0.00263938 0.        ] 0.02466391275326411
[2022-05-09 21:42:39] - evaluating...
[2022-05-09 21:42:39] - valid 0.144419, test 0.129708
[2022-05-09 21:42:39] - Epoch: 23
[2022-05-09 21:42:39] - training...
[2022-05-09 21:42:39] - [0.00241365 0.00241365 0.        ] 0.023021185770630836
[2022-05-09 21:42:39] - evaluating...
[2022-05-09 21:42:39] - valid 0.072433, test 0.060715
[2022-05-09 21:42:39] - Epoch: 24
[2022-05-09 21:42:39] - training...
[2022-05-09 21:42:39] - [0.00314867 0.00314867 0.        ] 0.026863983521858852
[2022-05-09 21:42:39] - evaluating...
[2022-05-09 21:42:39] - valid 0.068141, test 0.086279
[2022-05-09 21:42:39] - Epoch: 25
[2022-05-09 21:42:39] - training...
[2022-05-09 21:42:39] - [0.00222824 0.00222824 0.        ] 0.020922908869882424
[2022-05-09 21:42:39] - evaluating...
[2022-05-09 21:42:39] - valid 0.102516, test 0.119669
[2022-05-09 21:42:39] - Epoch: 26
[2022-05-09 21:42:39] - training...
[2022-05-09 21:42:39] - [0.00230835 0.00230835 0.        ] 0.022410437775154907
[2022-05-09 21:42:39] - evaluating...
[2022-05-09 21:42:39] - valid 0.014063, test 0.025252
[2022-05-09 21:42:39] - Epoch: 27
[2022-05-09 21:42:39] - training...
[2022-05-09 21:42:40] - [0.00247228 0.00247228 0.        ] 0.022041328717023134
[2022-05-09 21:42:40] - evaluating...
[2022-05-09 21:42:40] - valid 0.174531, test 0.177930
[2022-05-09 21:42:40] - Epoch: 28
[2022-05-09 21:42:40] - training...
[2022-05-09 21:42:40] - [0.00292381 0.00292381 0.        ] 0.024045551506181557
[2022-05-09 21:42:40] - evaluating...
[2022-05-09 21:42:40] - valid 0.109302, test 0.094774
[2022-05-09 21:42:40] - Epoch: 29
[2022-05-09 21:42:40] - training...
[2022-05-09 21:42:40] - [0.00211238 0.00211238 0.        ] 0.02095426091303428
[2022-05-09 21:42:40] - evaluating...
[2022-05-09 21:42:40] - valid 0.130714, test 0.137723
[2022-05-09 21:42:40] - Epoch: 30
[2022-05-09 21:42:40] - training...
[2022-05-09 21:42:40] - [0.00211546 0.00211546 0.        ] 0.018724316420654457
[2022-05-09 21:42:40] - evaluating...
[2022-05-09 21:42:40] - valid 0.160453, test 0.160915
[2022-05-09 21:42:40] - Epoch: 31
[2022-05-09 21:42:40] - training...
[2022-05-09 21:42:40] - [0.00219391 0.00219391 0.        ] 0.020936319294075172
[2022-05-09 21:42:40] - evaluating...
[2022-05-09 21:42:40] - valid 0.012032, test 0.015659
[2022-05-09 21:42:40] - Epoch: 32
[2022-05-09 21:42:40] - training...
[2022-05-09 21:42:40] - [0.00325925 0.00325925 0.        ] 0.027183680174251396
[2022-05-09 21:42:40] - evaluating...
[2022-05-09 21:42:40] - valid 0.232636, test 0.212592
[2022-05-09 21:42:40] - Epoch: 33
[2022-05-09 21:42:40] - training...
[2022-05-09 21:42:40] - [0.00260521 0.00260521 0.        ] 0.02141842742760976
[2022-05-09 21:42:40] - evaluating...
[2022-05-09 21:42:40] - valid 0.111867, test 0.094286
[2022-05-09 21:42:40] - Epoch: 34
[2022-05-09 21:42:40] - training...
[2022-05-09 21:42:40] - [0.00208914 0.00208914 0.        ] 0.02168414555490017
[2022-05-09 21:42:40] - evaluating...
[2022-05-09 21:42:40] - valid 0.176701, test 0.195758
[2022-05-09 21:42:40] - Epoch: 35
[2022-05-09 21:42:40] - training...
[2022-05-09 21:42:41] - [0.00237232 0.00237232 0.        ] 0.023963088324914377
[2022-05-09 21:42:41] - evaluating...
[2022-05-09 21:42:41] - valid 0.351171, test 0.360433
[2022-05-09 21:42:41] - Epoch: 36
[2022-05-09 21:42:41] - training...
[2022-05-09 21:42:41] - [0.00231271 0.00231271 0.        ] 0.021587875206023455
[2022-05-09 21:42:41] - evaluating...
[2022-05-09 21:42:41] - valid 0.198760, test 0.224359
[2022-05-09 21:42:41] - Epoch: 37
[2022-05-09 21:42:41] - training...
[2022-05-09 21:42:41] - [0.00202417 0.00202417 0.        ] 0.021345871190230053
[2022-05-09 21:42:41] - evaluating...
[2022-05-09 21:42:41] - valid 0.190818, test 0.202017
[2022-05-09 21:42:41] - Epoch: 38
[2022-05-09 21:42:41] - training...
[2022-05-09 21:42:41] - [0.00164918 0.00164918 0.        ] 0.019810322827349108
[2022-05-09 21:42:41] - evaluating...
[2022-05-09 21:42:41] - valid 0.057215, test 0.055987
[2022-05-09 21:42:41] - Epoch: 39
[2022-05-09 21:42:41] - training...
[2022-05-09 21:42:41] - [0.00226564 0.00226564 0.        ] 0.02030236894885699
[2022-05-09 21:42:41] - evaluating...
[2022-05-09 21:42:41] - valid 0.058393, test 0.049482
[2022-05-09 21:42:41] - Epoch: 40
[2022-05-09 21:42:41] - training...
[2022-05-09 21:42:41] - [0.00192833 0.00192833 0.        ] 0.019773976566890877
[2022-05-09 21:42:41] - evaluating...
[2022-05-09 21:42:41] - valid 0.173041, test 0.155925
[2022-05-09 21:42:41] - Epoch: 41
[2022-05-09 21:42:41] - training...
[2022-05-09 21:42:41] - [0.00214934 0.00214934 0.        ] 0.021889518325527508
[2022-05-09 21:42:41] - evaluating...
[2022-05-09 21:42:41] - valid 0.046837, test 0.050162
[2022-05-09 21:42:41] - Epoch: 42
[2022-05-09 21:42:41] - training...
[2022-05-09 21:42:41] - [0.00222882 0.00222882 0.        ] 0.022353479949136574
[2022-05-09 21:42:41] - evaluating...
[2022-05-09 21:42:41] - valid 0.014236, test 0.013232
[2022-05-09 21:42:41] - Epoch: 43
[2022-05-09 21:42:41] - training...
[2022-05-09 21:42:41] - [0.0018156 0.0018156 0.       ] 0.019316280105461676
[2022-05-09 21:42:41] - evaluating...
[2022-05-09 21:42:42] - valid 0.140335, test 0.147010
[2022-05-09 21:42:42] - Epoch: 44
[2022-05-09 21:42:42] - training...
[2022-05-09 21:42:42] - [0.00189329 0.00189329 0.        ] 0.020528503072758515
[2022-05-09 21:42:42] - evaluating...
[2022-05-09 21:42:42] - valid 0.038410, test 0.036416
[2022-05-09 21:42:42] - Epoch: 45
[2022-05-09 21:42:42] - training...
[2022-05-09 21:42:42] - [0.00221756 0.00221756 0.        ] 0.020730474963784218
[2022-05-09 21:42:42] - evaluating...
[2022-05-09 21:42:42] - valid 0.042435, test 0.051470
[2022-05-09 21:42:42] - Epoch: 46
[2022-05-09 21:42:42] - training...
[2022-05-09 21:42:42] - [0.00238995 0.00238995 0.        ] 0.02264656002322833
[2022-05-09 21:42:42] - evaluating...
[2022-05-09 21:42:42] - valid 0.016806, test 0.018305
[2022-05-09 21:42:42] - Epoch: 47
[2022-05-09 21:42:42] - training...
[2022-05-09 21:42:42] - [0.0024086 0.0024086 0.       ] 0.023240008701880772
[2022-05-09 21:42:42] - evaluating...
[2022-05-09 21:42:42] - valid 0.192394, test 0.173948
[2022-05-09 21:42:42] - Epoch: 48
[2022-05-09 21:42:42] - training...
[2022-05-09 21:42:42] - [0.00252665 0.00252665 0.        ] 0.02530997556944688
[2022-05-09 21:42:42] - evaluating...
[2022-05-09 21:42:42] - valid 0.149343, test 0.143939
[2022-05-09 21:42:42] - Epoch: 49
[2022-05-09 21:42:42] - training...
[2022-05-09 21:42:42] - [0.00199363 0.00199363 0.        ] 0.01937496569007635
[2022-05-09 21:42:42] - evaluating...
[2022-05-09 21:42:42] - valid 0.181419, test 0.193742
[2022-05-09 21:42:42] - Epoch: 50
[2022-05-09 21:42:42] - training...
[2022-05-09 21:42:42] - [0.00178079 0.00178079 0.        ] 0.017554217328627903
[2022-05-09 21:42:42] - evaluating...
[2022-05-09 21:42:42] - valid 0.153184, test 0.163314
[2022-05-09 21:42:42] - Epoch: 51
[2022-05-09 21:42:42] - training...
[2022-05-09 21:42:42] - [0.00212992 0.00212992 0.        ] 0.022003167619307835
[2022-05-09 21:42:42] - evaluating...
[2022-05-09 21:42:43] - valid 0.227298, test 0.202234
[2022-05-09 21:42:43] - Epoch: 52
[2022-05-09 21:42:43] - training...
[2022-05-09 21:42:43] - [0.00233869 0.00233869 0.        ] 0.022613656086226303
[2022-05-09 21:42:43] - evaluating...
[2022-05-09 21:42:43] - valid 0.268369, test 0.256570
[2022-05-09 21:42:43] - Epoch: 53
[2022-05-09 21:42:43] - training...
[2022-05-09 21:42:43] - [0.00193905 0.00193905 0.        ] 0.020023245364427567
[2022-05-09 21:42:43] - evaluating...
[2022-05-09 21:42:43] - valid 0.146140, test 0.132678
[2022-05-09 21:42:43] - Epoch: 54
[2022-05-09 21:42:43] - training...
[2022-05-09 21:42:43] - [0.00213975 0.00213975 0.        ] 0.02002415107563138
[2022-05-09 21:42:43] - evaluating...
[2022-05-09 21:42:43] - valid 0.218158, test 0.201365
[2022-05-09 21:42:43] - Epoch: 55
[2022-05-09 21:42:43] - training...
[2022-05-09 21:42:43] - [0.00269315 0.00269315 0.        ] 0.026136125437915325
[2022-05-09 21:42:43] - evaluating...
[2022-05-09 21:42:43] - valid 0.206889, test 0.198795
[2022-05-09 21:42:43] - Epoch: 56
[2022-05-09 21:42:43] - training...
[2022-05-09 21:42:43] - [0.00286747 0.00286747 0.        ] 0.02346859561900298
[2022-05-09 21:42:43] - evaluating...
[2022-05-09 21:42:43] - valid 0.055714, test 0.078164
[2022-05-09 21:42:43] - Epoch: 57
[2022-05-09 21:42:43] - training...
[2022-05-09 21:42:43] - [0.00238307 0.00238307 0.        ] 0.0251939434868594
[2022-05-09 21:42:43] - evaluating...
[2022-05-09 21:42:43] - valid 0.093705, test 0.110266
[2022-05-09 21:42:43] - Epoch: 58
[2022-05-09 21:42:43] - training...
[2022-05-09 21:42:43] - [0.00227175 0.00227175 0.        ] 0.021861654395858448
[2022-05-09 21:42:43] - evaluating...
[2022-05-09 21:42:43] - valid 0.090461, test 0.097408
[2022-05-09 21:42:43] - Epoch: 59
[2022-05-09 21:42:43] - training...
[2022-05-09 21:42:43] - [0.00189094 0.00189094 0.        ] 0.020115869740645092
[2022-05-09 21:42:43] - evaluating...
[2022-05-09 21:42:43] - valid 0.117006, test 0.120293
[2022-05-09 21:42:43] - Epoch: 60
[2022-05-09 21:42:43] - training...
[2022-05-09 21:42:44] - [0.00176529 0.00176529 0.        ] 0.018775776649514835
[2022-05-09 21:42:44] - evaluating...
[2022-05-09 21:42:44] - valid 0.428402, test 0.446519
[2022-05-09 21:42:44] - Epoch: 61
[2022-05-09 21:42:44] - training...
[2022-05-09 21:42:44] - [0.00212912 0.00212912 0.        ] 0.02158779837191105
[2022-05-09 21:42:44] - evaluating...
[2022-05-09 21:42:44] - valid 0.397303, test 0.393445
[2022-05-09 21:42:44] - Epoch: 62
[2022-05-09 21:42:44] - training...
[2022-05-09 21:42:44] - [0.00199293 0.00199293 0.        ] 0.02314930750677983
[2022-05-09 21:42:44] - evaluating...
[2022-05-09 21:42:44] - valid 0.094038, test 0.101002
[2022-05-09 21:42:44] - Epoch: 63
[2022-05-09 21:42:44] - training...
[2022-05-09 21:42:44] - [0.00237855 0.00237855 0.        ] 0.0224013344074289
[2022-05-09 21:42:44] - evaluating...
[2022-05-09 21:42:44] - valid 0.180995, test 0.194211
[2022-05-09 21:42:44] - Epoch: 64
[2022-05-09 21:42:44] - training...
[2022-05-09 21:42:44] - [0.00218287 0.00218287 0.        ] 0.021297070508201916
[2022-05-09 21:42:44] - evaluating...
[2022-05-09 21:42:44] - valid 0.304914, test 0.305791
[2022-05-09 21:42:44] - Epoch: 65
[2022-05-09 21:42:44] - training...
[2022-05-09 21:42:44] - [0.00221863 0.00221863 0.        ] 0.024157090733448666
[2022-05-09 21:42:44] - evaluating...
[2022-05-09 21:42:44] - valid 0.211389, test 0.229651
[2022-05-09 21:42:44] - Epoch: 66
[2022-05-09 21:42:44] - training...
[2022-05-09 21:42:44] - [0.00223569 0.00223569 0.        ] 0.021052376367151737
[2022-05-09 21:42:44] - evaluating...
[2022-05-09 21:42:44] - valid 0.219298, test 0.230550
[2022-05-09 21:42:44] - Epoch: 67
[2022-05-09 21:42:44] - training...
[2022-05-09 21:42:44] - [0.00200336 0.00200336 0.        ] 0.017927135496089857
[2022-05-09 21:42:44] - evaluating...
[2022-05-09 21:42:44] - valid 0.343303, test 0.348629
[2022-05-09 21:42:44] - Epoch: 68
[2022-05-09 21:42:44] - training...
[2022-05-09 21:42:44] - [0.00240082 0.00240082 0.        ] 0.02377503365278244
[2022-05-09 21:42:44] - evaluating...
[2022-05-09 21:42:45] - valid 0.123924, test 0.134684
[2022-05-09 21:42:45] - Epoch: 69
[2022-05-09 21:42:45] - training...
[2022-05-09 21:42:45] - [0.00211224 0.00211224 0.        ] 0.01990261875713865
[2022-05-09 21:42:45] - evaluating...
[2022-05-09 21:42:45] - valid 0.137166, test 0.159933
[2022-05-09 21:42:45] - Epoch: 70
[2022-05-09 21:42:45] - training...
[2022-05-09 21:42:45] - [0.00191197 0.00191197 0.        ] 0.017348441916207474
[2022-05-09 21:42:45] - evaluating...
[2022-05-09 21:42:45] - valid 0.033720, test 0.048898
[2022-05-09 21:42:45] - Epoch: 71
[2022-05-09 21:42:45] - training...
[2022-05-09 21:42:45] - [0.0021366 0.0021366 0.       ] 0.02214996765057246
[2022-05-09 21:42:45] - evaluating...
[2022-05-09 21:42:45] - valid 0.061075, test 0.052812
[2022-05-09 21:42:45] - early stop
[2022-05-09 21:42:45] - best val score: 0.0002818846551235765 @ 31
[2022-05-09 21:42:45] - inference...
[2022-05-09 21:42:45] - MSE: train 0.000633, valid 0.000275, test 0.000517
[2022-05-09 21:42:45] - L1:  train 0.016599, valid 0.011629, test 0.015659
[2022-05-09 21:42:45] - RMSE: train 0.024176, valid 0.016270, test 0.021694
[2022-05-09 21:42:45] - Finished.
