[2022-06-29 21:19:49] - create model...
[2022-06-29 21:19:50] - Epoch: 0
[2022-06-29 21:19:50] - training...
[2022-06-29 21:19:50] - [2044.64839681 2030.70731608    2.78821174] 12.949968973795572
[2022-06-29 21:19:50] - evaluating...
[2022-06-29 21:19:50] - valid 12.406157, test 25.741777
[2022-06-29 21:19:50] - Epoch: 1
[2022-06-29 21:19:50] - training...
[2022-06-29 21:19:50] - [2379.08854167 2365.17138672    2.78343956] 13.838743209838867
[2022-06-29 21:19:50] - evaluating...
[2022-06-29 21:19:50] - valid 12.302179, test 25.653954
[2022-06-29 21:19:50] - Epoch: 2
[2022-06-29 21:19:50] - training...
[2022-06-29 21:19:51] - [1511.07845052 1497.14046224    2.78759774] 13.716747283935547
[2022-06-29 21:19:51] - evaluating...
[2022-06-29 21:19:51] - valid 12.235221, test 25.563116
[2022-06-29 21:19:51] - Epoch: 3
[2022-06-29 21:19:51] - training...
[2022-06-29 21:19:51] - [1962.68583171 1948.78849284    2.77947068] 12.99057674407959
[2022-06-29 21:19:51] - evaluating...
[2022-06-29 21:19:51] - valid 11.868980, test 25.253661
[2022-06-29 21:19:51] - Epoch: 4
[2022-06-29 21:19:51] - training...
[2022-06-29 21:19:52] - [1950.51566569 1936.60274251    2.78257386] 13.383404413859049
[2022-06-29 21:19:52] - evaluating...
[2022-06-29 21:19:52] - valid 11.553615, test 24.927672
[2022-06-29 21:19:52] - Epoch: 5
[2022-06-29 21:19:52] - training...
[2022-06-29 21:19:52] - [1952.4385376  1938.52901204    2.78189611] 13.158919334411621
[2022-06-29 21:19:52] - evaluating...
[2022-06-29 21:19:52] - valid 11.403809, test 24.736071
[2022-06-29 21:19:52] - Epoch: 6
[2022-06-29 21:19:52] - training...
[2022-06-29 21:19:53] - [2759.02392578 2745.0789388     2.78901386] 13.302016258239746
[2022-06-29 21:19:53] - evaluating...
[2022-06-29 21:19:53] - valid 11.914942, test 24.921897
[2022-06-29 21:19:53] - Epoch: 7
[2022-06-29 21:19:53] - training...
[2022-06-29 21:19:53] - [1834.13354492 1820.21081543    2.7845463 ] 12.866239865620932
[2022-06-29 21:19:53] - evaluating...
[2022-06-29 21:19:53] - valid 12.029812, test 25.026510
[2022-06-29 21:19:53] - Epoch: 8
[2022-06-29 21:19:53] - training...
[2022-06-29 21:19:54] - [1093.44051107 1079.51432292    2.78523842] 12.438504536946615
[2022-06-29 21:19:54] - evaluating...
[2022-06-29 21:19:54] - valid 11.281767, test 23.990114
[2022-06-29 21:19:54] - Epoch: 9
[2022-06-29 21:19:54] - training...
[2022-06-29 21:19:54] - [1131.5929362  1117.67386882    2.7838165 ] 12.111521402994791
[2022-06-29 21:19:54] - evaluating...
[2022-06-29 21:19:54] - valid 10.718132, test 23.455938
[2022-06-29 21:19:54] - Epoch: 10
[2022-06-29 21:19:54] - training...
[2022-06-29 21:19:55] - [1750.92061361 1737.00179036    2.78377183] 11.112714131673178
[2022-06-29 21:19:55] - evaluating...
[2022-06-29 21:19:55] - valid 11.345409, test 23.395994
[2022-06-29 21:19:55] - Epoch: 11
[2022-06-29 21:19:55] - training...
[2022-06-29 21:19:55] - [1626.28562419 1612.34718831    2.78768516] 9.918216387430826
[2022-06-29 21:19:55] - evaluating...
[2022-06-29 21:19:55] - valid 12.289569, test 24.159908
[2022-06-29 21:19:55] - Epoch: 12
[2022-06-29 21:19:55] - training...
[2022-06-29 21:19:56] - [1399.00846354 1385.10441081    2.78080638] 10.960199038187662
[2022-06-29 21:19:56] - evaluating...
[2022-06-29 21:19:56] - valid 12.256987, test 24.128091
[2022-06-29 21:19:56] - Epoch: 13
[2022-06-29 21:19:56] - training...
[2022-06-29 21:19:56] - [1364.43322754 1350.48746745    2.7891589 ] 10.959554513295492
[2022-06-29 21:19:56] - evaluating...
[2022-06-29 21:19:56] - valid 12.217443, test 22.445141
[2022-06-29 21:19:56] - Epoch: 14
[2022-06-29 21:19:56] - training...
[2022-06-29 21:19:57] - [1628.13618978 1614.27075195    2.77309601] 10.908718744913736
[2022-06-29 21:19:57] - evaluating...
[2022-06-29 21:19:57] - valid 10.929104, test 18.666299
[2022-06-29 21:19:57] - Epoch: 15
[2022-06-29 21:19:57] - training...
[2022-06-29 21:19:57] - [1220.67803955 1206.74387614    2.78683726] 10.049729347229004
[2022-06-29 21:19:57] - evaluating...
[2022-06-29 21:19:57] - valid 8.454103, test 16.842242
[2022-06-29 21:19:57] - Epoch: 16
[2022-06-29 21:19:57] - training...
[2022-06-29 21:19:58] - [934.14196777 920.23817952   2.7807556 ] 9.550342718760172
[2022-06-29 21:19:58] - evaluating...
[2022-06-29 21:19:58] - valid 7.469280, test 15.442682
[2022-06-29 21:19:58] - Epoch: 17
[2022-06-29 21:19:58] - training...
[2022-06-29 21:19:58] - [1123.84735107 1109.90155029    2.78916423] 9.366059144337973
[2022-06-29 21:19:58] - evaluating...
[2022-06-29 21:19:58] - valid 7.384629, test 14.561198
[2022-06-29 21:19:58] - Epoch: 18
[2022-06-29 21:19:58] - training...
[2022-06-29 21:19:59] - [930.3315328  916.4251709    2.78127193] 9.358816146850586
[2022-06-29 21:19:59] - evaluating...
[2022-06-29 21:19:59] - valid 7.624507, test 13.700002
[2022-06-29 21:19:59] - Epoch: 19
[2022-06-29 21:19:59] - training...
[2022-06-29 21:19:59] - [987.86012777 973.98232015   2.77556117] 8.906621297200521
[2022-06-29 21:19:59] - evaluating...
[2022-06-29 21:19:59] - valid 8.558062, test 14.650937
[2022-06-29 21:19:59] - Epoch: 20
[2022-06-29 21:19:59] - training...
[2022-06-29 21:20:00] - [1071.75716146 1057.84234619    2.78295819] 9.65530808766683
[2022-06-29 21:20:00] - evaluating...
[2022-06-29 21:20:00] - valid 10.867820, test 16.407065
[2022-06-29 21:20:00] - Epoch: 21
[2022-06-29 21:20:00] - training...
[2022-06-29 21:20:00] - [876.34381104 862.37479655   2.79380584] 8.925681273142496
[2022-06-29 21:20:00] - evaluating...
[2022-06-29 21:20:00] - valid 10.817314, test 18.983498
[2022-06-29 21:20:00] - Epoch: 22
[2022-06-29 21:20:00] - training...
[2022-06-29 21:20:01] - [680.60523478 666.69104004   2.78283946] 7.940450509389241
[2022-06-29 21:20:01] - evaluating...
[2022-06-29 21:20:01] - valid 10.409266, test 17.728933
[2022-06-29 21:20:01] - Epoch: 23
[2022-06-29 21:20:01] - training...
[2022-06-29 21:20:01] - [762.61036174 748.66098022   2.7898732 ] 8.22569227218628
[2022-06-29 21:20:01] - evaluating...
[2022-06-29 21:20:01] - valid 11.012584, test 16.499451
[2022-06-29 21:20:01] - Epoch: 24
[2022-06-29 21:20:01] - training...
[2022-06-29 21:20:02] - [574.74957275 560.78954061   2.79200729] 7.887080828348796
[2022-06-29 21:20:02] - evaluating...
[2022-06-29 21:20:02] - valid 10.064531, test 13.849157
[2022-06-29 21:20:02] - Epoch: 25
[2022-06-29 21:20:02] - training...
[2022-06-29 21:20:02] - [721.22261556 707.32847087   2.77882886] 8.107156753540039
[2022-06-29 21:20:02] - evaluating...
[2022-06-29 21:20:02] - valid 10.034455, test 12.713282
[2022-06-29 21:20:02] - Epoch: 26
[2022-06-29 21:20:02] - training...
[2022-06-29 21:20:03] - [748.7970988  734.84967041   2.7894853 ] 8.497721513112387
[2022-06-29 21:20:03] - evaluating...
[2022-06-29 21:20:03] - valid 10.636784, test 14.004384
[2022-06-29 21:20:03] - Epoch: 27
[2022-06-29 21:20:03] - training...
[2022-06-29 21:20:03] - [751.41121419 737.52285767   2.77767166] 8.647176106770834
[2022-06-29 21:20:03] - evaluating...
[2022-06-29 21:20:03] - valid 11.800329, test 13.503167
[2022-06-29 21:20:03] - Epoch: 28
[2022-06-29 21:20:03] - training...
[2022-06-29 21:20:04] - [594.69910177 580.75556437   2.78870495] 9.167871634165445
[2022-06-29 21:20:04] - evaluating...
[2022-06-29 21:20:04] - valid 11.475802, test 15.492774
[2022-06-29 21:20:04] - Epoch: 29
[2022-06-29 21:20:04] - training...
[2022-06-29 21:20:04] - [816.35492961 802.45482381   2.78001801] 8.565423488616943
[2022-06-29 21:20:04] - evaluating...
[2022-06-29 21:20:04] - valid 9.759172, test 14.470127
[2022-06-29 21:20:04] - Epoch: 30
[2022-06-29 21:20:04] - training...
[2022-06-29 21:20:05] - [803.34605916 789.42996216   2.78321528] 6.734723647435506
[2022-06-29 21:20:05] - evaluating...
[2022-06-29 21:20:05] - valid 7.715923, test 13.170461
[2022-06-29 21:20:05] - Epoch: 31
[2022-06-29 21:20:05] - training...
[2022-06-29 21:20:05] - [1038.61136882 1024.70479329    2.78131469] 9.022234439849854
[2022-06-29 21:20:05] - evaluating...
[2022-06-29 21:20:05] - valid 11.776671, test 14.822864
[2022-06-29 21:20:05] - Epoch: 32
[2022-06-29 21:20:05] - training...
[2022-06-29 21:20:05] - [930.76369222 916.82047526   2.78864336] 6.748313665390015
[2022-06-29 21:20:05] - evaluating...
[2022-06-29 21:20:06] - valid 9.985864, test 14.472751
[2022-06-29 21:20:06] - Epoch: 33
[2022-06-29 21:20:06] - training...
[2022-06-29 21:20:06] - [757.8256429  743.90641276   2.78384717] 8.18789259592692
[2022-06-29 21:20:06] - evaluating...
[2022-06-29 21:20:06] - valid 8.403852, test 14.215937
[2022-06-29 21:20:06] - Epoch: 34
[2022-06-29 21:20:06] - training...
[2022-06-29 21:20:06] - [682.00553385 668.07863363   2.78537877] 7.844691753387451
[2022-06-29 21:20:06] - evaluating...
[2022-06-29 21:20:07] - valid 8.574398, test 12.284108
[2022-06-29 21:20:07] - Epoch: 35
[2022-06-29 21:20:07] - training...
[2022-06-29 21:20:07] - [509.5397288  495.6533254    2.77727866] 6.998109022776286
[2022-06-29 21:20:07] - evaluating...
[2022-06-29 21:20:07] - valid 9.845751, test 13.325245
[2022-06-29 21:20:07] - Epoch: 36
[2022-06-29 21:20:07] - training...
[2022-06-29 21:20:07] - [622.11168416 608.19010417   2.78431416] 7.466182390848796
[2022-06-29 21:20:07] - evaluating...
[2022-06-29 21:20:07] - valid 9.769472, test 14.176262
[2022-06-29 21:20:07] - Epoch: 37
[2022-06-29 21:20:07] - training...
[2022-06-29 21:20:08] - [485.14411418 471.25572713   2.77767746] 6.556891918182373
[2022-06-29 21:20:08] - evaluating...
[2022-06-29 21:20:08] - valid 8.564756, test 15.646417
[2022-06-29 21:20:08] - Epoch: 38
[2022-06-29 21:20:08] - training...
[2022-06-29 21:20:08] - [513.40983073 499.46779378   2.78840709] 6.626481691996257
[2022-06-29 21:20:08] - evaluating...
[2022-06-29 21:20:08] - valid 8.186151, test 13.204170
[2022-06-29 21:20:08] - Epoch: 39
[2022-06-29 21:20:08] - training...
[2022-06-29 21:20:09] - [602.05342611 588.1259257    2.78549774] 6.559719880421956
[2022-06-29 21:20:09] - evaluating...
[2022-06-29 21:20:09] - valid 8.894211, test 12.545908
[2022-06-29 21:20:09] - Epoch: 40
[2022-06-29 21:20:09] - training...
[2022-06-29 21:20:09] - [289.95942179 276.02015177   2.78785245] 5.112946510314941
[2022-06-29 21:20:09] - evaluating...
[2022-06-29 21:20:09] - valid 7.599240, test 12.046830
[2022-06-29 21:20:09] - Epoch: 41
[2022-06-29 21:20:09] - training...
[2022-06-29 21:20:10] - [265.01664225 251.11414083   2.78049914] 6.266544659932454
[2022-06-29 21:20:10] - evaluating...
[2022-06-29 21:20:10] - valid 7.177336, test 11.514659
[2022-06-29 21:20:10] - Epoch: 42
[2022-06-29 21:20:10] - training...
[2022-06-29 21:20:10] - [331.06907145 317.16311646   2.78119047] 5.745159943898519
[2022-06-29 21:20:10] - evaluating...
[2022-06-29 21:20:10] - valid 6.626506, test 12.352255
[2022-06-29 21:20:10] - Epoch: 43
[2022-06-29 21:20:10] - training...
[2022-06-29 21:20:10] - [691.51339722 677.58278402   2.78611755] 5.888875166575114
[2022-06-29 21:20:10] - evaluating...
[2022-06-29 21:20:10] - valid 6.536946, test 12.429965
[2022-06-29 21:20:10] - Epoch: 44
[2022-06-29 21:20:10] - training...
[2022-06-29 21:20:11] - [461.19028727 447.26934814   2.78418843] 7.798313140869141
[2022-06-29 21:20:11] - evaluating...
[2022-06-29 21:20:11] - valid 6.422815, test 11.616640
[2022-06-29 21:20:11] - Epoch: 45
[2022-06-29 21:20:11] - training...
[2022-06-29 21:20:11] - [429.05558268 415.15310669   2.78049707] 6.24245023727417
[2022-06-29 21:20:11] - evaluating...
[2022-06-29 21:20:11] - valid 6.691425, test 12.178382
[2022-06-29 21:20:11] - Epoch: 46
[2022-06-29 21:20:11] - training...
[2022-06-29 21:20:12] - [256.71439107 242.77662659   2.78755236] 6.120105743408203
[2022-06-29 21:20:12] - evaluating...
[2022-06-29 21:20:12] - valid 6.598434, test 11.856232
[2022-06-29 21:20:12] - Epoch: 47
[2022-06-29 21:20:12] - training...
[2022-06-29 21:20:12] - [632.52676392 618.66212972   2.77292411] 7.032253583272298
[2022-06-29 21:20:12] - evaluating...
[2022-06-29 21:20:12] - valid 7.458268, test 11.806660
[2022-06-29 21:20:12] - Epoch: 48
[2022-06-29 21:20:12] - training...
[2022-06-29 21:20:12] - [482.35616048 468.45492554   2.78024721] 5.860753138860066
[2022-06-29 21:20:12] - evaluating...
[2022-06-29 21:20:13] - valid 7.693755, test 11.405033
[2022-06-29 21:20:13] - Epoch: 49
[2022-06-29 21:20:13] - training...
[2022-06-29 21:20:13] - [531.44050598 517.49817912   2.78846518] 5.446010271708171
[2022-06-29 21:20:13] - evaluating...
[2022-06-29 21:20:13] - valid 7.540116, test 13.159375
[2022-06-29 21:20:13] - Epoch: 50
[2022-06-29 21:20:13] - training...
[2022-06-29 21:20:13] - [354.99734497 341.08984375   2.78150066] 6.936010996500651
[2022-06-29 21:20:13] - evaluating...
[2022-06-29 21:20:13] - valid 7.627343, test 16.094326
[2022-06-29 21:20:13] - Epoch: 51
[2022-06-29 21:20:13] - training...
[2022-06-29 21:20:14] - [714.61738078 700.71224976   2.78102756] 7.099325497945149
[2022-06-29 21:20:14] - evaluating...
[2022-06-29 21:20:14] - valid 6.904771, test 16.268672
[2022-06-29 21:20:14] - Epoch: 52
[2022-06-29 21:20:14] - training...
[2022-06-29 21:20:14] - [418.00169881 404.08646647   2.78304871] 6.486665407816569
[2022-06-29 21:20:14] - evaluating...
[2022-06-29 21:20:14] - valid 6.783960, test 13.711128
[2022-06-29 21:20:14] - Epoch: 53
[2022-06-29 21:20:14] - training...
[2022-06-29 21:20:15] - [316.12859599 302.20535278   2.78464794] 5.541021347045898
[2022-06-29 21:20:15] - evaluating...
[2022-06-29 21:20:15] - valid 7.132726, test 11.435687
[2022-06-29 21:20:15] - Epoch: 54
[2022-06-29 21:20:15] - training...
[2022-06-29 21:20:15] - [412.90460714 398.95839437   2.78924394] 6.164296229680379
[2022-06-29 21:20:15] - evaluating...
[2022-06-29 21:20:15] - valid 7.197684, test 11.154229
[2022-06-29 21:20:15] - Epoch: 55
[2022-06-29 21:20:15] - training...
[2022-06-29 21:20:15] - [408.09377543 394.14256795   2.79023973] 6.514147122701009
[2022-06-29 21:20:15] - evaluating...
[2022-06-29 21:20:15] - valid 7.085722, test 12.417239
[2022-06-29 21:20:15] - Epoch: 56
[2022-06-29 21:20:15] - training...
[2022-06-29 21:20:16] - [583.29052734 569.37911987   2.782281  ] 6.152281045913696
[2022-06-29 21:20:16] - evaluating...
[2022-06-29 21:20:16] - valid 7.502415, test 12.138890
[2022-06-29 21:20:16] - Epoch: 57
[2022-06-29 21:20:16] - training...
[2022-06-29 21:20:16] - [399.87674967 386.01909383   2.77153389] 6.741711457570394
[2022-06-29 21:20:16] - evaluating...
[2022-06-29 21:20:16] - valid 9.210236, test 11.412219
[2022-06-29 21:20:16] - Epoch: 58
[2022-06-29 21:20:16] - training...
[2022-06-29 21:20:17] - [569.38335164 555.52381388   2.77190455] 5.650371551513672
[2022-06-29 21:20:17] - evaluating...
[2022-06-29 21:20:17] - valid 9.438596, test 11.641351
[2022-06-29 21:20:17] - Epoch: 59
[2022-06-29 21:20:17] - training...
[2022-06-29 21:20:17] - [528.02721151 514.10316976   2.78480919] 6.566012700398763
[2022-06-29 21:20:17] - evaluating...
[2022-06-29 21:20:17] - valid 7.293291, test 10.557903
[2022-06-29 21:20:17] - Epoch: 60
[2022-06-29 21:20:17] - training...
[2022-06-29 21:20:18] - [584.31900024 570.41380819   2.78104099] 5.833607912063599
[2022-06-29 21:20:18] - evaluating...
[2022-06-29 21:20:18] - valid 7.167698, test 10.963994
[2022-06-29 21:20:18] - Epoch: 61
[2022-06-29 21:20:18] - training...
[2022-06-29 21:20:18] - [432.08394368 418.18693034   2.7794009 ] 6.3367916742960615
[2022-06-29 21:20:18] - evaluating...
[2022-06-29 21:20:18] - valid 7.561701, test 11.566602
[2022-06-29 21:20:18] - Epoch: 62
[2022-06-29 21:20:18] - training...
[2022-06-29 21:20:18] - [664.59277344 650.69004313   2.78054674] 5.813687801361084
[2022-06-29 21:20:18] - evaluating...
[2022-06-29 21:20:18] - valid 7.463126, test 10.897467
[2022-06-29 21:20:18] - Epoch: 63
[2022-06-29 21:20:18] - training...
[2022-06-29 21:20:19] - [341.20652771 327.26981608   2.78734001] 6.352474292119344
[2022-06-29 21:20:19] - evaluating...
[2022-06-29 21:20:19] - valid 7.299251, test 10.818933
[2022-06-29 21:20:19] - Epoch: 64
[2022-06-29 21:20:19] - training...
[2022-06-29 21:20:19] - [459.93741353 446.06625875   2.77422976] 6.92246691385905
[2022-06-29 21:20:19] - evaluating...
[2022-06-29 21:20:19] - valid 7.129100, test 10.622570
[2022-06-29 21:20:19] - Epoch: 65
[2022-06-29 21:20:19] - training...
[2022-06-29 21:20:20] - [394.09776815 380.21727498   2.77609865] 5.834440231323242
[2022-06-29 21:20:20] - evaluating...
[2022-06-29 21:20:20] - valid 6.457166, test 10.748637
[2022-06-29 21:20:20] - Epoch: 66
[2022-06-29 21:20:20] - training...
[2022-06-29 21:20:20] - [302.55747477 288.64864095   2.78176737] 6.2937008539835615
[2022-06-29 21:20:20] - evaluating...
[2022-06-29 21:20:20] - valid 6.136154, test 10.786411
[2022-06-29 21:20:20] - Epoch: 67
[2022-06-29 21:20:20] - training...
[2022-06-29 21:20:20] - [401.9860789  388.01214091   2.7947855 ] 5.706403493881226
[2022-06-29 21:20:20] - evaluating...
[2022-06-29 21:20:21] - valid 6.044580, test 10.542868
[2022-06-29 21:20:21] - Epoch: 68
[2022-06-29 21:20:21] - training...
[2022-06-29 21:20:21] - [488.08706156 474.17073568   2.78326559] 5.922535101572673
[2022-06-29 21:20:21] - evaluating...
[2022-06-29 21:20:21] - valid 6.232579, test 10.503218
[2022-06-29 21:20:21] - Epoch: 69
[2022-06-29 21:20:21] - training...
[2022-06-29 21:20:21] - [697.51751709 683.60516357   2.78246856] 5.5847476323445635
[2022-06-29 21:20:21] - evaluating...
[2022-06-29 21:20:21] - valid 6.280244, test 10.659307
[2022-06-29 21:20:21] - Epoch: 70
[2022-06-29 21:20:21] - training...
[2022-06-29 21:20:22] - [332.43986003 318.51735942   2.78450076] 7.0820817947387695
[2022-06-29 21:20:22] - evaluating...
[2022-06-29 21:20:22] - valid 6.114990, test 10.227240
[2022-06-29 21:20:22] - Epoch: 71
[2022-06-29 21:20:22] - training...
[2022-06-29 21:20:22] - [135.09577433 121.16156514   2.78684163] 6.2242458661397295
[2022-06-29 21:20:22] - evaluating...
[2022-06-29 21:20:22] - valid 6.027507, test 10.488343
[2022-06-29 21:20:22] - Epoch: 72
[2022-06-29 21:20:22] - training...
[2022-06-29 21:20:23] - [320.92279053 306.99983724   2.78458945] 7.1427321434021
[2022-06-29 21:20:23] - evaluating...
[2022-06-29 21:20:23] - valid 6.012526, test 10.609010
[2022-06-29 21:20:23] - Epoch: 73
[2022-06-29 21:20:23] - training...
[2022-06-29 21:20:23] - [499.28793335 485.28227743   2.80112855] 6.118242899576823
[2022-06-29 21:20:23] - evaluating...
[2022-06-29 21:20:23] - valid 6.115243, test 11.141982
[2022-06-29 21:20:23] - Epoch: 74
[2022-06-29 21:20:23] - training...
[2022-06-29 21:20:23] - [291.27683512 277.30733236   2.79389985] 7.221449534098308
[2022-06-29 21:20:23] - evaluating...
[2022-06-29 21:20:23] - valid 6.681849, test 10.746268
[2022-06-29 21:20:23] - Epoch: 75
[2022-06-29 21:20:23] - training...
[2022-06-29 21:20:24] - [449.0001475  435.09044393   2.78193943] 6.073894341786702
[2022-06-29 21:20:24] - evaluating...
[2022-06-29 21:20:24] - valid 7.623066, test 11.049023
[2022-06-29 21:20:24] - Epoch: 76
[2022-06-29 21:20:24] - training...
[2022-06-29 21:20:24] - [549.88882446 535.96856689   2.78404903] 5.827625115712483
[2022-06-29 21:20:24] - evaluating...
[2022-06-29 21:20:24] - valid 11.463432, test 12.938062
[2022-06-29 21:20:24] - Epoch: 77
[2022-06-29 21:20:24] - training...
[2022-06-29 21:20:25] - [487.07756551 473.2039388    2.77472369] 6.690962155659993
[2022-06-29 21:20:25] - evaluating...
[2022-06-29 21:20:25] - valid 13.184797, test 13.708115
[2022-06-29 21:20:25] - Epoch: 78
[2022-06-29 21:20:25] - training...
[2022-06-29 21:20:25] - [461.85666402 447.95354207   2.7806251 ] 6.667365392049153
[2022-06-29 21:20:25] - evaluating...
[2022-06-29 21:20:25] - valid 12.843476, test 14.276260
[2022-06-29 21:20:25] - Epoch: 79
[2022-06-29 21:20:25] - training...
[2022-06-29 21:20:26] - [460.04018656 446.15924072   2.7761875 ] 5.847942193349202
[2022-06-29 21:20:26] - evaluating...
[2022-06-29 21:20:26] - valid 9.735864, test 11.409527
[2022-06-29 21:20:26] - Epoch: 80
[2022-06-29 21:20:26] - training...
[2022-06-29 21:20:26] - [603.88497925 589.93979899   2.78903564] 7.25621223449707
[2022-06-29 21:20:26] - evaluating...
[2022-06-29 21:20:26] - valid 7.133878, test 11.752653
[2022-06-29 21:20:26] - Epoch: 81
[2022-06-29 21:20:26] - training...
[2022-06-29 21:20:26] - [366.06746928 352.10850525   2.79179327] 6.353652636210124
[2022-06-29 21:20:26] - evaluating...
[2022-06-29 21:20:27] - valid 6.576150, test 11.186650
[2022-06-29 21:20:27] - Epoch: 82
[2022-06-29 21:20:27] - training...
[2022-06-29 21:20:27] - [452.97397868 439.0602417    2.78274624] 6.046468257904053
[2022-06-29 21:20:27] - evaluating...
[2022-06-29 21:20:27] - valid 7.327627, test 13.195624
[2022-06-29 21:20:27] - Epoch: 83
[2022-06-29 21:20:27] - training...
[2022-06-29 21:20:27] - [631.57081095 617.65070597   2.78402003] 6.458683172861735
[2022-06-29 21:20:27] - evaluating...
[2022-06-29 21:20:27] - valid 7.437540, test 15.391231
[2022-06-29 21:20:27] - Epoch: 84
[2022-06-29 21:20:27] - training...
[2022-06-29 21:20:28] - [791.69588216 777.7781779    2.78354224] 5.8540700276692705
[2022-06-29 21:20:28] - evaluating...
[2022-06-29 21:20:28] - valid 7.384948, test 12.958970
[2022-06-29 21:20:28] - Epoch: 85
[2022-06-29 21:20:28] - training...
[2022-06-29 21:20:28] - [731.59417725 717.72041829   2.77475127] 7.30063517888387
[2022-06-29 21:20:28] - evaluating...
[2022-06-29 21:20:28] - valid 7.786212, test 11.119259
[2022-06-29 21:20:28] - Epoch: 86
[2022-06-29 21:20:28] - training...
[2022-06-29 21:20:29] - [444.31213379 430.4032491    2.78177547] 6.704665819803874
[2022-06-29 21:20:29] - evaluating...
[2022-06-29 21:20:29] - valid 7.771515, test 10.725155
[2022-06-29 21:20:29] - Epoch: 87
[2022-06-29 21:20:29] - training...
[2022-06-29 21:20:29] - [369.21166992 355.26561483   2.78921191] 6.3041196664174395
[2022-06-29 21:20:29] - evaluating...
[2022-06-29 21:20:29] - valid 7.714980, test 10.554400
[2022-06-29 21:20:29] - Epoch: 88
[2022-06-29 21:20:29] - training...
[2022-06-29 21:20:29] - [434.06840007 420.15267944   2.78314495] 5.334819873174031
[2022-06-29 21:20:29] - evaluating...
[2022-06-29 21:20:29] - valid 7.507576, test 10.592041
[2022-06-29 21:20:29] - Epoch: 89
[2022-06-29 21:20:29] - training...
[2022-06-29 21:20:30] - [416.15855916 402.21419271   2.78887192] 5.775469541549683
[2022-06-29 21:20:30] - evaluating...
[2022-06-29 21:20:30] - valid 8.130216, test 11.557451
[2022-06-29 21:20:30] - Epoch: 90
[2022-06-29 21:20:30] - training...
[2022-06-29 21:20:30] - [421.46950277 407.54210917   2.78547883] 5.8003865877787275
[2022-06-29 21:20:30] - evaluating...
[2022-06-29 21:20:30] - valid 8.895789, test 11.616171
[2022-06-29 21:20:30] - Epoch: 91
[2022-06-29 21:20:30] - training...
[2022-06-29 21:20:31] - [242.43745422 228.5213267    2.78322625] 5.816829204559326
[2022-06-29 21:20:31] - evaluating...
[2022-06-29 21:20:31] - valid 10.878496, test 12.771372
[2022-06-29 21:20:31] - Epoch: 92
[2022-06-29 21:20:31] - training...
[2022-06-29 21:20:31] - [395.36501058 381.44258118   2.78448629] 5.435954411824544
[2022-06-29 21:20:31] - evaluating...
[2022-06-29 21:20:31] - valid 13.323065, test 14.230138
[2022-06-29 21:20:31] - Epoch: 93
[2022-06-29 21:20:31] - training...
[2022-06-29 21:20:32] - [487.82330322 473.89230347   2.78619798] 6.456504185994466
[2022-06-29 21:20:32] - evaluating...
[2022-06-29 21:20:32] - valid 12.254467, test 13.071728
[2022-06-29 21:20:32] - Epoch: 94
[2022-06-29 21:20:32] - training...
[2022-06-29 21:20:32] - [519.99973551 506.09440104   2.78106658] 8.032557169596354
[2022-06-29 21:20:32] - evaluating...
[2022-06-29 21:20:32] - valid 12.585402, test 12.685702
[2022-06-29 21:20:32] - Epoch: 95
[2022-06-29 21:20:32] - training...
[2022-06-29 21:20:32] - [266.63294474 252.73287455   2.78001356] 6.367028713226318
[2022-06-29 21:20:32] - evaluating...
[2022-06-29 21:20:32] - valid 10.280165, test 12.088463
[2022-06-29 21:20:32] - Epoch: 96
[2022-06-29 21:20:32] - training...
[2022-06-29 21:20:33] - [364.85859172 350.99126689   2.77346468] 6.798467953999837
[2022-06-29 21:20:33] - evaluating...
[2022-06-29 21:20:33] - valid 7.548130, test 12.051340
[2022-06-29 21:20:33] - Epoch: 97
[2022-06-29 21:20:33] - training...
[2022-06-29 21:20:33] - [404.45451355 390.51715088   2.78747368] 6.2710831960042315
[2022-06-29 21:20:33] - evaluating...
[2022-06-29 21:20:33] - valid 6.943523, test 12.732993
[2022-06-29 21:20:33] - Epoch: 98
[2022-06-29 21:20:33] - training...
[2022-06-29 21:20:34] - [655.14886983 641.26822917   2.7761271 ] 5.0838877360026045
[2022-06-29 21:20:34] - evaluating...
[2022-06-29 21:20:34] - valid 6.936979, test 11.965295
[2022-06-29 21:20:34] - Epoch: 99
[2022-06-29 21:20:34] - training...
[2022-06-29 21:20:34] - [477.00319926 463.06712341   2.78721619] 6.559560616811116
[2022-06-29 21:20:34] - evaluating...
[2022-06-29 21:20:34] - valid 7.256189, test 11.258778
[2022-06-29 21:20:34] - Epoch: 100
[2022-06-29 21:20:34] - training...
[2022-06-29 21:20:34] - [460.78542074 446.90733846   2.77561522] 6.361039002736409
[2022-06-29 21:20:34] - evaluating...
[2022-06-29 21:20:35] - valid 7.499724, test 10.721900
[2022-06-29 21:20:35] - Epoch: 101
[2022-06-29 21:20:35] - training...
[2022-06-29 21:20:35] - [423.90618896 409.94421387   2.79239337] 6.018160184224446
[2022-06-29 21:20:35] - evaluating...
[2022-06-29 21:20:35] - valid 7.726918, test 11.188946
[2022-06-29 21:20:35] - Epoch: 102
[2022-06-29 21:20:35] - training...
[2022-06-29 21:20:35] - [360.95051066 347.07299805   2.77550252] 5.220538139343262
[2022-06-29 21:20:35] - evaluating...
[2022-06-29 21:20:35] - valid 8.138819, test 11.218142
[2022-06-29 21:20:35] - Epoch: 103
[2022-06-29 21:20:35] - training...
[2022-06-29 21:20:36] - [328.84468587 314.94694519   2.77955008] 6.127018133799235
[2022-06-29 21:20:36] - evaluating...
[2022-06-29 21:20:36] - valid 8.704204, test 10.939515
[2022-06-29 21:20:36] - Epoch: 104
[2022-06-29 21:20:36] - training...
[2022-06-29 21:20:36] - [456.77927144 442.84538778   2.78677599] 6.255261580149333
[2022-06-29 21:20:36] - evaluating...
[2022-06-29 21:20:36] - valid 8.849142, test 10.914649
[2022-06-29 21:20:36] - Epoch: 105
[2022-06-29 21:20:36] - training...
[2022-06-29 21:20:37] - [284.71986898 270.79901632   2.7841715 ] 4.986281315485637
[2022-06-29 21:20:37] - evaluating...
[2022-06-29 21:20:37] - valid 8.277706, test 9.526382
[2022-06-29 21:20:37] - Epoch: 106
[2022-06-29 21:20:37] - training...
[2022-06-29 21:20:37] - [384.47544098 370.59484863   2.77611971] 5.114182869593303
[2022-06-29 21:20:37] - evaluating...
[2022-06-29 21:20:37] - valid 8.715782, test 10.372451
[2022-06-29 21:20:37] - Epoch: 107
[2022-06-29 21:20:37] - training...
[2022-06-29 21:20:38] - [614.0221049  600.14294434   2.77583257] 7.031768957773845
[2022-06-29 21:20:38] - evaluating...
[2022-06-29 21:20:38] - valid 8.633172, test 10.196521
[2022-06-29 21:20:38] - Epoch: 108
[2022-06-29 21:20:38] - training...
[2022-06-29 21:20:38] - [462.9554189  449.03703817   2.78367464] 5.7049360275268555
[2022-06-29 21:20:38] - evaluating...
[2022-06-29 21:20:38] - valid 9.472808, test 11.103701
[2022-06-29 21:20:38] - Epoch: 109
[2022-06-29 21:20:38] - training...
[2022-06-29 21:20:38] - [271.92452494 257.92507426   2.79989004] 4.244786262512207
[2022-06-29 21:20:38] - evaluating...
[2022-06-29 21:20:39] - valid 8.010850, test 11.422854
[2022-06-29 21:20:39] - Epoch: 110
[2022-06-29 21:20:39] - training...
[2022-06-29 21:20:39] - [470.37056478 456.45133464   2.78384495] 6.243684609731038
[2022-06-29 21:20:39] - evaluating...
[2022-06-29 21:20:39] - valid 7.500279, test 10.838706
[2022-06-29 21:20:39] - Epoch: 111
[2022-06-29 21:20:39] - training...
[2022-06-29 21:20:39] - [358.518514   344.57330322   2.78904319] 5.219550768534343
[2022-06-29 21:20:39] - evaluating...
[2022-06-29 21:20:39] - valid 6.988837, test 12.458549
[2022-06-29 21:20:39] - early stop
[2022-06-29 21:20:39] - best val score: 64.01585833231609 @ 71
[2022-06-29 21:20:39] - inference...
[2022-06-29 21:20:39] - MSE: train 32.125715, valid 64.015862, test 222.888397
[2022-06-29 21:20:39] - L1:  train 4.137450, valid 6.027507, test 10.488343
[2022-06-29 21:20:39] - RMSE: train 5.263893, valid 7.780208, test 13.413561
[2022-06-29 21:20:39] - Finished.
