[2022-06-29 17:44:43] - create model...
[2022-06-29 17:44:43] - Epoch: 0
[2022-06-29 17:44:43] - training...
[2022-06-29 17:44:43] - [2632.65842285 2632.65842285    0.        ] 13.201657009124755
[2022-06-29 17:44:43] - evaluating...
[2022-06-29 17:44:43] - valid 12.561894, test 26.162332
[2022-06-29 17:44:43] - Epoch: 1
[2022-06-29 17:44:43] - training...
[2022-06-29 17:44:43] - [1926.40993652 1926.40993652    0.        ] 12.768625736236572
[2022-06-29 17:44:43] - evaluating...
[2022-06-29 17:44:44] - valid 12.502195, test 26.100648
[2022-06-29 17:44:44] - Epoch: 2
[2022-06-29 17:44:44] - training...
[2022-06-29 17:44:44] - [2121.0619751 2121.0619751    0.       ] 11.438161849975586
[2022-06-29 17:44:44] - evaluating...
[2022-06-29 17:44:44] - valid 12.458035, test 26.058029
[2022-06-29 17:44:44] - Epoch: 3
[2022-06-29 17:44:44] - training...
[2022-06-29 17:44:44] - [1838.77468262 1838.77468262    0.        ] 12.826848793029786
[2022-06-29 17:44:44] - evaluating...
[2022-06-29 17:44:44] - valid 12.442770, test 26.041771
[2022-06-29 17:44:44] - Epoch: 4
[2022-06-29 17:44:44] - training...
[2022-06-29 17:44:44] - [2595.00825195 2595.00825195    0.        ] 11.273779106140136
[2022-06-29 17:44:44] - evaluating...
[2022-06-29 17:44:44] - valid 12.430276, test 26.021915
[2022-06-29 17:44:44] - Epoch: 5
[2022-06-29 17:44:44] - training...
[2022-06-29 17:44:44] - [2170.99172363 2170.99172363    0.        ] 12.635111427307129
[2022-06-29 17:44:44] - evaluating...
[2022-06-29 17:44:44] - valid 12.420538, test 26.007497
[2022-06-29 17:44:44] - Epoch: 6
[2022-06-29 17:44:44] - training...
[2022-06-29 17:44:44] - [2331.70932617 2331.70932617    0.        ] 12.532083320617676
[2022-06-29 17:44:44] - evaluating...
[2022-06-29 17:44:44] - valid 12.393736, test 26.006054
[2022-06-29 17:44:44] - Epoch: 7
[2022-06-29 17:44:44] - training...
[2022-06-29 17:44:44] - [1868.25019531 1868.25019531    0.        ] 12.885161781311036
[2022-06-29 17:44:44] - evaluating...
[2022-06-29 17:44:45] - valid 12.345614, test 26.002711
[2022-06-29 17:44:45] - Epoch: 8
[2022-06-29 17:44:45] - training...
[2022-06-29 17:44:45] - [1762.94179077 1762.94179077    0.        ] 11.84290075302124
[2022-06-29 17:44:45] - evaluating...
[2022-06-29 17:44:45] - valid 12.330811, test 25.977188
[2022-06-29 17:44:45] - Epoch: 9
[2022-06-29 17:44:45] - training...
[2022-06-29 17:44:45] - [1554.88742676 1554.88742676    0.        ] 13.010927295684814
[2022-06-29 17:44:45] - evaluating...
[2022-06-29 17:44:45] - valid 12.338889, test 25.900941
[2022-06-29 17:44:45] - Epoch: 10
[2022-06-29 17:44:45] - training...
[2022-06-29 17:44:45] - [1827.02070312 1827.02070312    0.        ] 12.818161344528198
[2022-06-29 17:44:45] - evaluating...
[2022-06-29 17:44:45] - valid 12.333458, test 25.814800
[2022-06-29 17:44:45] - Epoch: 11
[2022-06-29 17:44:45] - training...
[2022-06-29 17:44:45] - [2357.28151855 2357.28151855    0.        ] 13.157898139953613
[2022-06-29 17:44:45] - evaluating...
[2022-06-29 17:44:45] - valid 12.234203, test 25.714341
[2022-06-29 17:44:45] - Epoch: 12
[2022-06-29 17:44:45] - training...
[2022-06-29 17:44:45] - [1939.63242188 1939.63242188    0.        ] 13.314799880981445
[2022-06-29 17:44:45] - evaluating...
[2022-06-29 17:44:45] - valid 12.048838, test 25.391150
[2022-06-29 17:44:45] - Epoch: 13
[2022-06-29 17:44:45] - training...
[2022-06-29 17:44:45] - [2131.36796875 2131.36796875    0.        ] 12.89484076499939
[2022-06-29 17:44:45] - evaluating...
[2022-06-29 17:44:45] - valid 11.768842, test 24.967124
[2022-06-29 17:44:45] - Epoch: 14
[2022-06-29 17:44:45] - training...
[2022-06-29 17:44:45] - [2411.58974609 2411.58974609    0.        ] 12.985191440582275
[2022-06-29 17:44:45] - evaluating...
[2022-06-29 17:44:46] - valid 11.725846, test 24.583998
[2022-06-29 17:44:46] - Epoch: 15
[2022-06-29 17:44:46] - training...
[2022-06-29 17:44:46] - [1825.69664307 1825.69664307    0.        ] 12.780897331237792
[2022-06-29 17:44:46] - evaluating...
[2022-06-29 17:44:46] - valid 11.614269, test 24.273054
[2022-06-29 17:44:46] - Epoch: 16
[2022-06-29 17:44:46] - training...
[2022-06-29 17:44:46] - [1967.23449707 1967.23449707    0.        ] 12.941917991638183
[2022-06-29 17:44:46] - evaluating...
[2022-06-29 17:44:46] - valid 11.592756, test 23.942852
[2022-06-29 17:44:46] - Epoch: 17
[2022-06-29 17:44:46] - training...
[2022-06-29 17:44:46] - [2033.29838867 2033.29838867    0.        ] 11.423505353927613
[2022-06-29 17:44:46] - evaluating...
[2022-06-29 17:44:46] - valid 11.965835, test 23.893800
[2022-06-29 17:44:46] - Epoch: 18
[2022-06-29 17:44:46] - training...
[2022-06-29 17:44:46] - [1832.0064209 1832.0064209    0.       ] 13.059210395812988
[2022-06-29 17:44:46] - evaluating...
[2022-06-29 17:44:46] - valid 12.174375, test 23.870802
[2022-06-29 17:44:46] - Epoch: 19
[2022-06-29 17:44:46] - training...
[2022-06-29 17:44:46] - [1768.95310059 1768.95310059    0.        ] 11.227032089233399
[2022-06-29 17:44:46] - evaluating...
[2022-06-29 17:44:46] - valid 11.484098, test 23.195070
[2022-06-29 17:44:46] - Epoch: 20
[2022-06-29 17:44:46] - training...
[2022-06-29 17:44:46] - [1676.0157959 1676.0157959    0.       ] 11.675240421295166
[2022-06-29 17:44:46] - evaluating...
[2022-06-29 17:44:46] - valid 10.797531, test 22.855992
[2022-06-29 17:44:46] - Epoch: 21
[2022-06-29 17:44:46] - training...
[2022-06-29 17:44:46] - [1581.13790283 1581.13790283    0.        ] 12.18770227432251
[2022-06-29 17:44:46] - evaluating...
[2022-06-29 17:44:47] - valid 11.215554, test 22.928105
[2022-06-29 17:44:47] - Epoch: 22
[2022-06-29 17:44:47] - training...
[2022-06-29 17:44:47] - [1644.23186035 1644.23186035    0.        ] 12.2550763130188
[2022-06-29 17:44:47] - evaluating...
[2022-06-29 17:44:47] - valid 11.170722, test 22.984911
[2022-06-29 17:44:47] - Epoch: 23
[2022-06-29 17:44:47] - training...
[2022-06-29 17:44:47] - [1786.35046387 1786.35046387    0.        ] 12.136205577850342
[2022-06-29 17:44:47] - evaluating...
[2022-06-29 17:44:47] - valid 9.911313, test 21.629775
[2022-06-29 17:44:47] - Epoch: 24
[2022-06-29 17:44:47] - training...
[2022-06-29 17:44:47] - [1194.52041016 1194.52041016    0.        ] 11.54191722869873
[2022-06-29 17:44:47] - evaluating...
[2022-06-29 17:44:47] - valid 9.777945, test 21.515305
[2022-06-29 17:44:47] - Epoch: 25
[2022-06-29 17:44:47] - training...
[2022-06-29 17:44:47] - [2238.02880859 2238.02880859    0.        ] 12.353393745422363
[2022-06-29 17:44:47] - evaluating...
[2022-06-29 17:44:47] - valid 11.034953, test 22.726118
[2022-06-29 17:44:47] - Epoch: 26
[2022-06-29 17:44:47] - training...
[2022-06-29 17:44:47] - [2444.8598877 2444.8598877    0.       ] 11.846231651306152
[2022-06-29 17:44:47] - evaluating...
[2022-06-29 17:44:47] - valid 11.635112, test 22.750529
[2022-06-29 17:44:47] - Epoch: 27
[2022-06-29 17:44:47] - training...
[2022-06-29 17:44:47] - [1748.84904785 1748.84904785    0.        ] 12.67381763458252
[2022-06-29 17:44:47] - evaluating...
[2022-06-29 17:44:47] - valid 11.509927, test 22.582793
[2022-06-29 17:44:47] - Epoch: 28
[2022-06-29 17:44:47] - training...
[2022-06-29 17:44:47] - [2010.22441406 2010.22441406    0.        ] 11.956495571136475
[2022-06-29 17:44:47] - evaluating...
[2022-06-29 17:44:48] - valid 10.954320, test 21.838472
[2022-06-29 17:44:48] - Epoch: 29
[2022-06-29 17:44:48] - training...
[2022-06-29 17:44:48] - [2020.51740723 2020.51740723    0.        ] 12.607234716415405
[2022-06-29 17:44:48] - evaluating...
[2022-06-29 17:44:48] - valid 11.389128, test 22.033592
[2022-06-29 17:44:48] - Epoch: 30
[2022-06-29 17:44:48] - training...
[2022-06-29 17:44:48] - [2198.57844238 2198.57844238    0.        ] 12.240329241752624
[2022-06-29 17:44:48] - evaluating...
[2022-06-29 17:44:48] - valid 11.717685, test 22.337996
[2022-06-29 17:44:48] - Epoch: 31
[2022-06-29 17:44:48] - training...
[2022-06-29 17:44:48] - [2420.11069336 2420.11069336    0.        ] 12.220442771911621
[2022-06-29 17:44:48] - evaluating...
[2022-06-29 17:44:48] - valid 11.749322, test 22.470412
[2022-06-29 17:44:48] - Epoch: 32
[2022-06-29 17:44:48] - training...
[2022-06-29 17:44:48] - [1543.01760254 1543.01760254    0.        ] 11.252476787567138
[2022-06-29 17:44:48] - evaluating...
[2022-06-29 17:44:48] - valid 11.675019, test 22.692574
[2022-06-29 17:44:48] - Epoch: 33
[2022-06-29 17:44:48] - training...
[2022-06-29 17:44:48] - [2240.74223938 2240.74223938    0.        ] 12.470844149589539
[2022-06-29 17:44:48] - evaluating...
[2022-06-29 17:44:48] - valid 11.016294, test 22.206632
[2022-06-29 17:44:48] - Epoch: 34
[2022-06-29 17:44:48] - training...
[2022-06-29 17:44:48] - [2213.12595215 2213.12595215    0.        ] 12.022903633117675
[2022-06-29 17:44:48] - evaluating...
[2022-06-29 17:44:48] - valid 10.382298, test 21.604892
[2022-06-29 17:44:48] - Epoch: 35
[2022-06-29 17:44:48] - training...
[2022-06-29 17:44:48] - [2059.60947266 2059.60947266    0.        ] 10.992040061950684
[2022-06-29 17:44:48] - evaluating...
[2022-06-29 17:44:49] - valid 10.810936, test 21.249532
[2022-06-29 17:44:49] - Epoch: 36
[2022-06-29 17:44:49] - training...
[2022-06-29 17:44:49] - [1945.25203857 1945.25203857    0.        ] 12.412168312072755
[2022-06-29 17:44:49] - evaluating...
[2022-06-29 17:44:49] - valid 11.519568, test 21.924954
[2022-06-29 17:44:49] - Epoch: 37
[2022-06-29 17:44:49] - training...
[2022-06-29 17:44:49] - [2158.02075195 2158.02075195    0.        ] 11.21666088104248
[2022-06-29 17:44:49] - evaluating...
[2022-06-29 17:44:49] - valid 12.030057, test 22.890679
[2022-06-29 17:44:49] - Epoch: 38
[2022-06-29 17:44:49] - training...
[2022-06-29 17:44:49] - [1965.94256592 1965.94256592    0.        ] 11.27832260131836
[2022-06-29 17:44:49] - evaluating...
[2022-06-29 17:44:49] - valid 12.199421, test 23.430120
[2022-06-29 17:44:49] - Epoch: 39
[2022-06-29 17:44:49] - training...
[2022-06-29 17:44:49] - [1765.5026123 1765.5026123    0.       ] 11.857624816894532
[2022-06-29 17:44:49] - evaluating...
[2022-06-29 17:44:49] - valid 11.930136, test 22.359593
[2022-06-29 17:44:49] - Epoch: 40
[2022-06-29 17:44:49] - training...
[2022-06-29 17:44:49] - [1607.30339355 1607.30339355    0.        ] 12.010350036621094
[2022-06-29 17:44:49] - evaluating...
[2022-06-29 17:44:49] - valid 11.589580, test 21.900616
[2022-06-29 17:44:49] - Epoch: 41
[2022-06-29 17:44:49] - training...
[2022-06-29 17:44:49] - [1698.71768799 1698.71768799    0.        ] 12.215165424346925
[2022-06-29 17:44:49] - evaluating...
[2022-06-29 17:44:49] - valid 11.052610, test 21.532476
[2022-06-29 17:44:49] - Epoch: 42
[2022-06-29 17:44:49] - training...
[2022-06-29 17:44:50] - [1630.03466187 1630.03466187    0.        ] 12.000278949737549
[2022-06-29 17:44:50] - evaluating...
[2022-06-29 17:44:50] - valid 10.644758, test 20.896816
[2022-06-29 17:44:50] - Epoch: 43
[2022-06-29 17:44:50] - training...
[2022-06-29 17:44:50] - [1448.44682617 1448.44682617    0.        ] 11.190686655044555
[2022-06-29 17:44:50] - evaluating...
[2022-06-29 17:44:50] - valid 11.530561, test 22.078996
[2022-06-29 17:44:50] - Epoch: 44
[2022-06-29 17:44:50] - training...
[2022-06-29 17:44:50] - [2247.41308594 2247.41308594    0.        ] 11.473609209060669
[2022-06-29 17:44:50] - evaluating...
[2022-06-29 17:44:50] - valid 11.793844, test 22.402521
[2022-06-29 17:44:50] - Epoch: 45
[2022-06-29 17:44:50] - training...
[2022-06-29 17:44:50] - [1459.26290283 1459.26290283    0.        ] 11.859559154510498
[2022-06-29 17:44:50] - evaluating...
[2022-06-29 17:44:50] - valid 12.005589, test 22.880331
[2022-06-29 17:44:50] - Epoch: 46
[2022-06-29 17:44:50] - training...
[2022-06-29 17:44:50] - [2887.89072266 2887.89072266    0.        ] 11.974215769767762
[2022-06-29 17:44:50] - evaluating...
[2022-06-29 17:44:50] - valid 12.022537, test 22.818611
[2022-06-29 17:44:50] - Epoch: 47
[2022-06-29 17:44:50] - training...
[2022-06-29 17:44:50] - [1571.99741211 1571.99741211    0.        ] 11.965092754364013
[2022-06-29 17:44:50] - evaluating...
[2022-06-29 17:44:50] - valid 11.925901, test 22.812015
[2022-06-29 17:44:50] - Epoch: 48
[2022-06-29 17:44:50] - training...
[2022-06-29 17:44:50] - [2100.24887695 2100.24887695    0.        ] 11.591344928741455
[2022-06-29 17:44:50] - evaluating...
[2022-06-29 17:44:50] - valid 10.954332, test 21.482170
[2022-06-29 17:44:50] - Epoch: 49
[2022-06-29 17:44:50] - training...
[2022-06-29 17:44:51] - [1972.51401367 1972.51401367    0.        ] 10.483905935287476
[2022-06-29 17:44:51] - evaluating...
[2022-06-29 17:44:51] - valid 10.113899, test 19.551394
[2022-06-29 17:44:51] - Epoch: 50
[2022-06-29 17:44:51] - training...
[2022-06-29 17:44:51] - [1885.14871826 1885.14871826    0.        ] 11.043497085571289
[2022-06-29 17:44:51] - evaluating...
[2022-06-29 17:44:51] - valid 10.740411, test 20.253757
[2022-06-29 17:44:51] - Epoch: 51
[2022-06-29 17:44:51] - training...
[2022-06-29 17:44:51] - [1918.85153809 1918.85153809    0.        ] 12.328031921386719
[2022-06-29 17:44:51] - evaluating...
[2022-06-29 17:44:51] - valid 10.862729, test 20.193961
[2022-06-29 17:44:51] - Epoch: 52
[2022-06-29 17:44:51] - training...
[2022-06-29 17:44:51] - [1837.40600586 1837.40600586    0.        ] 11.601154613494874
[2022-06-29 17:44:51] - evaluating...
[2022-06-29 17:44:51] - valid 10.182177, test 19.406047
[2022-06-29 17:44:51] - Epoch: 53
[2022-06-29 17:44:51] - training...
[2022-06-29 17:44:51] - [1649.48387451 1649.48387451    0.        ] 12.073954963684082
[2022-06-29 17:44:51] - evaluating...
[2022-06-29 17:44:51] - valid 11.124400, test 20.100331
[2022-06-29 17:44:51] - Epoch: 54
[2022-06-29 17:44:51] - training...
[2022-06-29 17:44:51] - [958.99849854 958.99849854   0.        ] 11.636314487457275
[2022-06-29 17:44:51] - evaluating...
[2022-06-29 17:44:51] - valid 11.196989, test 20.391318
[2022-06-29 17:44:51] - Epoch: 55
[2022-06-29 17:44:51] - training...
[2022-06-29 17:44:51] - [2138.83638916 2138.83638916    0.        ] 11.635046577453613
[2022-06-29 17:44:51] - evaluating...
[2022-06-29 17:44:51] - valid 11.504894, test 21.432154
[2022-06-29 17:44:51] - Epoch: 56
[2022-06-29 17:44:51] - training...
[2022-06-29 17:44:52] - [1505.0736084 1505.0736084    0.       ] 10.429575061798095
[2022-06-29 17:44:52] - evaluating...
[2022-06-29 17:44:52] - valid 10.412075, test 20.426164
[2022-06-29 17:44:52] - Epoch: 57
[2022-06-29 17:44:52] - training...
[2022-06-29 17:44:52] - [1563.91594315 1563.91594315    0.        ] 11.878387260437012
[2022-06-29 17:44:52] - evaluating...
[2022-06-29 17:44:52] - valid 10.456054, test 20.433169
[2022-06-29 17:44:52] - Epoch: 58
[2022-06-29 17:44:52] - training...
[2022-06-29 17:44:52] - [1649.51722412 1649.51722412    0.        ] 11.478013134002685
[2022-06-29 17:44:52] - evaluating...
[2022-06-29 17:44:52] - valid 11.773953, test 21.665326
[2022-06-29 17:44:52] - Epoch: 59
[2022-06-29 17:44:52] - training...
[2022-06-29 17:44:52] - [2274.01005859 2274.01005859    0.        ] 12.293354606628418
[2022-06-29 17:44:52] - evaluating...
[2022-06-29 17:44:52] - valid 12.019916, test 22.027028
[2022-06-29 17:44:52] - Epoch: 60
[2022-06-29 17:44:52] - training...
[2022-06-29 17:44:52] - [1773.37254639 1773.37254639    0.        ] 11.558454895019532
[2022-06-29 17:44:52] - evaluating...
[2022-06-29 17:44:52] - valid 11.645240, test 20.905816
[2022-06-29 17:44:52] - Epoch: 61
[2022-06-29 17:44:52] - training...
[2022-06-29 17:44:52] - [1334.73615723 1334.73615723    0.        ] 11.372747993469238
[2022-06-29 17:44:52] - evaluating...
[2022-06-29 17:44:52] - valid 11.545269, test 20.586337
[2022-06-29 17:44:52] - Epoch: 62
[2022-06-29 17:44:52] - training...
[2022-06-29 17:44:52] - [1723.94822998 1723.94822998    0.        ] 11.62880072593689
[2022-06-29 17:44:52] - evaluating...
[2022-06-29 17:44:53] - valid 11.489116, test 20.253104
[2022-06-29 17:44:53] - Epoch: 63
[2022-06-29 17:44:53] - training...
[2022-06-29 17:44:53] - [1960.71791992 1960.71791992    0.        ] 11.971529674530029
[2022-06-29 17:44:53] - evaluating...
[2022-06-29 17:44:53] - valid 11.370733, test 20.313154
[2022-06-29 17:44:53] - Epoch: 64
[2022-06-29 17:44:53] - training...
[2022-06-29 17:44:53] - [1143.69697876 1143.69697876    0.        ] 11.351348972320556
[2022-06-29 17:44:53] - evaluating...
[2022-06-29 17:44:53] - valid 10.423273, test 19.123698
[2022-06-29 17:44:53] - early stop
[2022-06-29 17:44:53] - best val score: 136.43651123046874 @ 24
[2022-06-29 17:44:53] - inference...
