[2022-05-09 21:43:38] - create model...
[2022-05-09 21:43:38] - Epoch: 0
[2022-05-09 21:43:38] - training...
[2022-05-09 21:43:39] - [0.02192897 0.02192897 0.        ] 0.06322522647678852
[2022-05-09 21:43:39] - evaluating...
[2022-05-09 21:43:39] - valid 0.052971, test 0.111567
[2022-05-09 21:43:39] - Epoch: 1
[2022-05-09 21:43:39] - training...
[2022-05-09 21:43:39] - [0.0142956 0.0142956 0.       ] 0.04680405557155609
[2022-05-09 21:43:39] - evaluating...
[2022-05-09 21:43:39] - valid 0.051486, test 0.112358
[2022-05-09 21:43:39] - Epoch: 2
[2022-05-09 21:43:39] - training...
[2022-05-09 21:43:39] - [0.00968294 0.00968294 0.        ] 0.04234342028697332
[2022-05-09 21:43:39] - evaluating...
[2022-05-09 21:43:39] - valid 0.054537, test 0.111222
[2022-05-09 21:43:39] - Epoch: 3
[2022-05-09 21:43:39] - training...
[2022-05-09 21:43:39] - [0.00870045 0.00870045 0.        ] 0.04019925898561875
[2022-05-09 21:43:39] - evaluating...
[2022-05-09 21:43:39] - valid 0.060958, test 0.111939
[2022-05-09 21:43:39] - Epoch: 4
[2022-05-09 21:43:39] - training...
[2022-05-09 21:43:39] - [0.0055097 0.0055097 0.       ] 0.03396834588299195
[2022-05-09 21:43:39] - evaluating...
[2022-05-09 21:43:39] - valid 0.058757, test 0.112518
[2022-05-09 21:43:39] - Epoch: 5
[2022-05-09 21:43:39] - training...
[2022-05-09 21:43:39] - [0.00554551 0.00554551 0.        ] 0.034106168895959854
[2022-05-09 21:43:39] - evaluating...
[2022-05-09 21:43:39] - valid 0.056242, test 0.109617
[2022-05-09 21:43:39] - Epoch: 6
[2022-05-09 21:43:39] - training...
[2022-05-09 21:43:39] - [0.00510305 0.00510305 0.        ] 0.027682565463085968
[2022-05-09 21:43:39] - evaluating...
[2022-05-09 21:43:39] - valid 0.057717, test 0.109925
[2022-05-09 21:43:39] - Epoch: 7
[2022-05-09 21:43:39] - training...
[2022-05-09 21:43:39] - [0.00571316 0.00571316 0.        ] 0.03160153174151977
[2022-05-09 21:43:39] - evaluating...
[2022-05-09 21:43:40] - valid 0.054146, test 0.109360
[2022-05-09 21:43:40] - Epoch: 8
[2022-05-09 21:43:40] - training...
[2022-05-09 21:43:40] - [0.00592744 0.00592744 0.        ] 0.03071584552526474
[2022-05-09 21:43:40] - evaluating...
[2022-05-09 21:43:40] - valid 0.050150, test 0.104706
[2022-05-09 21:43:40] - Epoch: 9
[2022-05-09 21:43:40] - training...
[2022-05-09 21:43:40] - [0.0050457 0.0050457 0.       ] 0.02979533157000939
[2022-05-09 21:43:40] - evaluating...
[2022-05-09 21:43:40] - valid 0.048072, test 0.105143
[2022-05-09 21:43:40] - Epoch: 10
[2022-05-09 21:43:40] - training...
[2022-05-09 21:43:40] - [0.00530117 0.00530117 0.        ] 0.030355221591889858
[2022-05-09 21:43:40] - evaluating...
[2022-05-09 21:43:40] - valid 0.044043, test 0.097863
[2022-05-09 21:43:40] - Epoch: 11
[2022-05-09 21:43:40] - training...
[2022-05-09 21:43:40] - [0.00549371 0.00549371 0.        ] 0.032347772270441055
[2022-05-09 21:43:40] - evaluating...
[2022-05-09 21:43:40] - valid 0.049530, test 0.103394
[2022-05-09 21:43:40] - Epoch: 12
[2022-05-09 21:43:40] - training...
[2022-05-09 21:43:40] - [0.00500822 0.00500822 0.        ] 0.028745393579204876
[2022-05-09 21:43:40] - evaluating...
[2022-05-09 21:43:40] - valid 0.066680, test 0.114584
[2022-05-09 21:43:40] - Epoch: 13
[2022-05-09 21:43:40] - training...
[2022-05-09 21:43:40] - [0.00385742 0.00385742 0.        ] 0.02543094598998626
[2022-05-09 21:43:40] - evaluating...
[2022-05-09 21:43:40] - valid 0.057194, test 0.110257
[2022-05-09 21:43:40] - Epoch: 14
[2022-05-09 21:43:40] - training...
[2022-05-09 21:43:40] - [0.0043755 0.0043755 0.       ] 0.02741557949533065
[2022-05-09 21:43:40] - evaluating...
[2022-05-09 21:43:40] - valid 0.122931, test 0.165521
[2022-05-09 21:43:40] - Epoch: 15
[2022-05-09 21:43:40] - training...
[2022-05-09 21:43:40] - [0.00440369 0.00440369 0.        ] 0.029511557271083195
[2022-05-09 21:43:40] - evaluating...
[2022-05-09 21:43:41] - valid 0.039889, test 0.076566
[2022-05-09 21:43:41] - Epoch: 16
[2022-05-09 21:43:41] - training...
[2022-05-09 21:43:41] - [0.00370058 0.00370058 0.        ] 0.02491889987140894
[2022-05-09 21:43:41] - evaluating...
[2022-05-09 21:43:41] - valid 0.071066, test 0.090287
[2022-05-09 21:43:41] - Epoch: 17
[2022-05-09 21:43:41] - training...
[2022-05-09 21:43:41] - [0.0039992 0.0039992 0.       ] 0.02848430039982001
[2022-05-09 21:43:41] - evaluating...
[2022-05-09 21:43:41] - valid 0.041498, test 0.052390
[2022-05-09 21:43:41] - Epoch: 18
[2022-05-09 21:43:41] - training...
[2022-05-09 21:43:41] - [0.0037456 0.0037456 0.       ] 0.028496937205394108
[2022-05-09 21:43:41] - evaluating...
[2022-05-09 21:43:41] - valid 0.057384, test 0.069260
[2022-05-09 21:43:41] - Epoch: 19
[2022-05-09 21:43:41] - training...
[2022-05-09 21:43:41] - [0.00286772 0.00286772 0.        ] 0.024048267863690853
[2022-05-09 21:43:41] - evaluating...
[2022-05-09 21:43:41] - valid 0.121542, test 0.126533
[2022-05-09 21:43:41] - Epoch: 20
[2022-05-09 21:43:41] - training...
[2022-05-09 21:43:41] - [0.00301415 0.00301415 0.        ] 0.021706664003431797
[2022-05-09 21:43:41] - evaluating...
[2022-05-09 21:43:41] - valid 0.164535, test 0.157314
[2022-05-09 21:43:41] - Epoch: 21
[2022-05-09 21:43:41] - training...
[2022-05-09 21:43:41] - [0.00385118 0.00385118 0.        ] 0.02530887567748626
[2022-05-09 21:43:41] - evaluating...
[2022-05-09 21:43:41] - valid 0.143906, test 0.143255
[2022-05-09 21:43:41] - Epoch: 22
[2022-05-09 21:43:41] - training...
[2022-05-09 21:43:41] - [0.00311571 0.00311571 0.        ] 0.025265121832489967
[2022-05-09 21:43:41] - evaluating...
[2022-05-09 21:43:41] - valid 0.056535, test 0.061622
[2022-05-09 21:43:41] - Epoch: 23
[2022-05-09 21:43:41] - training...
[2022-05-09 21:43:41] - [0.00318575 0.00318575 0.        ] 0.025795698476334412
[2022-05-09 21:43:41] - evaluating...
[2022-05-09 21:43:41] - valid 0.147931, test 0.145496
[2022-05-09 21:43:41] - Epoch: 24
[2022-05-09 21:43:41] - training...
[2022-05-09 21:43:42] - [0.00411924 0.00411924 0.        ] 0.02702912874519825
[2022-05-09 21:43:42] - evaluating...
[2022-05-09 21:43:42] - valid 0.022046, test 0.029451
[2022-05-09 21:43:42] - Epoch: 25
[2022-05-09 21:43:42] - training...
[2022-05-09 21:43:42] - [0.0035024 0.0035024 0.       ] 0.026892041477064293
[2022-05-09 21:43:42] - evaluating...
[2022-05-09 21:43:42] - valid 0.120751, test 0.109573
[2022-05-09 21:43:42] - Epoch: 26
[2022-05-09 21:43:42] - training...
[2022-05-09 21:43:42] - [0.00288713 0.00288713 0.        ] 0.023290037798384827
[2022-05-09 21:43:42] - evaluating...
[2022-05-09 21:43:42] - valid 0.101854, test 0.113001
[2022-05-09 21:43:42] - Epoch: 27
[2022-05-09 21:43:42] - training...
[2022-05-09 21:43:42] - [0.0034984 0.0034984 0.       ] 0.025939809158444405
[2022-05-09 21:43:42] - evaluating...
[2022-05-09 21:43:42] - valid 0.127739, test 0.127880
[2022-05-09 21:43:42] - Epoch: 28
[2022-05-09 21:43:42] - training...
[2022-05-09 21:43:42] - [0.00364781 0.00364781 0.        ] 0.024574793099115293
[2022-05-09 21:43:42] - evaluating...
[2022-05-09 21:43:42] - valid 0.019065, test 0.030830
[2022-05-09 21:43:42] - Epoch: 29
[2022-05-09 21:43:42] - training...
[2022-05-09 21:43:42] - [0.00238236 0.00238236 0.        ] 0.021278748909632366
[2022-05-09 21:43:42] - evaluating...
[2022-05-09 21:43:42] - valid 0.016994, test 0.022852
[2022-05-09 21:43:42] - Epoch: 30
[2022-05-09 21:43:42] - training...
[2022-05-09 21:43:42] - [0.00277924 0.00277924 0.        ] 0.021706492950518925
[2022-05-09 21:43:42] - evaluating...
[2022-05-09 21:43:42] - valid 0.094728, test 0.099256
[2022-05-09 21:43:42] - Epoch: 31
[2022-05-09 21:43:42] - training...
[2022-05-09 21:43:42] - [0.00292663 0.00292663 0.        ] 0.025012133332590263
[2022-05-09 21:43:42] - evaluating...
[2022-05-09 21:43:42] - valid 0.021287, test 0.031824
[2022-05-09 21:43:42] - Epoch: 32
[2022-05-09 21:43:42] - training...
[2022-05-09 21:43:43] - [0.00389581 0.00389581 0.        ] 0.028862479763726395
[2022-05-09 21:43:43] - evaluating...
[2022-05-09 21:43:43] - valid 0.091108, test 0.085325
[2022-05-09 21:43:43] - Epoch: 33
[2022-05-09 21:43:43] - training...
[2022-05-09 21:43:43] - [0.00387595 0.00387595 0.        ] 0.027544522037108738
[2022-05-09 21:43:43] - evaluating...
[2022-05-09 21:43:43] - valid 0.253819, test 0.236839
[2022-05-09 21:43:43] - Epoch: 34
[2022-05-09 21:43:43] - training...
[2022-05-09 21:43:43] - [0.00267801 0.00267801 0.        ] 0.02414151622603337
[2022-05-09 21:43:43] - evaluating...
[2022-05-09 21:43:43] - valid 0.069407, test 0.069576
[2022-05-09 21:43:43] - Epoch: 35
[2022-05-09 21:43:43] - training...
[2022-05-09 21:43:43] - [0.00330863 0.00330863 0.        ] 0.02684787940233946
[2022-05-09 21:43:43] - evaluating...
[2022-05-09 21:43:43] - valid 0.305609, test 0.282065
[2022-05-09 21:43:43] - Epoch: 36
[2022-05-09 21:43:43] - training...
[2022-05-09 21:43:43] - [0.00296404 0.00296404 0.        ] 0.02420497064789136
[2022-05-09 21:43:43] - evaluating...
[2022-05-09 21:43:43] - valid 0.184378, test 0.162983
[2022-05-09 21:43:43] - Epoch: 37
[2022-05-09 21:43:43] - training...
[2022-05-09 21:43:43] - [0.00353184 0.00353184 0.        ] 0.025956941147645313
[2022-05-09 21:43:43] - evaluating...
[2022-05-09 21:43:43] - valid 0.100900, test 0.093375
[2022-05-09 21:43:43] - Epoch: 38
[2022-05-09 21:43:43] - training...
[2022-05-09 21:43:43] - [0.00282007 0.00282007 0.        ] 0.024824103340506554
[2022-05-09 21:43:43] - evaluating...
[2022-05-09 21:43:43] - valid 0.012432, test 0.015479
[2022-05-09 21:43:43] - Epoch: 39
[2022-05-09 21:43:43] - training...
[2022-05-09 21:43:43] - [0.00314247 0.00314247 0.        ] 0.02405643245826165
[2022-05-09 21:43:43] - evaluating...
[2022-05-09 21:43:43] - valid 0.061334, test 0.057055
[2022-05-09 21:43:43] - Epoch: 40
[2022-05-09 21:43:43] - training...
[2022-05-09 21:43:43] - [0.00323521 0.00323521 0.        ] 0.023694156669080257
[2022-05-09 21:43:43] - evaluating...
[2022-05-09 21:43:44] - valid 0.082957, test 0.079270
[2022-05-09 21:43:44] - Epoch: 41
[2022-05-09 21:43:44] - training...
[2022-05-09 21:43:44] - [0.00244387 0.00244387 0.        ] 0.02306295372545719
[2022-05-09 21:43:44] - evaluating...
[2022-05-09 21:43:44] - valid 0.030075, test 0.053080
[2022-05-09 21:43:44] - Epoch: 42
[2022-05-09 21:43:44] - training...
[2022-05-09 21:43:44] - [0.00285328 0.00285328 0.        ] 0.02435261228432258
[2022-05-09 21:43:44] - evaluating...
[2022-05-09 21:43:44] - valid 0.020308, test 0.025115
[2022-05-09 21:43:44] - Epoch: 43
[2022-05-09 21:43:44] - training...
[2022-05-09 21:43:44] - [0.00214427 0.00214427 0.        ] 0.020847038365900517
[2022-05-09 21:43:44] - evaluating...
[2022-05-09 21:43:44] - valid 0.102489, test 0.119215
[2022-05-09 21:43:44] - Epoch: 44
[2022-05-09 21:43:44] - training...
[2022-05-09 21:43:44] - [0.002562 0.002562 0.      ] 0.023050964809954166
[2022-05-09 21:43:44] - evaluating...
[2022-05-09 21:43:44] - valid 0.037985, test 0.046312
[2022-05-09 21:43:44] - Epoch: 45
[2022-05-09 21:43:44] - training...
[2022-05-09 21:43:44] - [0.00289087 0.00289087 0.        ] 0.023315108691652615
[2022-05-09 21:43:44] - evaluating...
[2022-05-09 21:43:44] - valid 0.156211, test 0.134837
[2022-05-09 21:43:44] - Epoch: 46
[2022-05-09 21:43:44] - training...
[2022-05-09 21:43:44] - [0.00341495 0.00341495 0.        ] 0.026257922562460106
[2022-05-09 21:43:44] - evaluating...
[2022-05-09 21:43:44] - valid 0.155356, test 0.147000
[2022-05-09 21:43:44] - Epoch: 47
[2022-05-09 21:43:44] - training...
[2022-05-09 21:43:44] - [0.00279172 0.00279172 0.        ] 0.02286369198312362
[2022-05-09 21:43:44] - evaluating...
[2022-05-09 21:43:44] - valid 0.086958, test 0.071897
[2022-05-09 21:43:44] - Epoch: 48
[2022-05-09 21:43:44] - training...
[2022-05-09 21:43:44] - [0.0034072 0.0034072 0.       ] 0.028486014033357304
[2022-05-09 21:43:44] - evaluating...
[2022-05-09 21:43:45] - valid 0.022197, test 0.024200
[2022-05-09 21:43:45] - Epoch: 49
[2022-05-09 21:43:45] - training...
[2022-05-09 21:43:45] - [0.00259816 0.00259816 0.        ] 0.020346923731267452
[2022-05-09 21:43:45] - evaluating...
[2022-05-09 21:43:45] - valid 0.146536, test 0.168089
[2022-05-09 21:43:45] - Epoch: 50
[2022-05-09 21:43:45] - training...
[2022-05-09 21:43:45] - [0.00201567 0.00201567 0.        ] 0.02024984546005726
[2022-05-09 21:43:45] - evaluating...
[2022-05-09 21:43:45] - valid 0.208582, test 0.218585
[2022-05-09 21:43:45] - Epoch: 51
[2022-05-09 21:43:45] - training...
[2022-05-09 21:43:45] - [0.00265773 0.00265773 0.        ] 0.02288003669430812
[2022-05-09 21:43:45] - evaluating...
[2022-05-09 21:43:45] - valid 0.083909, test 0.090398
[2022-05-09 21:43:45] - Epoch: 52
[2022-05-09 21:43:45] - training...
[2022-05-09 21:43:45] - [0.00283631 0.00283631 0.        ] 0.021991826593875885
[2022-05-09 21:43:45] - evaluating...
[2022-05-09 21:43:45] - valid 0.104018, test 0.099738
[2022-05-09 21:43:45] - Epoch: 53
[2022-05-09 21:43:45] - training...
[2022-05-09 21:43:45] - [0.0028158 0.0028158 0.       ] 0.02108005667105317
[2022-05-09 21:43:45] - evaluating...
[2022-05-09 21:43:45] - valid 0.048767, test 0.064394
[2022-05-09 21:43:45] - Epoch: 54
[2022-05-09 21:43:45] - training...
[2022-05-09 21:43:45] - [0.00330878 0.00330878 0.        ] 0.02373727224767208
[2022-05-09 21:43:45] - evaluating...
[2022-05-09 21:43:45] - valid 0.011700, test 0.013292
[2022-05-09 21:43:45] - Epoch: 55
[2022-05-09 21:43:45] - training...
[2022-05-09 21:43:45] - [0.00309174 0.00309174 0.        ] 0.025540318340063095
[2022-05-09 21:43:45] - evaluating...
[2022-05-09 21:43:45] - valid 0.151562, test 0.151948
[2022-05-09 21:43:45] - Epoch: 56
[2022-05-09 21:43:45] - training...
[2022-05-09 21:43:45] - [0.00324456 0.00324456 0.        ] 0.02373171815027793
[2022-05-09 21:43:45] - evaluating...
[2022-05-09 21:43:45] - valid 0.193166, test 0.226986
[2022-05-09 21:43:45] - Epoch: 57
[2022-05-09 21:43:45] - training...
[2022-05-09 21:43:46] - [0.00267698 0.00267698 0.        ] 0.024549806645760935
[2022-05-09 21:43:46] - evaluating...
[2022-05-09 21:43:46] - valid 0.421916, test 0.427146
[2022-05-09 21:43:46] - Epoch: 58
[2022-05-09 21:43:46] - training...
[2022-05-09 21:43:46] - [0.00288761 0.00288761 0.        ] 0.02436624529461066
[2022-05-09 21:43:46] - evaluating...
[2022-05-09 21:43:46] - valid 0.111472, test 0.112627
[2022-05-09 21:43:46] - Epoch: 59
[2022-05-09 21:43:46] - training...
[2022-05-09 21:43:46] - [0.00236582 0.00236582 0.        ] 0.022803992964327335
[2022-05-09 21:43:46] - evaluating...
[2022-05-09 21:43:46] - valid 0.072686, test 0.079094
[2022-05-09 21:43:46] - Epoch: 60
[2022-05-09 21:43:46] - training...
[2022-05-09 21:43:46] - [0.00233607 0.00233607 0.        ] 0.019931217500319082
[2022-05-09 21:43:46] - evaluating...
[2022-05-09 21:43:46] - valid 0.205129, test 0.209222
[2022-05-09 21:43:46] - Epoch: 61
[2022-05-09 21:43:46] - training...
[2022-05-09 21:43:46] - [0.00278382 0.00278382 0.        ] 0.02149177249521017
[2022-05-09 21:43:46] - evaluating...
[2022-05-09 21:43:46] - valid 0.188494, test 0.187540
[2022-05-09 21:43:46] - Epoch: 62
[2022-05-09 21:43:46] - training...
[2022-05-09 21:43:46] - [0.00251229 0.00251229 0.        ] 0.023334477407236893
[2022-05-09 21:43:46] - evaluating...
[2022-05-09 21:43:46] - valid 0.095345, test 0.082588
[2022-05-09 21:43:46] - Epoch: 63
[2022-05-09 21:43:46] - training...
[2022-05-09 21:43:46] - [0.00293275 0.00293275 0.        ] 0.0243281414732337
[2022-05-09 21:43:46] - evaluating...
[2022-05-09 21:43:46] - valid 0.051742, test 0.048622
[2022-05-09 21:43:46] - Epoch: 64
[2022-05-09 21:43:46] - training...
[2022-05-09 21:43:46] - [0.00278241 0.00278241 0.        ] 0.021710552430401247
[2022-05-09 21:43:46] - evaluating...
[2022-05-09 21:43:46] - valid 0.070111, test 0.067596
[2022-05-09 21:43:46] - Epoch: 65
[2022-05-09 21:43:46] - training...
[2022-05-09 21:43:46] - [0.00267148 0.00267148 0.        ] 0.024588129793604214
[2022-05-09 21:43:46] - evaluating...
[2022-05-09 21:43:47] - valid 0.070373, test 0.076102
[2022-05-09 21:43:47] - Epoch: 66
[2022-05-09 21:43:47] - training...
[2022-05-09 21:43:47] - [0.00294038 0.00294038 0.        ] 0.024547073990106583
[2022-05-09 21:43:47] - evaluating...
[2022-05-09 21:43:47] - valid 0.036042, test 0.036578
[2022-05-09 21:43:47] - Epoch: 67
[2022-05-09 21:43:47] - training...
[2022-05-09 21:43:47] - [0.00272188 0.00272188 0.        ] 0.02048255472133557
[2022-05-09 21:43:47] - evaluating...
[2022-05-09 21:43:47] - valid 0.075718, test 0.082318
[2022-05-09 21:43:47] - Epoch: 68
[2022-05-09 21:43:47] - training...
[2022-05-09 21:43:47] - [0.00226941 0.00226941 0.        ] 0.023509124914805096
[2022-05-09 21:43:47] - evaluating...
[2022-05-09 21:43:47] - valid 0.021779, test 0.022449
[2022-05-09 21:43:47] - Epoch: 69
[2022-05-09 21:43:47] - training...
[2022-05-09 21:43:47] - [0.0023388 0.0023388 0.       ] 0.023033262230455875
[2022-05-09 21:43:47] - evaluating...
[2022-05-09 21:43:47] - valid 0.144854, test 0.153152
[2022-05-09 21:43:47] - Epoch: 70
[2022-05-09 21:43:47] - training...
[2022-05-09 21:43:47] - [0.00255729 0.00255729 0.        ] 0.021061325600991648
[2022-05-09 21:43:47] - evaluating...
[2022-05-09 21:43:47] - valid 0.020319, test 0.036981
[2022-05-09 21:43:47] - Epoch: 71
[2022-05-09 21:43:47] - training...
[2022-05-09 21:43:47] - [0.00274219 0.00274219 0.        ] 0.021768406343956787
[2022-05-09 21:43:47] - evaluating...
[2022-05-09 21:43:47] - valid 0.188433, test 0.178765
[2022-05-09 21:43:47] - Epoch: 72
[2022-05-09 21:43:47] - training...
[2022-05-09 21:43:47] - [0.00303999 0.00303999 0.        ] 0.02616116249312957
[2022-05-09 21:43:47] - evaluating...
[2022-05-09 21:43:47] - valid 0.284659, test 0.263193
[2022-05-09 21:43:47] - Epoch: 73
[2022-05-09 21:43:47] - training...
[2022-05-09 21:43:47] - [0.00287467 0.00287467 0.        ] 0.02390571280072133
[2022-05-09 21:43:47] - evaluating...
[2022-05-09 21:43:47] - valid 0.097160, test 0.110446
[2022-05-09 21:43:47] - Epoch: 74
[2022-05-09 21:43:47] - training...
[2022-05-09 21:43:48] - [0.00268182 0.00268182 0.        ] 0.022323120540628832
[2022-05-09 21:43:48] - evaluating...
[2022-05-09 21:43:48] - valid 0.224770, test 0.245559
[2022-05-09 21:43:48] - Epoch: 75
[2022-05-09 21:43:48] - training...
[2022-05-09 21:43:48] - [0.00229715 0.00229715 0.        ] 0.021774866618216038
[2022-05-09 21:43:48] - evaluating...
[2022-05-09 21:43:48] - valid 0.044589, test 0.064850
[2022-05-09 21:43:48] - Epoch: 76
[2022-05-09 21:43:48] - training...
[2022-05-09 21:43:48] - [0.00301715 0.00301715 0.        ] 0.02566609779993693
[2022-05-09 21:43:48] - evaluating...
[2022-05-09 21:43:48] - valid 0.083208, test 0.102697
[2022-05-09 21:43:48] - Epoch: 77
[2022-05-09 21:43:48] - training...
[2022-05-09 21:43:48] - [0.00290541 0.00290541 0.        ] 0.024087556016941864
[2022-05-09 21:43:48] - evaluating...
[2022-05-09 21:43:48] - valid 0.081254, test 0.071395
[2022-05-09 21:43:48] - Epoch: 78
[2022-05-09 21:43:48] - training...
[2022-05-09 21:43:48] - [0.0023377 0.0023377 0.       ] 0.019818918003390234
[2022-05-09 21:43:48] - evaluating...
[2022-05-09 21:43:48] - valid 0.026133, test 0.047129
[2022-05-09 21:43:48] - Epoch: 79
[2022-05-09 21:43:48] - training...
[2022-05-09 21:43:48] - [0.0025687 0.0025687 0.       ] 0.020246924522022407
[2022-05-09 21:43:48] - evaluating...
[2022-05-09 21:43:48] - valid 0.250487, test 0.260461
[2022-05-09 21:43:48] - Epoch: 80
[2022-05-09 21:43:48] - training...
[2022-05-09 21:43:48] - [0.0031094 0.0031094 0.       ] 0.02320363124211629
[2022-05-09 21:43:48] - evaluating...
[2022-05-09 21:43:48] - valid 0.101705, test 0.122569
[2022-05-09 21:43:48] - Epoch: 81
[2022-05-09 21:43:48] - training...
[2022-05-09 21:43:48] - [0.00340044 0.00340044 0.        ] 0.02224093209952116
[2022-05-09 21:43:48] - evaluating...
[2022-05-09 21:43:48] - valid 0.017939, test 0.035300
[2022-05-09 21:43:48] - Epoch: 82
[2022-05-09 21:43:48] - training...
[2022-05-09 21:43:48] - [0.00261336 0.00261336 0.        ] 0.023077812201033037
[2022-05-09 21:43:48] - evaluating...
[2022-05-09 21:43:49] - valid 0.254005, test 0.246165
[2022-05-09 21:43:49] - Epoch: 83
[2022-05-09 21:43:49] - training...
[2022-05-09 21:43:49] - [0.00210425 0.00210425 0.        ] 0.020995143180092175
[2022-05-09 21:43:49] - evaluating...
[2022-05-09 21:43:49] - valid 0.279205, test 0.264527
[2022-05-09 21:43:49] - Epoch: 84
[2022-05-09 21:43:49] - training...
[2022-05-09 21:43:49] - [0.00365731 0.00365731 0.        ] 0.026518595404922962
[2022-05-09 21:43:49] - evaluating...
[2022-05-09 21:43:49] - valid 0.211630, test 0.208910
[2022-05-09 21:43:49] - Epoch: 85
[2022-05-09 21:43:49] - training...
[2022-05-09 21:43:49] - [0.00300754 0.00300754 0.        ] 0.024121657945215702
[2022-05-09 21:43:49] - evaluating...
[2022-05-09 21:43:49] - valid 0.142372, test 0.131639
[2022-05-09 21:43:49] - Epoch: 86
[2022-05-09 21:43:49] - training...
[2022-05-09 21:43:49] - [0.00280549 0.00280549 0.        ] 0.022809520363807678
[2022-05-09 21:43:49] - evaluating...
[2022-05-09 21:43:49] - valid 0.027591, test 0.031369
[2022-05-09 21:43:49] - Epoch: 87
[2022-05-09 21:43:49] - training...
[2022-05-09 21:43:49] - [0.0018572 0.0018572 0.       ] 0.019681750020633142
[2022-05-09 21:43:49] - evaluating...
[2022-05-09 21:43:49] - valid 0.301372, test 0.291037
[2022-05-09 21:43:49] - Epoch: 88
[2022-05-09 21:43:49] - training...
[2022-05-09 21:43:49] - [0.0032984 0.0032984 0.       ] 0.028516029007732868
[2022-05-09 21:43:49] - evaluating...
[2022-05-09 21:43:49] - valid 0.024569, test 0.033583
[2022-05-09 21:43:49] - Epoch: 89
[2022-05-09 21:43:49] - training...
[2022-05-09 21:43:49] - [0.00301009 0.00301009 0.        ] 0.024166374001652002
[2022-05-09 21:43:49] - evaluating...
[2022-05-09 21:43:49] - valid 0.302958, test 0.303900
[2022-05-09 21:43:49] - Epoch: 90
[2022-05-09 21:43:49] - training...
[2022-05-09 21:43:49] - [0.00227918 0.00227918 0.        ] 0.02242714414993922
[2022-05-09 21:43:49] - evaluating...
[2022-05-09 21:43:49] - valid 0.227942, test 0.222646
[2022-05-09 21:43:49] - Epoch: 91
[2022-05-09 21:43:49] - training...
[2022-05-09 21:43:50] - [0.00232243 0.00232243 0.        ] 0.020054063914964598
[2022-05-09 21:43:50] - evaluating...
[2022-05-09 21:43:50] - valid 0.036561, test 0.035977
[2022-05-09 21:43:50] - Epoch: 92
[2022-05-09 21:43:50] - training...
[2022-05-09 21:43:50] - [0.00254918 0.00254918 0.        ] 0.024021420627832413
[2022-05-09 21:43:50] - evaluating...
[2022-05-09 21:43:50] - valid 0.150323, test 0.137659
[2022-05-09 21:43:50] - Epoch: 93
[2022-05-09 21:43:50] - training...
[2022-05-09 21:43:50] - [0.00282248 0.00282248 0.        ] 0.02237962915872534
[2022-05-09 21:43:50] - evaluating...
[2022-05-09 21:43:50] - valid 0.088793, test 0.087855
[2022-05-09 21:43:50] - Epoch: 94
[2022-05-09 21:43:50] - training...
[2022-05-09 21:43:50] - [0.00285325 0.00285325 0.        ] 0.025903106356660526
[2022-05-09 21:43:50] - evaluating...
[2022-05-09 21:43:50] - valid 0.118059, test 0.105804
[2022-05-09 21:43:50] - early stop
[2022-05-09 21:43:50] - best val score: 0.0002535022886149818 @ 54
[2022-05-09 21:43:50] - inference...
[2022-05-09 21:43:50] - MSE: train 0.000687, valid 0.000240, test 0.000425
[2022-05-09 21:43:50] - L1:  train 0.016320, valid 0.011322, test 0.013292
[2022-05-09 21:43:50] - RMSE: train 0.024912, valid 0.015134, test 0.018878
[2022-05-09 21:43:50] - Finished.
